Log file open, 03/15/22 00:06:07
LogWindows: Failed to load 'aqProf.dll' (GetLastError=126)
LogWindows: File 'aqProf.dll' does not exist
LogWindows: Failed to load 'VtuneApi.dll' (GetLastError=126)
LogWindows: File 'VtuneApi.dll' does not exist
LogWindows: Failed to load 'VtuneApi32e.dll' (GetLastError=126)
LogWindows: File 'VtuneApi32e.dll' does not exist
LogConsoleResponse: Display: Failed to find resolution value strings in scalability ini. Falling back to default.
LogConsoleResponse: Display: Failed to find resolution value strings in scalability ini. Falling back to default.
LogInit: Display: Running engine for game: DU_Project
LogPlatformFile: Not using cached read wrapper
LogTaskGraph: Started task graph with 5 named threads and 47 total threads with 3 sets of task threads.
LogStats: Stats thread started at 0.581000
LogICUInternationalization: ICU TimeZone Detection - Raw Offset: +9:00, Platform Override: ''
LogInit: Display: Loading text-based GConfig....
LogPluginManager: Mounting plugin MeshPainting
LogPluginManager: Mounting plugin XGEController
LogPluginManager: Mounting plugin Paper2D
LogPluginManager: Mounting plugin LiveLink
LogPluginManager: Mounting plugin AISupport
LogPluginManager: Mounting plugin EnvironmentQueryEditor
LogPluginManager: Mounting plugin LightPropagationVolume
LogPluginManager: Mounting plugin CameraShakePreviewer
LogPluginManager: Mounting plugin GameplayCameras
LogPluginManager: Mounting plugin OodleData
LogPluginManager: Mounting plugin OodleNetwork
LogPluginManager: Mounting plugin AssetManagerEditor
LogPluginManager: Mounting plugin CryptoKeys
LogPluginManager: Mounting plugin CurveEditorTools
LogPluginManager: Mounting plugin DataValidation
LogPluginManager: Mounting plugin FacialAnimation
LogPluginManager: Mounting plugin GameplayTagsEditor
LogPluginManager: Mounting plugin GeometryMode
LogPluginManager: Mounting plugin MacGraphicsSwitching
LogPluginManager: Mounting plugin MaterialAnalyzer
LogPluginManager: Mounting plugin MobileLauncherProfileWizard
LogPluginManager: Mounting plugin PluginBrowser
LogPluginManager: Mounting plugin SpeedTreeImporter
LogPluginManager: Mounting plugin VariantManagerContent
LogPluginManager: Mounting plugin AlembicImporter
LogPluginManager: Mounting plugin AutomationUtils
LogPluginManager: Mounting plugin BackChannel
LogPluginManager: Mounting plugin ChaosCloth
LogPluginManager: Mounting plugin ChaosEditor
LogPluginManager: Mounting plugin ChaosClothEditor
LogPluginManager: Mounting plugin ChaosNiagara
LogPluginManager: Mounting plugin ChaosSolverPlugin
LogPluginManager: Mounting plugin CharacterAI
LogPluginManager: Mounting plugin GeometryCache
LogPluginManager: Mounting plugin GeometryCollectionPlugin
LogPluginManager: Mounting plugin Niagara
LogPluginManager: Mounting plugin MotoSynth
LogPluginManager: Mounting plugin OpenImageDenoise
LogPluginManager: Mounting plugin PlatformCrypto
LogPluginManager: Mounting plugin PlanarCut
LogPluginManager: Mounting plugin ProxyLODPlugin
LogPluginManager: Mounting plugin PythonScriptPlugin
LogPluginManager: Mounting plugin GeometryProcessing
LogPluginManager: Mounting plugin SkeletalReduction
LogPluginManager: Mounting plugin AndroidMedia
LogPluginManager: Mounting plugin AvfMedia
LogPluginManager: Mounting plugin ImgMedia
LogPluginManager: Mounting plugin MediaCompositing
LogPluginManager: Mounting plugin MediaPlayerEditor
LogPluginManager: Mounting plugin WebMMedia
LogPluginManager: Mounting plugin LuminPlatformFeatures
LogPluginManager: Mounting plugin WmfMedia
LogPluginManager: Mounting plugin MagicLeap
LogPluginManager: Mounting plugin MagicLeapLightEstimation
LogPluginManager: Mounting plugin MagicLeapMedia
LogPluginManager: Mounting plugin MagicLeapPassableWorld
LogPluginManager: Mounting plugin MLSDK
LogPluginManager: Mounting plugin TcpMessaging
LogPluginManager: Mounting plugin UdpMessaging
LogPluginManager: Mounting plugin ActorSequence
LogPluginManager: Mounting plugin LevelSequenceEditor
LogPluginManager: Mounting plugin MatineeToLevelSequence
LogPluginManager: Mounting plugin TemplateSequence
LogPluginManager: Mounting plugin LauncherChunkInstaller
LogPluginManager: Mounting plugin OnlineSubsystemNull
LogPluginManager: Mounting plugin OnlineSubsystemUtils
LogPluginManager: Mounting plugin ActorLayerUtilities
LogPluginManager: Mounting plugin AndroidDeviceProfileSelector
LogPluginManager: Mounting plugin AndroidMoviePlayer
LogPluginManager: Mounting plugin AndroidPermission
LogPluginManager: Mounting plugin OnlineSubsystem
LogPluginManager: Mounting plugin AppleImageUtils
LogPluginManager: Mounting plugin AssetTags
LogPluginManager: Mounting plugin ArchVisCharacter
LogPluginManager: Mounting plugin AudioCapture
LogPluginManager: Mounting plugin AudioSynesthesia
LogPluginManager: Mounting plugin CableComponent
LogPluginManager: Mounting plugin ChunkDownloader
LogPluginManager: Mounting plugin CustomMeshComponent
LogPluginManager: Mounting plugin EditableMesh
LogPluginManager: Mounting plugin ExampleDeviceProfileSelector
LogPluginManager: Mounting plugin GooglePAD
LogPluginManager: Mounting plugin DatasmithContent
LogPluginManager: Mounting plugin IOSDeviceProfileSelector
LogPluginManager: Mounting plugin LinuxDeviceProfileSelector
LogPluginManager: Mounting plugin LocationServicesBPLibrary
LogPluginManager: Mounting plugin MobilePatchingUtils
LogPluginManager: Mounting plugin AppleMoviePlayer
LogPluginManager: Mounting plugin OpenXREyeTracker
LogPluginManager: Mounting plugin OpenXRHandTracking
LogPluginManager: Mounting plugin PhysXVehicles
LogPluginManager: Mounting plugin ScreenshotTools
LogPluginManager: Mounting plugin ProceduralMeshComponent
LogPluginManager: Mounting plugin PropertyAccessEditor
LogPluginManager: Mounting plugin SignificanceManager
LogPluginManager: Mounting plugin RuntimePhysXCooking
LogPluginManager: Mounting plugin SoundFields
LogPluginManager: Mounting plugin OpenXR
LogPluginManager: Mounting plugin Synthesis
LogPluginManager: Mounting plugin WebMMoviePlayer
LogPluginManager: Mounting plugin WindowsMoviePlayer
LogPluginManager: Mounting plugin Takes
LogPluginManager: Mounting plugin AnimationSharing
LogPluginManager: Mounting plugin CLionSourceCodeAccess
LogPluginManager: Mounting plugin CodeLiteSourceCodeAccess
LogPluginManager: Mounting plugin GitSourceControl
LogPluginManager: Mounting plugin NullSourceCodeAccess
LogPluginManager: Mounting plugin KDevelopSourceCodeAccess
LogPluginManager: Mounting plugin PerforceSourceControl
LogPluginManager: Mounting plugin PixWinPlugin
LogPluginManager: Mounting plugin PluginUtils
LogPluginManager: Mounting plugin PlasticSourceControl
LogPluginManager: Mounting plugin PropertyAccessNode
LogPluginManager: Mounting plugin SubversionSourceControl
LogPluginManager: Mounting plugin RiderSourceCodeAccess
LogPluginManager: Mounting plugin UObjectPlugin
LogPluginManager: Mounting plugin VisualStudioCodeSourceCodeAccess
LogPluginManager: Mounting plugin XCodeSourceCodeAccess
LogPluginManager: Mounting plugin GoogleCloudMessaging
LogPluginManager: Mounting plugin TextureFormatOodle
LogPluginManager: Mounting plugin VisualStudioSourceCodeAccess
LogPluginManager: Mounting plugin PostSplashScreen
LogPluginManager: Mounting plugin ContentBrowserAssetDataSource
LogPluginManager: Mounting plugin ContentBrowserClassDataSource
LogPluginManager: Mounting plugin ContentBrowserFileDataSource
LogPluginManager: Mounting plugin OnlineSubsystemGooglePlay
LogPluginManager: Mounting plugin OnlineSubsystemIOS
LogPluginManager: Mounting plugin SteamVR
LogPluginManager: Mounting plugin OculusVR
LogInit: Using libcurl 7.55.1-DEV
LogInit:  - built for x86_64-pc-win32
LogInit:  - supports SSL with OpenSSL/1.1.1
LogInit:  - supports HTTP deflate (compression) using libz 1.2.8
LogInit:  - other features:
LogInit:      CURL_VERSION_SSL
LogInit:      CURL_VERSION_LIBZ
LogInit:      CURL_VERSION_IPV6
LogInit:      CURL_VERSION_ASYNCHDNS
LogInit:      CURL_VERSION_LARGEFILE
LogInit:      CURL_VERSION_IDN
LogInit:  CurlRequestOptions (configurable via config and command line):
LogInit:  - bVerifyPeer = true  - Libcurl will verify peer certificate
LogInit:  - bUseHttpProxy = false  - Libcurl will NOT use HTTP proxy
LogInit:  - bDontReuseConnections = false  - Libcurl will reuse connections
LogInit:  - MaxHostConnections = 16  - Libcurl will limit the number of connections to a host
LogInit:  - LocalHostAddr = Default
LogInit:  - BufferSize = 65536
LogOnline: OSS: Creating online subsystem instance for: NULL
LogInit: WinSock: version 1.1 (2.2), MaxSocks=32767, MaxUdp=65467
LogOnline: OSS: TryLoadSubsystemAndSetDefault: Loaded subsystem for module [NULL]
PixWinPlugin: PIX capture plugin failed to initialize! Check that the process is launched from PIX.
LogOculusPluginWrapper: OculusPlugin initialized successfully
LogHMD: Failed initializing OVRPlugin 1.59.0
LogInit: Build: ++UE4+Release-4.27-CL-18319896
LogInit: Engine Version: 4.27.2-18319896+++UE4+Release-4.27
LogInit: Compatible Engine Version: 4.27.0-17155196+++UE4+Release-4.27
LogInit: Net CL: 17155196
LogInit: OS: Windows 10 (Release 2009) (), CPU: AMD Ryzen 9 4900HS with Radeon Graphics         , GPU: AMD Radeon(TM) Graphics
LogInit: Compiled (64-bit): Nov 30 2021 07:12:08
LogInit: Compiled with Visual C++: 19.24.28315.00
LogInit: Build Configuration: Development
LogInit: Branch Name: ++UE4+Release-4.27
LogInit: Command Line:  -skipcompile
LogInit: Base Directory: C:/Program Files/Epic Games/UE_4.27/Engine/Binaries/Win64/
LogInit: Allocator: TBB
LogInit: Installed Engine Build: 1
LogDevObjectVersion: Number of dev versions registered: 29
LogDevObjectVersion:   Dev-Blueprints (B0D832E4-1F89-4F0D-ACCF-7EB736FD4AA2): 10
LogDevObjectVersion:   Dev-Build (E1C64328-A22C-4D53-A36C-8E866417BD8C): 0
LogDevObjectVersion:   Dev-Core (375EC13C-06E4-48FB-B500-84F0262A717E): 4
LogDevObjectVersion:   Dev-Editor (E4B068ED-F494-42E9-A231-DA0B2E46BB41): 40
LogDevObjectVersion:   Dev-Framework (CFFC743F-43B0-4480-9391-14DF171D2073): 37
LogDevObjectVersion:   Dev-Mobile (B02B49B5-BB20-44E9-A304-32B752E40360): 3
LogDevObjectVersion:   Dev-Networking (A4E4105C-59A1-49B5-A7C5-40C4547EDFEE): 0
LogDevObjectVersion:   Dev-Online (39C831C9-5AE6-47DC-9A44-9C173E1C8E7C): 0
LogDevObjectVersion:   Dev-Physics (78F01B33-EBEA-4F98-B9B4-84EACCB95AA2): 14
LogDevObjectVersion:   Dev-Platform (6631380F-2D4D-43E0-8009-CF276956A95A): 0
LogDevObjectVersion:   Dev-Rendering (12F88B9F-8875-4AFC-A67C-D90C383ABD29): 45
LogDevObjectVersion:   Dev-Sequencer (7B5AE74C-D270-4C10-A958-57980B212A5A): 13
LogDevObjectVersion:   Dev-VR (D7296918-1DD6-4BDD-9DE2-64A83CC13884): 3
LogDevObjectVersion:   Dev-LoadTimes (C2A15278-BFE7-4AFE-6C17-90FF531DF755): 1
LogDevObjectVersion:   Private-Geometry (6EACA3D4-40EC-4CC1-B786-8BED09428FC5): 3
LogDevObjectVersion:   Dev-AnimPhys (29E575DD-E0A3-4627-9D10-D276232CDCEA): 17
LogDevObjectVersion:   Dev-Anim (AF43A65D-7FD3-4947-9873-3E8ED9C1BB05): 15
LogDevObjectVersion:   Dev-ReflectionCapture (6B266CEC-1EC7-4B8F-A30B-E4D90942FC07): 1
LogDevObjectVersion:   Dev-Automation (0DF73D61-A23F-47EA-B727-89E90C41499A): 1
LogDevObjectVersion:   FortniteMain (601D1886-AC64-4F84-AA16-D3DE0DEAC7D6): 47
LogDevObjectVersion:   FortniteRelease (E7086368-6B23-4C58-8439-1B7016265E91): 1
LogDevObjectVersion:   Dev-Enterprise (9DFFBCD6-494F-0158-E221-12823C92A888): 10
LogDevObjectVersion:   Dev-Niagara (F2AED0AC-9AFE-416F-8664-AA7FFA26D6FC): 1
LogDevObjectVersion:   Dev-Destruction (174F1F0B-B4C6-45A5-B13F-2EE8D0FB917D): 10
LogDevObjectVersion:   Dev-Physics-Ext (35F94A83-E258-406C-A318-09F59610247C): 41
LogDevObjectVersion:   Dev-PhysicsMaterial-Chaos (B68FC16E-8B1B-42E2-B453-215C058844FE): 1
LogDevObjectVersion:   Dev-CineCamera (B2E18506-4273-CFC2-A54E-F4BB758BBA07): 1
LogDevObjectVersion:   Dev-VirtualProduction (64F58936-FD1B-42BA-BA96-7289D5D0FA4E): 1
LogDevObjectVersion:   Dev-MediaFramework (6F0ED827-A609-4895-9C91-998D90180EA4): 2
LogInit: Presizing for max 25165824 objects, including 0 objects not considered by GC, pre-allocating 0 bytes for permanent pool.
LogConfig: Applying CVar settings from Section [/Script/Engine.StreamingSettings] File [D:/Collabs/DU/Unleash/Source/Saved/Config/Windows/Engine.ini]
LogConfig: Setting CVar [[s.MinBulkDataSizeForAsyncLoading:131072]]
LogConfig: Setting CVar [[s.AsyncLoadingThreadEnabled:0]]
LogConfig: Setting CVar [[s.EventDrivenLoaderEnabled:1]]
LogConfig: Setting CVar [[s.WarnIfTimeLimitExceeded:0]]
LogConfig: Setting CVar [[s.TimeLimitExceededMultiplier:1.5]]
LogConfig: Setting CVar [[s.TimeLimitExceededMinTime:0.005]]
LogConfig: Setting CVar [[s.UseBackgroundLevelStreaming:1]]
LogConfig: Setting CVar [[s.PriorityAsyncLoadingExtraTime:15.0]]
LogConfig: Setting CVar [[s.LevelStreamingActorsUpdateTimeLimit:5.0]]
LogConfig: Setting CVar [[s.PriorityLevelStreamingActorsUpdateExtraTime:5.0]]
LogConfig: Setting CVar [[s.LevelStreamingComponentsRegistrationGranularity:10]]
LogConfig: Setting CVar [[s.UnregisterComponentsTimeLimit:1.0]]
LogConfig: Setting CVar [[s.LevelStreamingComponentsUnregistrationGranularity:5]]
LogConfig: Setting CVar [[s.FlushStreamingOnExit:1]]
LogInit: Object subsystem initialized
LogConfig: Setting CVar [[con.DebugEarlyDefault:1]]
LogConfig: Setting CVar [[r.setres:1280x720]]
[2022.03.14-15.06.08:768][  0]LogConfig: Setting CVar [[r.VSync:0]]
[2022.03.14-15.06.08:768][  0]LogConfig: Setting CVar [[r.RHICmdBypass:0]]
[2022.03.14-15.06.08:768][  0]LogConfig: Applying CVar settings from Section [/Script/Engine.RendererSettings] File [D:/Collabs/DU/Unleash/Source/Saved/Config/Windows/Engine.ini]
[2022.03.14-15.06.08:768][  0]LogConfig: Setting CVar [[r.GPUCrashDebugging:0]]
[2022.03.14-15.06.08:768][  0]LogConfig: Applying CVar settings from Section [/Script/Engine.RendererOverrideSettings] File [D:/Collabs/DU/Unleash/Source/Saved/Config/Windows/Engine.ini]
[2022.03.14-15.06.08:769][  0]LogConfig: Applying CVar settings from Section [/Script/Engine.StreamingSettings] File [D:/Collabs/DU/Unleash/Source/Saved/Config/Windows/Engine.ini]
[2022.03.14-15.06.08:769][  0]LogConfig: Setting CVar [[s.MinBulkDataSizeForAsyncLoading:131072]]
[2022.03.14-15.06.08:769][  0]LogConfig: Setting CVar [[s.AsyncLoadingThreadEnabled:0]]
[2022.03.14-15.06.08:769][  0]LogConfig: Setting CVar [[s.EventDrivenLoaderEnabled:1]]
[2022.03.14-15.06.08:769][  0]LogConfig: Setting CVar [[s.WarnIfTimeLimitExceeded:0]]
[2022.03.14-15.06.08:769][  0]LogConfig: Setting CVar [[s.TimeLimitExceededMultiplier:1.5]]
[2022.03.14-15.06.08:769][  0]LogConfig: Setting CVar [[s.TimeLimitExceededMinTime:0.005]]
[2022.03.14-15.06.08:769][  0]LogConfig: Setting CVar [[s.UseBackgroundLevelStreaming:1]]
[2022.03.14-15.06.08:769][  0]LogConfig: Setting CVar [[s.PriorityAsyncLoadingExtraTime:15.0]]
[2022.03.14-15.06.08:769][  0]LogConfig: Setting CVar [[s.LevelStreamingActorsUpdateTimeLimit:5.0]]
[2022.03.14-15.06.08:769][  0]LogConfig: Setting CVar [[s.PriorityLevelStreamingActorsUpdateExtraTime:5.0]]
[2022.03.14-15.06.08:769][  0]LogConfig: Setting CVar [[s.LevelStreamingComponentsRegistrationGranularity:10]]
[2022.03.14-15.06.08:770][  0]LogConfig: Setting CVar [[s.UnregisterComponentsTimeLimit:1.0]]
[2022.03.14-15.06.08:770][  0]LogConfig: Setting CVar [[s.LevelStreamingComponentsUnregistrationGranularity:5]]
[2022.03.14-15.06.08:770][  0]LogConfig: Setting CVar [[s.FlushStreamingOnExit:1]]
[2022.03.14-15.06.08:770][  0]LogConfig: Applying CVar settings from Section [/Script/Engine.GarbageCollectionSettings] File [D:/Collabs/DU/Unleash/Source/Saved/Config/Windows/Engine.ini]
[2022.03.14-15.06.08:770][  0]LogConfig: Setting CVar [[gc.MaxObjectsNotConsideredByGC:1]]
[2022.03.14-15.06.08:770][  0]LogConfig: Setting CVar [[gc.SizeOfPermanentObjectPool:0]]
[2022.03.14-15.06.08:770][  0]LogConfig: Setting CVar [[gc.FlushStreamingOnGC:0]]
[2022.03.14-15.06.08:770][  0]LogConfig: Setting CVar [[gc.NumRetriesBeforeForcingGC:10]]
[2022.03.14-15.06.08:770][  0]LogConfig: Setting CVar [[gc.AllowParallelGC:1]]
[2022.03.14-15.06.08:770][  0]LogConfig: Setting CVar [[gc.TimeBetweenPurgingPendingKillObjects:61.1]]
[2022.03.14-15.06.08:770][  0]LogConfig: Setting CVar [[gc.MaxObjectsInEditor:25165824]]
[2022.03.14-15.06.08:770][  0]LogConfig: Setting CVar [[gc.IncrementalBeginDestroyEnabled:1]]
[2022.03.14-15.06.08:770][  0]LogConfig: Setting CVar [[gc.CreateGCClusters:1]]
[2022.03.14-15.06.08:770][  0]LogConfig: Setting CVar [[gc.MinGCClusterSize:5]]
[2022.03.14-15.06.08:770][  0]LogConfig: Setting CVar [[gc.ActorClusteringEnabled:0]]
[2022.03.14-15.06.08:771][  0]LogConfig: Setting CVar [[gc.BlueprintClusteringEnabled:0]]
[2022.03.14-15.06.08:771][  0]LogConfig: Setting CVar [[gc.UseDisregardForGCOnDedicatedServers:0]]
[2022.03.14-15.06.08:771][  0]LogConfig: Setting CVar [[gc.MultithreadedDestructionEnabled:1]]
[2022.03.14-15.06.08:771][  0]LogConfig: Applying CVar settings from Section [/Script/Engine.NetworkSettings] File [D:/Collabs/DU/Unleash/Source/Saved/Config/Windows/Engine.ini]
[2022.03.14-15.06.08:771][  0]LogConfig: Applying CVar settings from Section [/Script/UnrealEd.CookerSettings] File [D:/Collabs/DU/Unleash/Source/Saved/Config/Windows/Engine.ini]
[2022.03.14-15.06.08:802][  0]LogConfig: Applying CVar settings from Section [ViewDistanceQuality@3] File [D:/Collabs/DU/Unleash/Source/Saved/Config/Windows/Scalability.ini]
[2022.03.14-15.06.08:802][  0]LogConfig: Setting CVar [[r.SkeletalMeshLODBias:0]]
[2022.03.14-15.06.08:802][  0]LogConfig: Setting CVar [[r.ViewDistanceScale:1.0]]
[2022.03.14-15.06.08:802][  0]LogConfig: Applying CVar settings from Section [AntiAliasingQuality@3] File [D:/Collabs/DU/Unleash/Source/Saved/Config/Windows/Scalability.ini]
[2022.03.14-15.06.08:803][  0]LogConfig: Setting CVar [[r.PostProcessAAQuality:4]]
[2022.03.14-15.06.08:803][  0]LogConfig: Applying CVar settings from Section [ShadowQuality@3] File [D:/Collabs/DU/Unleash/Source/Saved/Config/Windows/Scalability.ini]
[2022.03.14-15.06.08:803][  0]LogConfig: Setting CVar [[r.LightFunctionQuality:1]]
[2022.03.14-15.06.08:803][  0]LogConfig: Setting CVar [[r.ShadowQuality:5]]
[2022.03.14-15.06.08:803][  0]LogConfig: Setting CVar [[r.Shadow.CSM.MaxCascades:10]]
[2022.03.14-15.06.08:803][  0]LogConfig: Setting CVar [[r.Shadow.MaxResolution:2048]]
[2022.03.14-15.06.08:803][  0]LogConfig: Setting CVar [[r.Shadow.MaxCSMResolution:2048]]
[2022.03.14-15.06.08:803][  0]LogConfig: Setting CVar [[r.Shadow.RadiusThreshold:0.01]]
[2022.03.14-15.06.08:803][  0]LogConfig: Setting CVar [[r.Shadow.DistanceScale:1.0]]
[2022.03.14-15.06.08:803][  0]LogConfig: Setting CVar [[r.Shadow.CSM.TransitionScale:1.0]]
[2022.03.14-15.06.08:803][  0]LogConfig: Setting CVar [[r.Shadow.PreShadowResolutionFactor:1.0]]
[2022.03.14-15.06.08:804][  0]LogConfig: Setting CVar [[r.DistanceFieldShadowing:1]]
[2022.03.14-15.06.08:804][  0]LogConfig: Setting CVar [[r.DistanceFieldAO:1]]
[2022.03.14-15.06.08:804][  0]LogConfig: Setting CVar [[r.AOQuality:2]]
[2022.03.14-15.06.08:804][  0]LogConfig: Setting CVar [[r.VolumetricFog:1]]
[2022.03.14-15.06.08:804][  0]LogConfig: Setting CVar [[r.VolumetricFog.GridPixelSize:8]]
[2022.03.14-15.06.08:804][  0]LogConfig: Setting CVar [[r.VolumetricFog.GridSizeZ:128]]
[2022.03.14-15.06.08:804][  0]LogConfig: Setting CVar [[r.VolumetricFog.HistoryMissSupersampleCount:4]]
[2022.03.14-15.06.08:804][  0]LogConfig: Setting CVar [[r.LightMaxDrawDistanceScale:1]]
[2022.03.14-15.06.08:804][  0]LogConfig: Setting CVar [[r.CapsuleShadows:1]]
[2022.03.14-15.06.08:804][  0]LogConfig: Applying CVar settings from Section [PostProcessQuality@3] File [D:/Collabs/DU/Unleash/Source/Saved/Config/Windows/Scalability.ini]
[2022.03.14-15.06.08:804][  0]LogConfig: Setting CVar [[r.MotionBlurQuality:4]]
[2022.03.14-15.06.08:805][  0]LogConfig: Setting CVar [[r.AmbientOcclusionMipLevelFactor:0.4]]
[2022.03.14-15.06.08:805][  0]LogConfig: Setting CVar [[r.AmbientOcclusionMaxQuality:100]]
[2022.03.14-15.06.08:805][  0]LogConfig: Setting CVar [[r.AmbientOcclusionLevels:-1]]
[2022.03.14-15.06.08:805][  0]LogConfig: Setting CVar [[r.AmbientOcclusionRadiusScale:1.0]]
[2022.03.14-15.06.08:806][  0]LogConfig: Setting CVar [[r.DepthOfFieldQuality:2]]
[2022.03.14-15.06.08:806][  0]LogConfig: Setting CVar [[r.RenderTargetPoolMin:400]]
[2022.03.14-15.06.08:806][  0]LogConfig: Setting CVar [[r.LensFlareQuality:2]]
[2022.03.14-15.06.08:806][  0]LogConfig: Setting CVar [[r.SceneColorFringeQuality:1]]
[2022.03.14-15.06.08:806][  0]LogConfig: Setting CVar [[r.EyeAdaptationQuality:2]]
[2022.03.14-15.06.08:806][  0]LogConfig: Setting CVar [[r.BloomQuality:5]]
[2022.03.14-15.06.08:806][  0]LogConfig: Setting CVar [[r.FastBlurThreshold:100]]
[2022.03.14-15.06.08:806][  0]LogConfig: Setting CVar [[r.Upscale.Quality:3]]
[2022.03.14-15.06.08:806][  0]LogConfig: Setting CVar [[r.Tonemapper.GrainQuantization:1]]
[2022.03.14-15.06.08:807][  0]LogConfig: Setting CVar [[r.LightShaftQuality:1]]
[2022.03.14-15.06.08:807][  0]LogConfig: Setting CVar [[r.Filter.SizeScale:1]]
[2022.03.14-15.06.08:807][  0]LogConfig: Setting CVar [[r.Tonemapper.Quality:5]]
[2022.03.14-15.06.08:807][  0]LogConfig: Setting CVar [[r.DOF.Gather.AccumulatorQuality:1        ; higher gathering accumulator quality]]
[2022.03.14-15.06.08:807][  0]LogConfig: Setting CVar [[r.DOF.Gather.PostfilterMethod:1          ; Median3x3 postfilering method]]
[2022.03.14-15.06.08:807][  0]LogConfig: Setting CVar [[r.DOF.Gather.EnableBokehSettings:0       ; no bokeh simulation when gathering]]
[2022.03.14-15.06.08:807][  0]LogConfig: Setting CVar [[r.DOF.Gather.RingCount:4                 ; medium number of samples when gathering]]
[2022.03.14-15.06.08:807][  0]LogConfig: Setting CVar [[r.DOF.Scatter.ForegroundCompositing:1    ; additive foreground scattering]]
[2022.03.14-15.06.08:807][  0]LogConfig: Setting CVar [[r.DOF.Scatter.BackgroundCompositing:2    ; additive background scattering]]
[2022.03.14-15.06.08:807][  0]LogConfig: Setting CVar [[r.DOF.Scatter.EnableBokehSettings:1      ; bokeh simulation when scattering]]
[2022.03.14-15.06.08:807][  0]LogConfig: Setting CVar [[r.DOF.Scatter.MaxSpriteRatio:0.1         ; only a maximum of 10% of scattered bokeh]]
[2022.03.14-15.06.08:807][  0]LogConfig: Setting CVar [[r.DOF.Recombine.Quality:1                ; cheap slight out of focus]]
[2022.03.14-15.06.08:808][  0]LogConfig: Setting CVar [[r.DOF.Recombine.EnableBokehSettings:0    ; no bokeh simulation on slight out of focus]]
[2022.03.14-15.06.08:808][  0]LogConfig: Setting CVar [[r.DOF.TemporalAAQuality:1                ; more stable temporal accumulation]]
[2022.03.14-15.06.08:808][  0]LogConfig: Setting CVar [[r.DOF.Kernel.MaxForegroundRadius:0.025]]
[2022.03.14-15.06.08:808][  0]LogConfig: Setting CVar [[r.DOF.Kernel.MaxBackgroundRadius:0.025]]
[2022.03.14-15.06.08:808][  0]LogConfig: Applying CVar settings from Section [TextureQuality@3] File [D:/Collabs/DU/Unleash/Source/Saved/Config/Windows/Scalability.ini]
[2022.03.14-15.06.08:808][  0]LogConfig: Setting CVar [[r.Streaming.MipBias:0]]
[2022.03.14-15.06.08:809][  0]LogConfig: Setting CVar [[r.Streaming.AmortizeCPUToGPUCopy:0]]
[2022.03.14-15.06.08:809][  0]LogConfig: Setting CVar [[r.Streaming.MaxNumTexturesToStreamPerFrame:0]]
[2022.03.14-15.06.08:809][  0]LogConfig: Setting CVar [[r.Streaming.Boost:1]]
[2022.03.14-15.06.08:809][  0]LogConfig: Setting CVar [[r.MaxAnisotropy:8]]
[2022.03.14-15.06.08:809][  0]LogConfig: Setting CVar [[r.VT.MaxAnisotropy:8]]
[2022.03.14-15.06.08:809][  0]LogConfig: Setting CVar [[r.Streaming.LimitPoolSizeToVRAM:0]]
[2022.03.14-15.06.08:809][  0]LogConfig: Setting CVar [[r.Streaming.PoolSize:1000]]
[2022.03.14-15.06.08:809][  0]LogConfig: Setting CVar [[r.Streaming.MaxEffectiveScreenSize:0]]
[2022.03.14-15.06.08:809][  0]LogConfig: Applying CVar settings from Section [EffectsQuality@3] File [D:/Collabs/DU/Unleash/Source/Saved/Config/Windows/Scalability.ini]
[2022.03.14-15.06.08:809][  0]LogConfig: Setting CVar [[r.TranslucencyLightingVolumeDim:64]]
[2022.03.14-15.06.08:810][  0]LogConfig: Setting CVar [[r.RefractionQuality:2]]
[2022.03.14-15.06.08:810][  0]LogConfig: Setting CVar [[r.SSR.Quality:3]]
[2022.03.14-15.06.08:810][  0]LogConfig: Setting CVar [[r.SSR.HalfResSceneColor:0]]
[2022.03.14-15.06.08:810][  0]LogConfig: Setting CVar [[r.SceneColorFormat:4]]
[2022.03.14-15.06.08:810][  0]LogConfig: Setting CVar [[r.DetailMode:2]]
[2022.03.14-15.06.08:810][  0]LogConfig: Setting CVar [[r.TranslucencyVolumeBlur:1]]
[2022.03.14-15.06.08:811][  0]LogConfig: Setting CVar [[r.MaterialQualityLevel:1 ; High quality]]
[2022.03.14-15.06.08:811][  0]LogConfig: Setting CVar [[r.AnisotropicMaterials:1]]
[2022.03.14-15.06.08:812][  0]LogConfig: Setting CVar [[r.SSS.Scale:1]]
[2022.03.14-15.06.08:812][  0]LogConfig: Setting CVar [[r.SSS.SampleSet:2]]
[2022.03.14-15.06.08:812][  0]LogConfig: Setting CVar [[r.SSS.Quality:1]]
[2022.03.14-15.06.08:812][  0]LogConfig: Setting CVar [[r.SSS.HalfRes:0]]
[2022.03.14-15.06.08:812][  0]LogConfig: Setting CVar [[r.SSGI.Quality:3]]
[2022.03.14-15.06.08:812][  0]LogConfig: Setting CVar [[r.EmitterSpawnRateScale:1.0]]
[2022.03.14-15.06.08:812][  0]LogConfig: Setting CVar [[r.ParticleLightQuality:2]]
[2022.03.14-15.06.08:812][  0]LogConfig: Setting CVar [[r.SkyAtmosphere.AerialPerspectiveLUT.FastApplyOnOpaque:1 ; Always have FastSkyLUT 1 in this case to avoid wrong sky]]
[2022.03.14-15.06.08:812][  0]LogConfig: Setting CVar [[r.SkyAtmosphere.AerialPerspectiveLUT.SampleCountMaxPerSlice:4]]
[2022.03.14-15.06.08:812][  0]LogConfig: Setting CVar [[r.SkyAtmosphere.AerialPerspectiveLUT.DepthResolution:16.0]]
[2022.03.14-15.06.08:812][  0]LogConfig: Setting CVar [[r.SkyAtmosphere.FastSkyLUT:1]]
[2022.03.14-15.06.08:812][  0]LogConfig: Setting CVar [[r.SkyAtmosphere.FastSkyLUT.SampleCountMin:4.0]]
[2022.03.14-15.06.08:813][  0]LogConfig: Setting CVar [[r.SkyAtmosphere.FastSkyLUT.SampleCountMax:128.0]]
[2022.03.14-15.06.08:813][  0]LogConfig: Setting CVar [[r.SkyAtmosphere.SampleCountMin:4.0]]
[2022.03.14-15.06.08:813][  0]LogConfig: Setting CVar [[r.SkyAtmosphere.SampleCountMax:128.0]]
[2022.03.14-15.06.08:813][  0]LogConfig: Setting CVar [[r.SkyAtmosphere.TransmittanceLUT.UseSmallFormat:0]]
[2022.03.14-15.06.08:813][  0]LogConfig: Setting CVar [[r.SkyAtmosphere.TransmittanceLUT.SampleCount:10.0]]
[2022.03.14-15.06.08:813][  0]LogConfig: Setting CVar [[r.SkyAtmosphere.MultiScatteringLUT.SampleCount:15.0]]
[2022.03.14-15.06.08:813][  0]LogConfig: Setting CVar [[r.SkyLight.RealTimeReflectionCapture:1]]
[2022.03.14-15.06.08:813][  0]LogConfig: Applying CVar settings from Section [FoliageQuality@3] File [D:/Collabs/DU/Unleash/Source/Saved/Config/Windows/Scalability.ini]
[2022.03.14-15.06.08:813][  0]LogConfig: Setting CVar [[foliage.DensityScale:1.0]]
[2022.03.14-15.06.08:813][  0]LogConfig: Setting CVar [[grass.DensityScale:1.0]]
[2022.03.14-15.06.08:814][  0]LogConfig: Applying CVar settings from Section [ShadingQuality@3] File [D:/Collabs/DU/Unleash/Source/Saved/Config/Windows/Scalability.ini]
[2022.03.14-15.06.08:814][  0]LogConfig: Setting CVar [[r.HairStrands.SkyLighting.IntegrationType:2]]
[2022.03.14-15.06.08:814][  0]LogConfig: Setting CVar [[r.HairStrands.SkyAO.SampleCount:4]]
[2022.03.14-15.06.08:814][  0]LogConfig: Setting CVar [[r.HairStrands.Visibility.MSAA.SamplePerPixel:4]]
[2022.03.14-15.06.08:815][  0]LogInit: Selected Device Profile: [Windows]
[2022.03.14-15.06.08:815][  0]LogInit: Applying CVar settings loaded from the selected device profile: [Windows]
[2022.03.14-15.06.08:815][  0]LogHAL: Display: Platform has ~ 16 GB [16556589056 / 17179869184 / 16], which maps to Larger [LargestMinGB=32, LargerMinGB=12, DefaultMinGB=8, SmallerMinGB=6, SmallestMinGB=0)
[2022.03.14-15.06.08:815][  0]LogInit: Going up to parent DeviceProfile []
[2022.03.14-15.06.08:815][  0]LogConfig: Applying CVar settings from Section [ViewDistanceQuality@3] File [D:/Collabs/DU/Unleash/Source/Saved/Config/Windows/Scalability.ini]
[2022.03.14-15.06.08:815][  0]LogConfig: Setting CVar [[r.SkeletalMeshLODBias:0]]
[2022.03.14-15.06.08:815][  0]LogConfig: Setting CVar [[r.ViewDistanceScale:1.0]]
[2022.03.14-15.06.08:815][  0]LogConfig: Applying CVar settings from Section [AntiAliasingQuality@3] File [D:/Collabs/DU/Unleash/Source/Saved/Config/Windows/Scalability.ini]
[2022.03.14-15.06.08:816][  0]LogConfig: Setting CVar [[r.PostProcessAAQuality:4]]
[2022.03.14-15.06.08:816][  0]LogConfig: Applying CVar settings from Section [ShadowQuality@3] File [D:/Collabs/DU/Unleash/Source/Saved/Config/Windows/Scalability.ini]
[2022.03.14-15.06.08:816][  0]LogConfig: Setting CVar [[r.LightFunctionQuality:1]]
[2022.03.14-15.06.08:816][  0]LogConfig: Setting CVar [[r.ShadowQuality:5]]
[2022.03.14-15.06.08:816][  0]LogConfig: Setting CVar [[r.Shadow.CSM.MaxCascades:10]]
[2022.03.14-15.06.08:816][  0]LogConfig: Setting CVar [[r.Shadow.MaxResolution:2048]]
[2022.03.14-15.06.08:817][  0]LogConfig: Setting CVar [[r.Shadow.MaxCSMResolution:2048]]
[2022.03.14-15.06.08:817][  0]LogConfig: Setting CVar [[r.Shadow.RadiusThreshold:0.01]]
[2022.03.14-15.06.08:817][  0]LogConfig: Setting CVar [[r.Shadow.DistanceScale:1.0]]
[2022.03.14-15.06.08:817][  0]LogConfig: Setting CVar [[r.Shadow.CSM.TransitionScale:1.0]]
[2022.03.14-15.06.08:817][  0]LogConfig: Setting CVar [[r.Shadow.PreShadowResolutionFactor:1.0]]
[2022.03.14-15.06.08:818][  0]LogConfig: Setting CVar [[r.DistanceFieldShadowing:1]]
[2022.03.14-15.06.08:818][  0]LogConfig: Setting CVar [[r.DistanceFieldAO:1]]
[2022.03.14-15.06.08:818][  0]LogConfig: Setting CVar [[r.AOQuality:2]]
[2022.03.14-15.06.08:818][  0]LogConfig: Setting CVar [[r.VolumetricFog:1]]
[2022.03.14-15.06.08:818][  0]LogConfig: Setting CVar [[r.VolumetricFog.GridPixelSize:8]]
[2022.03.14-15.06.08:818][  0]LogConfig: Setting CVar [[r.VolumetricFog.GridSizeZ:128]]
[2022.03.14-15.06.08:818][  0]LogConfig: Setting CVar [[r.VolumetricFog.HistoryMissSupersampleCount:4]]
[2022.03.14-15.06.08:818][  0]LogConfig: Setting CVar [[r.LightMaxDrawDistanceScale:1]]
[2022.03.14-15.06.08:819][  0]LogConfig: Setting CVar [[r.CapsuleShadows:1]]
[2022.03.14-15.06.08:819][  0]LogConfig: Applying CVar settings from Section [PostProcessQuality@3] File [D:/Collabs/DU/Unleash/Source/Saved/Config/Windows/Scalability.ini]
[2022.03.14-15.06.08:819][  0]LogConfig: Setting CVar [[r.MotionBlurQuality:4]]
[2022.03.14-15.06.08:819][  0]LogConfig: Setting CVar [[r.AmbientOcclusionMipLevelFactor:0.4]]
[2022.03.14-15.06.08:819][  0]LogConfig: Setting CVar [[r.AmbientOcclusionMaxQuality:100]]
[2022.03.14-15.06.08:819][  0]LogConfig: Setting CVar [[r.AmbientOcclusionLevels:-1]]
[2022.03.14-15.06.08:819][  0]LogConfig: Setting CVar [[r.AmbientOcclusionRadiusScale:1.0]]
[2022.03.14-15.06.08:819][  0]LogConfig: Setting CVar [[r.DepthOfFieldQuality:2]]
[2022.03.14-15.06.08:819][  0]LogConfig: Setting CVar [[r.RenderTargetPoolMin:400]]
[2022.03.14-15.06.08:819][  0]LogConfig: Setting CVar [[r.LensFlareQuality:2]]
[2022.03.14-15.06.08:819][  0]LogConfig: Setting CVar [[r.SceneColorFringeQuality:1]]
[2022.03.14-15.06.08:819][  0]LogConfig: Setting CVar [[r.EyeAdaptationQuality:2]]
[2022.03.14-15.06.08:819][  0]LogConfig: Setting CVar [[r.BloomQuality:5]]
[2022.03.14-15.06.08:819][  0]LogConfig: Setting CVar [[r.FastBlurThreshold:100]]
[2022.03.14-15.06.08:819][  0]LogConfig: Setting CVar [[r.Upscale.Quality:3]]
[2022.03.14-15.06.08:819][  0]LogConfig: Setting CVar [[r.Tonemapper.GrainQuantization:1]]
[2022.03.14-15.06.08:819][  0]LogConfig: Setting CVar [[r.LightShaftQuality:1]]
[2022.03.14-15.06.08:819][  0]LogConfig: Setting CVar [[r.Filter.SizeScale:1]]
[2022.03.14-15.06.08:819][  0]LogConfig: Setting CVar [[r.Tonemapper.Quality:5]]
[2022.03.14-15.06.08:819][  0]LogConfig: Setting CVar [[r.DOF.Gather.AccumulatorQuality:1        ; higher gathering accumulator quality]]
[2022.03.14-15.06.08:819][  0]LogConfig: Setting CVar [[r.DOF.Gather.PostfilterMethod:1          ; Median3x3 postfilering method]]
[2022.03.14-15.06.08:819][  0]LogConfig: Setting CVar [[r.DOF.Gather.EnableBokehSettings:0       ; no bokeh simulation when gathering]]
[2022.03.14-15.06.08:820][  0]LogConfig: Setting CVar [[r.DOF.Gather.RingCount:4                 ; medium number of samples when gathering]]
[2022.03.14-15.06.08:820][  0]LogConfig: Setting CVar [[r.DOF.Scatter.ForegroundCompositing:1    ; additive foreground scattering]]
[2022.03.14-15.06.08:822][  0]LogConfig: Setting CVar [[r.DOF.Scatter.BackgroundCompositing:2    ; additive background scattering]]
[2022.03.14-15.06.08:822][  0]LogConfig: Setting CVar [[r.DOF.Scatter.EnableBokehSettings:1      ; bokeh simulation when scattering]]
[2022.03.14-15.06.08:822][  0]LogConfig: Setting CVar [[r.DOF.Scatter.MaxSpriteRatio:0.1         ; only a maximum of 10% of scattered bokeh]]
[2022.03.14-15.06.08:823][  0]LogConfig: Setting CVar [[r.DOF.Recombine.Quality:1                ; cheap slight out of focus]]
[2022.03.14-15.06.08:823][  0]LogConfig: Setting CVar [[r.DOF.Recombine.EnableBokehSettings:0    ; no bokeh simulation on slight out of focus]]
[2022.03.14-15.06.08:823][  0]LogConfig: Setting CVar [[r.DOF.TemporalAAQuality:1                ; more stable temporal accumulation]]
[2022.03.14-15.06.08:824][  0]LogConfig: Setting CVar [[r.DOF.Kernel.MaxForegroundRadius:0.025]]
[2022.03.14-15.06.08:824][  0]LogConfig: Setting CVar [[r.DOF.Kernel.MaxBackgroundRadius:0.025]]
[2022.03.14-15.06.08:824][  0]LogConfig: Applying CVar settings from Section [TextureQuality@3] File [D:/Collabs/DU/Unleash/Source/Saved/Config/Windows/Scalability.ini]
[2022.03.14-15.06.08:824][  0]LogConfig: Setting CVar [[r.Streaming.MipBias:0]]
[2022.03.14-15.06.08:824][  0]LogConfig: Setting CVar [[r.Streaming.AmortizeCPUToGPUCopy:0]]
[2022.03.14-15.06.08:824][  0]LogConfig: Setting CVar [[r.Streaming.MaxNumTexturesToStreamPerFrame:0]]
[2022.03.14-15.06.08:825][  0]LogConfig: Setting CVar [[r.Streaming.Boost:1]]
[2022.03.14-15.06.08:825][  0]LogConfig: Setting CVar [[r.MaxAnisotropy:8]]
[2022.03.14-15.06.08:825][  0]LogConfig: Setting CVar [[r.VT.MaxAnisotropy:8]]
[2022.03.14-15.06.08:825][  0]LogConfig: Setting CVar [[r.Streaming.LimitPoolSizeToVRAM:0]]
[2022.03.14-15.06.08:825][  0]LogConfig: Setting CVar [[r.Streaming.PoolSize:1000]]
[2022.03.14-15.06.08:825][  0]LogConfig: Setting CVar [[r.Streaming.MaxEffectiveScreenSize:0]]
[2022.03.14-15.06.08:825][  0]LogConfig: Applying CVar settings from Section [EffectsQuality@3] File [D:/Collabs/DU/Unleash/Source/Saved/Config/Windows/Scalability.ini]
[2022.03.14-15.06.08:825][  0]LogConfig: Setting CVar [[r.TranslucencyLightingVolumeDim:64]]
[2022.03.14-15.06.08:826][  0]LogConfig: Setting CVar [[r.RefractionQuality:2]]
[2022.03.14-15.06.08:826][  0]LogConfig: Setting CVar [[r.SSR.Quality:3]]
[2022.03.14-15.06.08:826][  0]LogConfig: Setting CVar [[r.SSR.HalfResSceneColor:0]]
[2022.03.14-15.06.08:826][  0]LogConfig: Setting CVar [[r.SceneColorFormat:4]]
[2022.03.14-15.06.08:826][  0]LogConfig: Setting CVar [[r.DetailMode:2]]
[2022.03.14-15.06.08:826][  0]LogConfig: Setting CVar [[r.TranslucencyVolumeBlur:1]]
[2022.03.14-15.06.08:826][  0]LogConfig: Setting CVar [[r.MaterialQualityLevel:1 ; High quality]]
[2022.03.14-15.06.08:826][  0]LogConfig: Setting CVar [[r.AnisotropicMaterials:1]]
[2022.03.14-15.06.08:827][  0]LogConfig: Setting CVar [[r.SSS.Scale:1]]
[2022.03.14-15.06.08:827][  0]LogConfig: Setting CVar [[r.SSS.SampleSet:2]]
[2022.03.14-15.06.08:827][  0]LogConfig: Setting CVar [[r.SSS.Quality:1]]
[2022.03.14-15.06.08:828][  0]LogConfig: Setting CVar [[r.SSS.HalfRes:0]]
[2022.03.14-15.06.08:828][  0]LogConfig: Setting CVar [[r.SSGI.Quality:3]]
[2022.03.14-15.06.08:828][  0]LogConfig: Setting CVar [[r.EmitterSpawnRateScale:1.0]]
[2022.03.14-15.06.08:829][  0]LogConfig: Setting CVar [[r.ParticleLightQuality:2]]
[2022.03.14-15.06.08:829][  0]LogConfig: Setting CVar [[r.SkyAtmosphere.AerialPerspectiveLUT.FastApplyOnOpaque:1 ; Always have FastSkyLUT 1 in this case to avoid wrong sky]]
[2022.03.14-15.06.08:829][  0]LogConfig: Setting CVar [[r.SkyAtmosphere.AerialPerspectiveLUT.SampleCountMaxPerSlice:4]]
[2022.03.14-15.06.08:829][  0]LogConfig: Setting CVar [[r.SkyAtmosphere.AerialPerspectiveLUT.DepthResolution:16.0]]
[2022.03.14-15.06.08:829][  0]LogConfig: Setting CVar [[r.SkyAtmosphere.FastSkyLUT:1]]
[2022.03.14-15.06.08:829][  0]LogConfig: Setting CVar [[r.SkyAtmosphere.FastSkyLUT.SampleCountMin:4.0]]
[2022.03.14-15.06.08:829][  0]LogConfig: Setting CVar [[r.SkyAtmosphere.FastSkyLUT.SampleCountMax:128.0]]
[2022.03.14-15.06.08:830][  0]LogConfig: Setting CVar [[r.SkyAtmosphere.SampleCountMin:4.0]]
[2022.03.14-15.06.08:830][  0]LogConfig: Setting CVar [[r.SkyAtmosphere.SampleCountMax:128.0]]
[2022.03.14-15.06.08:830][  0]LogConfig: Setting CVar [[r.SkyAtmosphere.TransmittanceLUT.UseSmallFormat:0]]
[2022.03.14-15.06.08:830][  0]LogConfig: Setting CVar [[r.SkyAtmosphere.TransmittanceLUT.SampleCount:10.0]]
[2022.03.14-15.06.08:831][  0]LogConfig: Setting CVar [[r.SkyAtmosphere.MultiScatteringLUT.SampleCount:15.0]]
[2022.03.14-15.06.08:831][  0]LogConfig: Setting CVar [[r.SkyLight.RealTimeReflectionCapture:1]]
[2022.03.14-15.06.08:832][  0]LogConfig: Applying CVar settings from Section [FoliageQuality@3] File [D:/Collabs/DU/Unleash/Source/Saved/Config/Windows/Scalability.ini]
[2022.03.14-15.06.08:832][  0]LogConfig: Setting CVar [[foliage.DensityScale:1.0]]
[2022.03.14-15.06.08:833][  0]LogConfig: Setting CVar [[grass.DensityScale:1.0]]
[2022.03.14-15.06.08:833][  0]LogConfig: Applying CVar settings from Section [ShadingQuality@3] File [D:/Collabs/DU/Unleash/Source/Saved/Config/Windows/Scalability.ini]
[2022.03.14-15.06.08:833][  0]LogConfig: Setting CVar [[r.HairStrands.SkyLighting.IntegrationType:2]]
[2022.03.14-15.06.08:833][  0]LogConfig: Setting CVar [[r.HairStrands.SkyAO.SampleCount:4]]
[2022.03.14-15.06.08:833][  0]LogConfig: Setting CVar [[r.HairStrands.Visibility.MSAA.SamplePerPixel:4]]
[2022.03.14-15.06.08:834][  0]LogConfig: Applying CVar settings from Section [Startup] File [../../../Engine/Config/ConsoleVariables.ini]
[2022.03.14-15.06.08:834][  0]LogConfig: Setting CVar [[net.UseAdaptiveNetUpdateFrequency:0]]
[2022.03.14-15.06.08:837][  0]LogConfig: Setting CVar [[p.chaos.AllowCreatePhysxBodies:1]]
[2022.03.14-15.06.08:837][  0]LogConfig: Setting CVar [[fx.SkipVectorVMBackendOptimizations:1]]
[2022.03.14-15.06.08:838][  0]LogConfig: Applying CVar settings from Section [ConsoleVariables] File [D:/Collabs/DU/Unleash/Source/Saved/Config/Windows/Engine.ini]
[2022.03.14-15.06.08:838][  0]LogConfig: Applying CVar settings from Section [ConsoleVariables] File [D:/Collabs/DU/Unleash/Source/Saved/Config/Windows/Editor.ini]
[2022.03.14-15.06.08:838][  0]LogInit: Computer: DESKTOP-KS9PT4L
[2022.03.14-15.06.08:838][  0]LogInit: User: mnei
[2022.03.14-15.06.08:838][  0]LogInit: CPU Page size=4096, Cores=8
[2022.03.14-15.06.08:838][  0]LogInit: High frequency timer resolution =10.000000 MHz
[2022.03.14-15.06.08:839][  0]LogMemory: Memory total: Physical=15.4GB (16GB approx)
[2022.03.14-15.06.08:839][  0]LogMemory: Platform Memory Stats for Windows
[2022.03.14-15.06.08:839][  0]LogMemory: Process Physical Memory: 145.04 MB used, 145.04 MB peak
[2022.03.14-15.06.08:839][  0]LogMemory: Process Virtual Memory: 127.13 MB used, 127.13 MB peak
[2022.03.14-15.06.08:840][  0]LogMemory: Physical Memory: 11935.68 MB used,  3853.91 MB free, 15789.59 MB total
[2022.03.14-15.06.08:840][  0]LogMemory: Virtual Memory: 134212352.00 MB used,  5374.90 MB free, 134217728.00 MB total
[2022.03.14-15.06.08:861][  0]LogWindows: WindowsPlatformFeatures enabled
[2022.03.14-15.06.09:128][  0]LogInit: Physics initialised using underlying interface: PhysX
[2022.03.14-15.06.09:129][  0]LogInit: Using OS detected language (ja-JP).
[2022.03.14-15.06.09:129][  0]LogInit: Using OS detected locale (ja-JP).
[2022.03.14-15.06.09:140][  0]LogTextLocalizationManager: No specific localization for 'ja-JP' exists, so the 'ja' localization will be used.
[2022.03.14-15.06.09:328][  0]LogInit: Setting process to per monitor DPI aware
[2022.03.14-15.06.09:389][  0]LogWindowsTextInputMethodSystem: Display: IME system deactivated.
[2022.03.14-15.06.09:422][  0]LogSlate: New Slate User Created.  User Index 0, Is Virtual User: 0
[2022.03.14-15.06.09:422][  0]LogSlate: Slate User Registered.  User Index 0, Is Virtual User: 0
[2022.03.14-15.06.09:657][  0]LogD3D11RHI: Loaded GFSDK_Aftermath_Lib.x64.dll
[2022.03.14-15.06.09:694][  0]LogHMD: Failed to initialize OpenVR with code 110
[2022.03.14-15.06.09:694][  0]LogD3D11RHI: D3D11 min allowed feature level: 11_0
[2022.03.14-15.06.09:694][  0]LogD3D11RHI: D3D11 max allowed feature level: 11_0
[2022.03.14-15.06.09:694][  0]LogD3D11RHI: D3D11 adapters:
[2022.03.14-15.06.09:899][  0]LogD3D11RHI:    0. 'NVIDIA GeForce RTX 2060 with Max-Q Design' (Feature Level 11_0)
[2022.03.14-15.06.09:899][  0]LogD3D11RHI:       5980/0/7894 MB DedicatedVideo/DedicatedSystem/SharedSystem, Outputs:1, VendorId:0x10de
[2022.03.14-15.06.09:980][  0]LogD3D11RHI:    1. 'AMD Radeon(TM) Graphics' (Feature Level 11_0)
[2022.03.14-15.06.09:980][  0]LogD3D11RHI:       496/0/7894 MB DedicatedVideo/DedicatedSystem/SharedSystem, Outputs:0, VendorId:0x1002
[2022.03.14-15.06.09:990][  0]LogD3D11RHI:    2. 'Microsoft Basic Render Driver' (Feature Level 11_0)
[2022.03.14-15.06.09:990][  0]LogD3D11RHI:       0/0/7894 MB DedicatedVideo/DedicatedSystem/SharedSystem, Outputs:0, VendorId:0x1414
[2022.03.14-15.06.09:990][  0]LogD3D11RHI: Chosen D3D11 Adapter:
[2022.03.14-15.06.09:990][  0]LogD3D11RHI:     Description : NVIDIA GeForce RTX 2060 with Max-Q Design
[2022.03.14-15.06.09:990][  0]LogD3D11RHI:     VendorId    : 10de
[2022.03.14-15.06.09:990][  0]LogD3D11RHI:     DeviceId    : 1f12
[2022.03.14-15.06.09:990][  0]LogD3D11RHI:     SubSysId    : 1f111043
[2022.03.14-15.06.09:990][  0]LogD3D11RHI:     Revision    : 00a1
[2022.03.14-15.06.09:990][  0]LogD3D11RHI:     DedicatedVideoMemory : 6270484480 bytes
[2022.03.14-15.06.09:991][  0]LogD3D11RHI:     DedicatedSystemMemory : 0 bytes
[2022.03.14-15.06.09:991][  0]LogD3D11RHI:     SharedSystemMemory : 8278294528 bytes
[2022.03.14-15.06.09:991][  0]LogD3D11RHI:     AdapterLuid : 0 68115
[2022.03.14-15.06.10:007][  0]LogD3D11RHI: Creating new Direct3DDevice
[2022.03.14-15.06.10:007][  0]LogD3D11RHI:     GPU DeviceId: 0x1f12 (for the marketing name, search the web for "GPU Device Id")
[2022.03.14-15.06.10:008][  0]LogWindows: EnumDisplayDevices:
[2022.03.14-15.06.10:008][  0]LogWindows:    0. 'AMD Radeon(TM) Graphics' (P:1 D:1)
[2022.03.14-15.06.10:009][  0]LogWindows:    1. 'AMD Radeon(TM) Graphics' (P:0 D:0)
[2022.03.14-15.06.10:010][  0]LogWindows:    2. 'AMD Radeon(TM) Graphics' (P:0 D:0)
[2022.03.14-15.06.10:011][  0]LogWindows:    3. 'AMD Radeon(TM) Graphics' (P:0 D:0)
[2022.03.14-15.06.10:011][  0]LogWindows:    4. 'NVIDIA GeForce RTX 2060 with Max-Q Design' (P:0 D:0)
[2022.03.14-15.06.10:012][  0]LogWindows:    5. 'NVIDIA GeForce RTX 2060 with Max-Q Design' (P:0 D:0)
[2022.03.14-15.06.10:013][  0]LogWindows:    6. 'NVIDIA GeForce RTX 2060 with Max-Q Design' (P:0 D:0)
[2022.03.14-15.06.10:013][  0]LogWindows:    7. 'NVIDIA GeForce RTX 2060 with Max-Q Design' (P:0 D:0)
[2022.03.14-15.06.10:014][  0]LogWindows: DebugString: PrimaryIsNotTheChoosenAdapter PrimaryIsNotTheChoosenAdapter PrimaryIsNotTheChoosenAdapter PrimaryIsNotTheChoosenAdapter FoundDriverCount:4 
[2022.03.14-15.06.10:014][  0]LogD3D11RHI:     Adapter Name: NVIDIA GeForce RTX 2060 with Max-Q Design
[2022.03.14-15.06.10:014][  0]LogD3D11RHI:   Driver Version: 496.49 (internal:30.0.14.9649, unified:496.49)
[2022.03.14-15.06.10:014][  0]LogD3D11RHI:      Driver Date: 10-20-2021
[2022.03.14-15.06.10:015][  0]LogRHI: Texture pool is 4186 MB (70% of 5980 MB)
[2022.03.14-15.06.10:015][  0]LogD3D11RHI: Creating D3DDevice using adapter:
[2022.03.14-15.06.10:015][  0]LogD3D11RHI:     Description : NVIDIA GeForce RTX 2060 with Max-Q Design
[2022.03.14-15.06.10:015][  0]LogD3D11RHI:     VendorId    : 10de
[2022.03.14-15.06.10:015][  0]LogD3D11RHI:     DeviceId    : 1f12
[2022.03.14-15.06.10:015][  0]LogD3D11RHI:     SubSysId    : 1f111043
[2022.03.14-15.06.10:015][  0]LogD3D11RHI:     Revision    : 00a1
[2022.03.14-15.06.10:015][  0]LogD3D11RHI:     DedicatedVideoMemory : 6270484480 bytes
[2022.03.14-15.06.10:015][  0]LogD3D11RHI:     DedicatedSystemMemory : 0 bytes
[2022.03.14-15.06.10:015][  0]LogD3D11RHI:     SharedSystemMemory : 8278294528 bytes
[2022.03.14-15.06.10:015][  0]LogD3D11RHI:     AdapterLuid : 0 68115
[2022.03.14-15.06.10:167][  0]LogD3D11RHI: RHI has support for 64 bit atomics
[2022.03.14-15.06.10:173][  0]LogD3D11RHI: Async texture creation enabled
[2022.03.14-15.06.10:173][  0]LogD3D11RHI: Array index from any shader is supported
[2022.03.14-15.06.10:216][  0]LogD3D11RHI: GPU Timing Frequency: 1000.000000 (Debug: 2 1)
[2022.03.14-15.06.10:289][  0]LogRHI: GeForceNow SDK initialized: 1
[2022.03.14-15.06.10:966][  0]LogTargetPlatformManager: Display: Loaded TargetPlatform 'AllDesktop'
[2022.03.14-15.06.11:009][  0]LogTargetPlatformManager: Display: Loaded TargetPlatform 'Android'
[2022.03.14-15.06.11:009][  0]LogTargetPlatformManager: Display: Loaded TargetPlatform 'Android_ASTC'
[2022.03.14-15.06.11:010][  0]LogTargetPlatformManager: Display: Loaded TargetPlatform 'Android_DXT'
[2022.03.14-15.06.11:010][  0]LogTargetPlatformManager: Display: Loaded TargetPlatform 'Android_ETC2'
[2022.03.14-15.06.11:010][  0]LogTargetPlatformManager: Display: Loaded TargetPlatform 'AndroidClient'
[2022.03.14-15.06.11:010][  0]LogTargetPlatformManager: Display: Loaded TargetPlatform 'Android_ASTCClient'
[2022.03.14-15.06.11:010][  0]LogTargetPlatformManager: Display: Loaded TargetPlatform 'Android_DXTClient'
[2022.03.14-15.06.11:010][  0]LogTargetPlatformManager: Display: Loaded TargetPlatform 'Android_ETC2Client'
[2022.03.14-15.06.11:011][  0]LogTargetPlatformManager: Display: Loaded TargetPlatform 'Android_Multi'
[2022.03.14-15.06.11:011][  0]LogTargetPlatformManager: Display: Loaded TargetPlatform 'Android_MultiClient'
[2022.03.14-15.06.11:060][  0]LogTargetPlatformManager: Display: Loaded TargetPlatform 'IOSClient'
[2022.03.14-15.06.11:061][  0]LogTargetPlatformManager: Display: Loaded TargetPlatform 'IOS'
[2022.03.14-15.06.11:080][  0]LogTargetPlatformManager: Display: Loaded TargetPlatform 'Linux'
[2022.03.14-15.06.11:090][  0]LogTargetPlatformManager: Display: Loaded TargetPlatform 'LinuxNoEditor'
[2022.03.14-15.06.11:101][  0]LogTargetPlatformManager: Display: Loaded TargetPlatform 'LinuxClient'
[2022.03.14-15.06.11:112][  0]LogTargetPlatformManager: Display: Loaded TargetPlatform 'LinuxServer'
[2022.03.14-15.06.11:132][  0]LogTargetPlatformManager: Display: Loaded TargetPlatform 'LinuxAArch64NoEditor'
[2022.03.14-15.06.11:143][  0]LogTargetPlatformManager: Display: Loaded TargetPlatform 'LinuxAArch64Client'
[2022.03.14-15.06.11:157][  0]LogTargetPlatformManager: Display: Loaded TargetPlatform 'LinuxAArch64Server'
[2022.03.14-15.06.11:202][  0]LogTargetPlatformManager: Display: Loaded TargetPlatform 'Lumin'
[2022.03.14-15.06.11:202][  0]LogTargetPlatformManager: Display: Loaded TargetPlatform 'LuminClient'
[2022.03.14-15.06.11:220][  0]LogTargetPlatformManager: Display: Loaded TargetPlatform 'MacNoEditor'
[2022.03.14-15.06.11:232][  0]LogTargetPlatformManager: Display: Loaded TargetPlatform 'Mac'
[2022.03.14-15.06.11:244][  0]LogTargetPlatformManager: Display: Loaded TargetPlatform 'MacClient'
[2022.03.14-15.06.11:256][  0]LogTargetPlatformManager: Display: Loaded TargetPlatform 'MacServer'
[2022.03.14-15.06.11:276][  0]LogTargetPlatformManager: Display: Loaded TargetPlatform 'TVOSClient'
[2022.03.14-15.06.11:276][  0]LogTargetPlatformManager: Display: Loaded TargetPlatform 'TVOS'
[2022.03.14-15.06.11:293][  0]LogTargetPlatformManager: Display: Loaded TargetPlatform 'WindowsNoEditor'
[2022.03.14-15.06.11:304][  0]LogTargetPlatformManager: Display: Loaded TargetPlatform 'Windows'
[2022.03.14-15.06.11:313][  0]LogTargetPlatformManager: Display: Loaded TargetPlatform 'WindowsClient'
[2022.03.14-15.06.11:322][  0]LogTargetPlatformManager: Display: Loaded TargetPlatform 'WindowsServer'
[2022.03.14-15.06.11:323][  0]LogTargetPlatformManager: Display: Building Assets For Windows
[2022.03.14-15.06.11:344][  0]LogAudioDebug: Display: Lib vorbis DLL was dynamically loaded.
[2022.03.14-15.06.11:437][  0]LogTextureFormatOodle: Display: Oodle Texture 2.9.0 init RDO Off
[2022.03.14-15.06.11:525][  0]LogRendererCore: Ray tracing is disabled. Reason: r.RayTracing=0.
[2022.03.14-15.06.11:525][  0]LogShaderCompilers: Guid format shader working directory is 17 characters bigger than the processId version (D:/Collabs/DU/Unleash/Source/Intermediate/Shaders/WorkingDirectory/18800/).
[2022.03.14-15.06.11:526][  0]LogShaderCompilers: Cleaned the shader compiler working directory 'C:/Users/mne_i/AppData/Local/Temp/UnrealShaderWorkingDir/ADC186D641FC6A3BBD37BBB0BFDB5717/'.
[2022.03.14-15.06.11:526][  0]LogXGEController: Cannot use XGE Controller as Incredibuild is not installed on this machine.
[2022.03.14-15.06.11:526][  0]LogShaderCompilers: Cannot use XGE Shader Compiler as Incredibuild is not installed on this machine.
[2022.03.14-15.06.11:526][  0]LogShaderCompilers: Display: Using Local Shader Compiler.
[2022.03.14-15.06.12:511][  0]LogDerivedDataCache: Display: Max Cache Size: 512 MB
[2022.03.14-15.06.12:573][  0]LogDerivedDataCache: Loaded boot cache 0.06s 94MB C:/Users/mne_i/AppData/Local/UnrealEngine/4.27/DerivedDataCache/Boot.ddc.
[2022.03.14-15.06.12:573][  0]LogDerivedDataCache: Display: Loaded Boot cache: C:/Users/mne_i/AppData/Local/UnrealEngine/4.27/DerivedDataCache/Boot.ddc
[2022.03.14-15.06.12:573][  0]LogDerivedDataCache: FDerivedDataBackendGraph:  Pak pak cache file D:/Collabs/DU/Unleash/Source/DerivedDataCache/DDC.ddp not found, will not use a pak cache.
[2022.03.14-15.06.12:574][  0]LogDerivedDataCache: Unable to find inner node Pak for hierarchical cache Hierarchy.
[2022.03.14-15.06.12:574][  0]LogDerivedDataCache: FDerivedDataBackendGraph:  CompressedPak pak cache file D:/Collabs/DU/Unleash/Source/DerivedDataCache/Compressed.ddp not found, will not use a pak cache.
[2022.03.14-15.06.12:574][  0]LogDerivedDataCache: Unable to find inner node CompressedPak for hierarchical cache Hierarchy.
[2022.03.14-15.06.12:595][  0]LogDerivedDataCache: Display: Pak cache opened for reading ../../../Engine/DerivedDataCache/Compressed.ddp.
[2022.03.14-15.06.12:595][  0]LogDerivedDataCache: FDerivedDataBackendGraph:  EnterprisePak pak cache file ../../../Enterprise/DerivedDataCache/Compressed.ddp not found, will not use a pak cache.
[2022.03.14-15.06.12:595][  0]LogDerivedDataCache: Unable to find inner node EnterprisePak for hierarchical cache Hierarchy.
[2022.03.14-15.06.12:606][  0]LogDerivedDataCache: Speed tests for C:/Users/mne_i/AppData/Local/UnrealEngine/Common/DerivedDataCache took 0.01 seconds
[2022.03.14-15.06.12:606][  0]LogDerivedDataCache: Display: Performance to C:/Users/mne_i/AppData/Local/UnrealEngine/Common/DerivedDataCache: Latency=0.04ms. RandomReadSpeed=1184.47MBs, RandomWriteSpeed=103.77MBs. Assigned SpeedClass 'Local'
[2022.03.14-15.06.12:611][  0]LogDerivedDataCache: Using Local data cache path C:/Users/mne_i/AppData/Local/UnrealEngine/Common/DerivedDataCache: Writable
[2022.03.14-15.06.12:611][  0]LogDerivedDataCache: Shared data cache path not found in *engine.ini, will not use an Shared cache.
[2022.03.14-15.06.12:611][  0]LogDerivedDataCache: Unable to find inner node Shared for hierarchical cache Hierarchy.
[2022.03.14-15.06.12:670][  0]LogSlate: Using FreeType 2.10.0
[2022.03.14-15.06.12:670][  0]LogSlate: SlateFontServices - WITH_FREETYPE: 1, WITH_HARFBUZZ: 1
[2022.03.14-15.06.12:704][  0]LogAssetRegistry: FAssetRegistry took 0.0062 seconds to start up
[2022.03.14-15.06.13:057][  0]LogInit: Selected Device Profile: [Windows]
[2022.03.14-15.06.13:057][  0]LogInit: Active device profile: [000002073B5DB800][0000020731FA9500 49] Windows
[2022.03.14-15.06.13:057][  0]LogInit: Profiles: [000002073B5DB800][0000020731FA9500 49] Windows, [000002073B578A00][000002073BA3F680 49] WindowsNoEditor, [000002073B5D8900][0000020731273800 49] WindowsServer, [000002073B57B700][000002073270D980 49] WindowsClient, [000002073B5DB600][0000020732711B00 49] IOS, [000002073B578D00][0000020732714100 49] iPadAir, [000002073B5D8C00][0000020732718280 49] iPadAir2, [000002073B374800][00000207327344C0 49] IPadPro, [000002073B374900][0000020731FAC500 49] iPadAir3, [000002073B5DB300][0000020732742640 49] iPadAir4, [000002073B377900][000002073A3C6780 49] iPadMini2, [000002073B5D9000][000002073A3CE900 49] iPadMini3, [000002073B375700][0000020732878A80 49] iPadMini4, [000002073B5DAD00][000002073A492C00 49] iPadMini5, [000002073B579D00][000002073A49AEC0 49] iPhone6, [000002073B57AE00][000002073A496F00 49] iPodTouch6, [000002073B373E00][000002073A3D71C0 49] iPhone7, [000002073B373F00][000002073A3D3200 49] iPodTouch7, [000002073B57BF00][000002073A3DB380 49] iPhone5S, [000002073B370E00][000002073A3DF500 49] iPhone6Plus, [000002073B579000][000002073A3E3680 49] iPhone6S, [000002073B373000][0000020731F8F800 49] iPhone6SPlus, [000002073B578500][0000020731F93980 49] iPhone7Plus, [000002073B371300][0000020731F97B00 49] iPhoneSE, [000002073B57A300][0000020731F9A100 49] iPhone8, [000002073B372B00][0000020731F9E280 49] iPhone8Plus, [000002073B578700][000002073125C400 49] iPhoneX, [000002073B371800][000002073A3CA540 49] iPhoneXS, [000002073B579E00][0000020731260680 49] iPhoneXSMax, [000002073B373C00][00000207312647C0 49] iPhoneXR, [000002073B579500][0000020731268900 49] iPhone11, [000002073B370C00][000002073A3E6A80 49] iPhone11Pro, [000002073B57BA00][000002073A3EAC00 49] iPhone11ProMax, [000002073B372D00][000002073A3EED80 49] iPhoneSE2, [000002073B57BE00][000002073A3F2F00 49] iPhone12Mini, [000002073B373800][000002073A439080 49] iPhone12, [000002073B578E00][000002073A43D200 49] iPhone12Pro, [000002073B372700][000002073A44D380 49] iPhone12ProMax, [000002073B579100][000002073A451500 49] iPadPro105, [000002073B371200][000002073A455680 49] iPadPro129, [000002073B57A000][000002073A48D800 49] iPadPro97, [000002073B371100][000002073B9EB980 49] iPadPro2_129, [000002073B57A100][000002073B9EFB00 49] iPad5, [000002073B373200][000002073BA30100 49] iPad6, [000002073B579B00][000002073BA38280 49] iPad7, [000002073B372C00][000002073BA88400 49] iPad8, [000002073B57B600][0000020732858580 49] iPadPro11, [000002073B370F00][000002073285C700 49] iPadPro2_11, [000002073B578400][000002073126C840 49] iPadPro3_129, [000002073B371500][000002073B9F2980 49] iPadPro4_129, [000002073B57B300][000002073286AAC0 49] AppleTV, [000002073B373700][0000020732872C40 49] AppleTV4K, [000002073B579900][000002073A488DC0 49] TVOS, [000002073B370900][000002073BA34F40 49] Mac, [000002073B57B800][000002073BB050C0 49] MacClient, [000002073B372000][000002073BB09240 49] MacNoEditor, [000002073B57B500][000002073BB0D3C0 49] MacServer, [000002073B370500][000002073BB11540 49] Linux, [000002073B57AC00][000002073BB156C0 49] LinuxAArch64, [000002073B371400][000002073BB19840 49] LinuxNoEditor, [000002073B57B100][000002073BB1D9C0 49] LinuxAArch64NoEditor, [000002073B372400][000002073BA61B40 49] LinuxClient, [000002073B57B400][000002073BA64140 49] LinuxAArch64Client, [000002073B370B00][000002073BA682C0 49] LinuxServer, [000002073B579C00][000002073BA6C440 49] LinuxAArch64Server, [000002073B371000][000002073BA705C0 49] Android, [000002073B57A200][000002073BA74740 49] Android_Low, [000002073B375400][000002073BA788C0 49] Android_Mid, [000002073A741900][000002073286EA00 49] Android_High, [000002073B374B00][000002073BA7CB40 49] Android_Default, [000002073A740D00][000002073BA80C80 49] Android_Adreno4xx, [000002073B376B00][000002073BA84DC0 49] Android_Adreno5xx_Low, [000002073A740100][0000020731F56F40 49] Android_Adreno5xx, [000002073B376800][0000020731F5B0C0 49] Android_Adreno6xx, [000002073A740B00][0000020731F5F240 49] Android_Adreno6xx_Vulkan, [000002073B374D00][0000020731F633C0 49] Android_Mali_T6xx, [000002073A741400][0000020731F67540 49] Android_Mali_T7xx, [000002073B376400][0000020731F6B6C0 49] Android_Mali_T8xx, [000002073A740500][0000020731F6F840 49] Android_Mali_G71, [000002073B374500][0000020731F739C0 49] Android_Mali_G72, [000002073A740F00][0000020731F77B40 49] Android_Mali_G72_Vulkan, [000002073B376E00][0000020731F7A140 49] Android_Mali_G76, [000002073A741B00][0000020731F7E2C0 49] Android_Mali_G76_Vulkan, [000002073B375100][0000020731F82440 49] Android_Mali_G77, [000002073A742000][0000020731F865C0 49] Android_Mali_G77_Vulkan, [000002073B375900][0000020731F8A740 49] Android_Mali_G78, [000002073A740200][00000207311C28C0 49] Android_Mali_G78_Vulkan, [000002073B375500][00000207311C6A40 49] Android_Mali_G710, [000002073A741500][0000020731F52B80 49] Android_Mali_G710_Vulkan, [000002073B377700][00000207311CACC0 49] Android_Vulkan_SM5, [000002073A742700][00000207311CEE00 49] Android_PowerVR_G6xxx, [000002073B377F00][00000207311D2F40 49] Android_PowerVR_GT7xxx, [000002073A740E00][00000207311DB0C0 49] Android_PowerVR_GE8xxx, [000002073B376900][00000207311DF240 49] Android_PowerVR_GM9xxx, [000002073A740800][00000207311E33C0 49] Android_PowerVR_GM9xxx_Vulkan, [000002073B579700][00000207311E7540 49] Android_TegraK1, [000002073B370A00][00000207311EB6C0 49] Android_Unknown_Vulkan, [000002073B579F00][00000207311EF840 49] Lumin, [000002073B371900][00000207311F39C0 49] Lumin_Desktop, [000002073B57AA00][00000207311F7B40 49] HoloLens, 
[2022.03.14-15.06.13:257][  0]LogMeshReduction: Using QuadricMeshReduction for automatic static mesh reduction
[2022.03.14-15.06.13:257][  0]LogMeshReduction: Using SimplygonMeshReduction for automatic skeletal mesh reduction
[2022.03.14-15.06.13:257][  0]LogMeshReduction: Using ProxyLODMeshReduction for automatic mesh merging
[2022.03.14-15.06.13:257][  0]LogMeshReduction: No distributed automatic mesh merging module available
[2022.03.14-15.06.13:257][  0]LogMeshMerging: No distributed automatic mesh merging module available
[2022.03.14-15.06.13:286][  0]LogNetVersion: DU_Project 1.0.0, NetCL: 17155196, EngineNetVer: 17, GameNetVer: 0 (Checksum: 1046638791)
[2022.03.14-15.06.13:924][  0]LogTexture: Default maximum texture size for cubemaps generated from long-lat sources has been changed from 512 to unlimited. In order to preserve old behaiour for '/Engine/MapTemplates/Sky/DaylightAmbientCubemap.DaylightAmbientCubemap', its maximum texture size has been explicitly set to 512.
[2022.03.14-15.06.14:019][  0]LogHMD: PokeAHoleMaterial loaded successfully
[2022.03.14-15.06.14:029][  0]LogUObjectArray: 17178 objects as part of root set at end of initial load.
[2022.03.14-15.06.14:029][  0]LogUObjectAllocator: 4302048 out of 0 bytes used by permanent object pool.
[2022.03.14-15.06.14:029][  0]LogUObjectArray: CloseDisregardForGC: 0/0 objects in disregard for GC pool
[2022.03.14-15.06.14:692][  0]LogNiagaraDebuggerClient: Niagara Debugger Client Initialized | Session: 5D541D8949347442EF4E00844B39586D | Instance: 71D4F7CE4670F69E6EFAD5A58D8140BD (DESKTOP-KS9PT4L-18800).
[2022.03.14-15.06.14:765][  0]LogPython: Using Python 3.7.7
[2022.03.14-15.06.15:904][  0]LogTcpMessaging: Initializing TcpMessaging bridge
[2022.03.14-15.06.15:918][  0]LogUdpMessaging: Initializing bridge on interface 0.0.0.0:0 to multicast group 230.0.0.1:6666.
[2022.03.14-15.06.16:740][  0]LogOpenImageDenoise: OIDN starting up
[2022.03.14-15.06.16:850][  0]LogAndroidPermission: UAndroidPermissionCallbackProxy::GetInstance
[2022.03.14-15.06.16:901][  0]LogAudioCaptureCore: Display: No Audio Capture implementations found. Audio input will be silent.
[2022.03.14-15.06.16:901][  0]LogAudioCaptureCore: Display: No Audio Capture implementations found. Audio input will be silent.
[2022.03.14-15.06.17:160][  0]SourceControl: ソースコントロールは無効です
[2022.03.14-15.06.17:775][  0]LogUProjectInfo: Found projects:
[2022.03.14-15.06.17:815][  0]LogCollectionManager: Loaded 0 collections in 0.003151 seconds
[2022.03.14-15.06.17:882][  0]LogFileCache: Scanning file cache for directory 'D:/Collabs/DU/Unleash/Source/Saved/Collections/' took 0.00s
[2022.03.14-15.06.17:882][  0]LogFileCache: Scanning file cache for directory 'D:/Collabs/DU/Unleash/Source/Content/Developers/mnei/Collections/' took 0.01s
[2022.03.14-15.06.17:882][  0]LogFileCache: Scanning file cache for directory 'D:/Collabs/DU/Unleash/Source/Content/Collections/' took 0.01s
[2022.03.14-15.06.17:882][  0]LogOcInput: OculusInput pre-init called
[2022.03.14-15.06.18:278][  0]LogEngine: Initializing Engine...
[2022.03.14-15.06.18:283][  0]LogHMD: Failed to enumerate extensions. Please check that you have a valid OpenXR runtime installed.
[2022.03.14-15.06.18:284][  0]LogHMD: Failed to initialize OpenVR with code 110
[2022.03.14-15.06.18:284][  0]LogMagicLeap: Warning: VR disabled because ZI is not enabled.  To enable, in the editor, Edit -> Project Settings -> Plugins -> Magic Leap Plugin -> Enable Zero Iteration
[2022.03.14-15.06.18:285][  0]LogStats: UGameplayTagsManager::InitializeManager -  0.000 s
[2022.03.14-15.06.18:452][  0]LogInit: Initializing FReadOnlyCVARCache
[2022.03.14-15.06.18:466][  0]LogAIModule: Creating AISystem for world Untitled
[2022.03.14-15.06.18:467][  0]LogAudio: Display: Initializing Audio Device Manager...
[2022.03.14-15.06.18:474][  0]LogAudio: Display: Loading Default Audio Settings Objects...
[2022.03.14-15.06.18:475][  0]LogAudio: Display: No default SoundConcurrencyObject specified (or failed to load).
[2022.03.14-15.06.18:476][  0]LogAudio: Display: Audio Device Manager Initialized
[2022.03.14-15.06.18:476][  0]LogAudio: Display: Creating Audio Device:                 Id: 1, Scope: Shared, Realtime: True
[2022.03.14-15.06.18:476][  0]LogAudioMixer: Display: Audio Mixer Platform Settings:
[2022.03.14-15.06.18:476][  0]LogAudioMixer: Display: 	Sample Rate:						  48000
[2022.03.14-15.06.18:476][  0]LogAudioMixer: Display: 	Callback Buffer Frame Size Requested: 1024
[2022.03.14-15.06.18:476][  0]LogAudioMixer: Display: 	Callback Buffer Frame Size To Use:	  1024
[2022.03.14-15.06.18:477][  0]LogAudioMixer: Display: 	Number of buffers to queue:			  2
[2022.03.14-15.06.18:477][  0]LogAudioMixer: Display: 	Max Channels (voices):				  32
[2022.03.14-15.06.18:477][  0]LogAudioMixer: Display: 	Number of Async Source Workers:		  0
[2022.03.14-15.06.18:477][  0]LogAudio: Display: AudioDevice MaxSources: 32
[2022.03.14-15.06.18:478][  0]LogAudio: Display: Audio Spatialization Plugin: None (built-in).
[2022.03.14-15.06.18:478][  0]LogAudio: Display: Audio Reverb Plugin: None (built-in).
[2022.03.14-15.06.18:478][  0]LogAudio: Display: Audio Occlusion Plugin: None (built-in).
[2022.03.14-15.06.18:478][  0]LogAudioMixer: Display: Initializing audio mixer.
[2022.03.14-15.06.18:510][  0]LogAudioMixer: Display: 0: FrontLeft
[2022.03.14-15.06.18:510][  0]LogAudioMixer: Display: 1: FrontRight
[2022.03.14-15.06.18:563][  0]LogAudioMixer: Display: Using Audio Device ヘッドホン (Studio Wireless Stereo)
[2022.03.14-15.06.18:564][  0]LogAudioMixer: Display: Initializing Sound Submixes...
[2022.03.14-15.06.18:567][  0]LogAudioMixer: Display: Creating Master Submix 'MasterSubmixDefault'
[2022.03.14-15.06.18:567][  0]LogAudioMixer: Display: Creating Master Submix 'MasterReverbSubmixDefault'
[2022.03.14-15.06.18:569][  0]LogAudioMixer: Display: Creating Master Submix 'MasterEQSubmixDefault'
[2022.03.14-15.06.18:569][  0]LogAudioMixer: FMixerPlatformXAudio2::StartAudioStream() called
[2022.03.14-15.06.18:570][  0]LogAudioMixer: Display: Output buffers initialized: Frames=1024, Channels=2, Samples=2048
[2022.03.14-15.06.18:572][  0]LogAudioMixer: Display: Starting AudioMixerPlatformInterface::RunInternal()
[2022.03.14-15.06.18:572][  0]LogAudioMixer: Display: FMixerPlatformXAudio2::SubmitBuffer() called for the first time
[2022.03.14-15.06.18:572][  0]LogInit: FAudioDevice initialized.
[2022.03.14-15.06.18:573][  0]LogAudio: Display: Audio Device (ID: 1) registered with world 'Untitled'.
[2022.03.14-15.06.18:573][  0]LogNetVersion: Set ProjectVersion to 1.0.0.0. Version Checksum will be recalculated on next use.
[2022.03.14-15.06.18:646][  0]LogDerivedDataCache: Saved boot cache 0.07s 94MB C:/Users/mne_i/AppData/Local/UnrealEngine/4.27/DerivedDataCache/Boot.ddc.
[2022.03.14-15.06.18:647][  0]LogInit: Texture streaming: Enabled
[2022.03.14-15.06.18:678][  0]LogAnalytics: Display: [UEEditor.Rocket.Release] APIServer = https://datarouter.ol.epicgames.com/. AppVersion = 4.27.2-18319896+++UE4+Release-4.27
[2022.03.14-15.06.18:687][  0]LogEngineSessionManager: EngineSessionManager initialized
[2022.03.14-15.06.18:687][  0]LogEditorSessionSummary: Verbose: Initializing EditorSessionSummaryWriter for editor session tracking
[2022.03.14-15.06.18:691][  0]LogEditorSessionSummary: EditorSessionSummaryWriter initialized
[2022.03.14-15.06.18:727][  0]LogInit: Transaction tracking system initialized
[2022.03.14-15.06.18:780][  0]BlueprintLog: New page: エディタの読み込み
[2022.03.14-15.06.18:917][  0]LocalizationService: ローカライズのサービスが無効になりました
[2022.03.14-15.06.18:967][  0]TimingProfiler: Initialize
[2022.03.14-15.06.18:967][  0]TimingProfiler: OnSessionChanged
[2022.03.14-15.06.18:967][  0]LoadingProfiler: Initialize
[2022.03.14-15.06.18:968][  0]LoadingProfiler: OnSessionChanged
[2022.03.14-15.06.18:968][  0]NetworkingProfiler: Initialize
[2022.03.14-15.06.18:968][  0]NetworkingProfiler: OnSessionChanged
[2022.03.14-15.06.18:968][  0]MemoryProfiler: Initialize
[2022.03.14-15.06.18:968][  0]MemoryProfiler: OnSessionChanged
[2022.03.14-15.06.19:255][  0]LogCook: Display: CookSettings for Memory: MemoryMaxUsedVirtual 0MiB, MemoryMaxUsedPhysical 16384MiB, MemoryMinFreeVirtual 0MiB, MemoryMinFreePhysical 1024MiB
[2022.03.14-15.06.19:255][  0]LogCook: Display: Mobile HDR setting 1
[2022.03.14-15.06.19:647][  0]LogFileCache: Scanning file cache for directory 'D:/Collabs/DU/Unleash/Source/Content/' took 0.00s
[2022.03.14-15.06.19:963][  0]LogInit: Display: Engine is initialized. Leaving FEngineLoop::Init()
[2022.03.14-15.06.19:970][  0]LogUnrealEdMisc: Loading editor; pre map load, took 14.149
[2022.03.14-15.06.19:970][  0]Cmd: MAP LOAD FILE="../../../Engine/Content/Maps/Templates/Template_Default.umap" TEMPLATE=1 SHOWPROGRESS=1 FEATURELEVEL=3
[2022.03.14-15.06.19:971][  0]LightingResults: New page: ライティングのビルド
[2022.03.14-15.06.19:974][  0]LogWorld: UWorld::CleanupWorld for Untitled, bSessionEnded=true, bCleanupResources=true
[2022.03.14-15.06.19:974][  0]LogSlate: InvalidateAllWidgets triggered.  All widgets were invalidated
[2022.03.14-15.06.19:974][  0]MapCheck: New page: マップをチェック
[2022.03.14-15.06.19:975][  0]LightingResults: New page: <何も選択されていません>
[2022.03.14-15.06.19:981][  0]LogAudio: Display: Audio Device unregistered from world 'None'.
[2022.03.14-15.06.19:988][  0]LogUObjectHash: Compacting FUObjectHashTables data took   1.85ms
[2022.03.14-15.06.20:092][  0]LogTexture: Display: テクスチャをビルドしています:DeprecatedTextureEB9CBE3C423008B5E8E130901E171C89 (BGRA8、128X128)
[2022.03.14-15.06.20:100][  0]LogAudio: Display: Audio Device (ID: 1) registered with world 'Untitled_1'.
[2022.03.14-15.06.20:102][  0]LogAIModule: Creating AISystem for world Untitled_1
[2022.03.14-15.06.20:108][  0]LogEditorServer: Finished looking for orphan Actors (0.000 secs)
[2022.03.14-15.06.20:122][  0]LogUObjectHash: Compacting FUObjectHashTables data took   1.61ms
[2022.03.14-15.06.20:123][  0]Cmd: MAP CHECKDEP NOCLEARLOG
[2022.03.14-15.06.20:124][  0]MapCheck: マップチェックが完了: 0 エラー、 0 警告、完了に 0.179ミリ秒かかりました。
[2022.03.14-15.06.20:124][  0]LogFileHelpers: Loading map 'Template_Default' took 0.154
[2022.03.14-15.06.20:127][  0]LogUnrealEdMisc: Total Editor Startup Time, took 14.307
[2022.03.14-15.06.20:204][  0]LogWindowsTextInputMethodSystem: Display: IME system activated using TSF (Microsoft IME).
[2022.03.14-15.06.20:271][  0]LogSlate: Updating window title bar state: overlay mode, drag disabled, window buttons hidden, title bar hidden
[2022.03.14-15.06.20:284][  0]LogSlate: Updating window title bar state: overlay mode, drag disabled, window buttons hidden, title bar hidden
[2022.03.14-15.06.20:297][  0]LogSlate: Updating window title bar state: overlay mode, drag disabled, window buttons hidden, title bar hidden
[2022.03.14-15.06.20:310][  0]LogSlate: Updating window title bar state: overlay mode, drag disabled, window buttons hidden, title bar hidden
[2022.03.14-15.06.20:336][  0]LogNativeClassHierarchy: Verbose: Native class hierarchy populated in 0.0176 seconds. Added 3825 classes and 931 folders.
[2022.03.14-15.06.20:341][  0]LogNativeClassHierarchy: Verbose: Native class hierarchy updated for 'WidgetCarousel' in 0.0005 seconds. Added 0 classes and 0 folders.
[2022.03.14-15.06.20:343][  0]LogPakFile: PakFile PrimaryIndexSize=187
[2022.03.14-15.06.20:344][  0]LogPakFile: PakFile PathHashIndexSize=101
[2022.03.14-15.06.20:344][  0]LogPakFile: PakFile FullDirectoryIndexSize=148
[2022.03.14-15.06.20:344][  0]LogShaderLibrary: Display: ShaderCodeLibraryPakFileMountedCallback: PakFile 'C:/Program Files/Epic Games/UE_4.27/FeaturePacks/FP_FirstPerson.upack' (chunk index -1, root 'root:/') mounted
[2022.03.14-15.06.20:344][  0]LogShaderLibrary: Display: ShaderCodeLibraryPakFileMountedCallback: pending pak file info (ChunkID:-1 Root:root:/ File:C:/Program Files/Epic Games/UE_4.27/FeaturePacks/FP_FirstPerson.upack)
[2022.03.14-15.06.20:344][  0]LogPakFile: OnPakFileMounted2Time == 0.000323
[2022.03.14-15.06.20:346][  0]LogPakFile: PakFile PrimaryIndexSize=189
[2022.03.14-15.06.20:346][  0]LogPakFile: PakFile PathHashIndexSize=101
[2022.03.14-15.06.20:346][  0]LogPakFile: PakFile FullDirectoryIndexSize=152
[2022.03.14-15.06.20:346][  0]LogShaderLibrary: Display: ShaderCodeLibraryPakFileMountedCallback: PakFile 'C:/Program Files/Epic Games/UE_4.27/FeaturePacks/FP_FirstPersonBP.upack' (chunk index -1, root 'root:/') mounted
[2022.03.14-15.06.20:346][  0]LogShaderLibrary: Display: ShaderCodeLibraryPakFileMountedCallback: pending pak file info (ChunkID:-1 Root:root:/ File:C:/Program Files/Epic Games/UE_4.27/FeaturePacks/FP_FirstPersonBP.upack)
[2022.03.14-15.06.20:346][  0]LogPakFile: OnPakFileMounted2Time == 0.000258
[2022.03.14-15.06.20:347][  0]LogPakFile: PakFile PrimaryIndexSize=191
[2022.03.14-15.06.20:348][  0]LogPakFile: PakFile PathHashIndexSize=101
[2022.03.14-15.06.20:348][  0]LogPakFile: PakFile FullDirectoryIndexSize=160
[2022.03.14-15.06.20:348][  0]LogShaderLibrary: Display: ShaderCodeLibraryPakFileMountedCallback: PakFile 'C:/Program Files/Epic Games/UE_4.27/FeaturePacks/MobileStarterContent.upack' (chunk index -1, root 'root:/') mounted
[2022.03.14-15.06.20:348][  0]LogShaderLibrary: Display: ShaderCodeLibraryPakFileMountedCallback: pending pak file info (ChunkID:-1 Root:root:/ File:C:/Program Files/Epic Games/UE_4.27/FeaturePacks/MobileStarterContent.upack)
[2022.03.14-15.06.20:348][  0]LogPakFile: OnPakFileMounted2Time == 0.000229
[2022.03.14-15.06.20:349][  0]LogPakFile: PakFile PrimaryIndexSize=185
[2022.03.14-15.06.20:349][  0]LogPakFile: PakFile PathHashIndexSize=101
[2022.03.14-15.06.20:349][  0]LogPakFile: PakFile FullDirectoryIndexSize=148
[2022.03.14-15.06.20:350][  0]LogShaderLibrary: Display: ShaderCodeLibraryPakFileMountedCallback: PakFile 'C:/Program Files/Epic Games/UE_4.27/FeaturePacks/StarterContent.upack' (chunk index -1, root 'root:/') mounted
[2022.03.14-15.06.20:350][  0]LogShaderLibrary: Display: ShaderCodeLibraryPakFileMountedCallback: pending pak file info (ChunkID:-1 Root:root:/ File:C:/Program Files/Epic Games/UE_4.27/FeaturePacks/StarterContent.upack)
[2022.03.14-15.06.20:350][  0]LogPakFile: OnPakFileMounted2Time == 0.000360
[2022.03.14-15.06.20:351][  0]LogPakFile: PakFile PrimaryIndexSize=190
[2022.03.14-15.06.20:351][  0]LogPakFile: PakFile PathHashIndexSize=101
[2022.03.14-15.06.20:351][  0]LogPakFile: PakFile FullDirectoryIndexSize=154
[2022.03.14-15.06.20:351][  0]LogShaderLibrary: Display: ShaderCodeLibraryPakFileMountedCallback: PakFile 'C:/Program Files/Epic Games/UE_4.27/FeaturePacks/TP_2DSideScroller.upack' (chunk index -1, root 'root:/') mounted
[2022.03.14-15.06.20:352][  0]LogShaderLibrary: Display: ShaderCodeLibraryPakFileMountedCallback: pending pak file info (ChunkID:-1 Root:root:/ File:C:/Program Files/Epic Games/UE_4.27/FeaturePacks/TP_2DSideScroller.upack)
[2022.03.14-15.06.20:352][  0]LogPakFile: OnPakFileMounted2Time == 0.000214
[2022.03.14-15.06.20:353][  0]LogPakFile: PakFile PrimaryIndexSize=192
[2022.03.14-15.06.20:353][  0]LogPakFile: PakFile PathHashIndexSize=101
[2022.03.14-15.06.20:353][  0]LogPakFile: PakFile FullDirectoryIndexSize=158
[2022.03.14-15.06.20:354][  0]LogShaderLibrary: Display: ShaderCodeLibraryPakFileMountedCallback: PakFile 'C:/Program Files/Epic Games/UE_4.27/FeaturePacks/TP_2DSideScrollerBP.upack' (chunk index -1, root 'root:/') mounted
[2022.03.14-15.06.20:355][  0]LogShaderLibrary: Display: ShaderCodeLibraryPakFileMountedCallback: pending pak file info (ChunkID:-1 Root:root:/ File:C:/Program Files/Epic Games/UE_4.27/FeaturePacks/TP_2DSideScrollerBP.upack)
[2022.03.14-15.06.20:356][  0]LogPakFile: OnPakFileMounted2Time == 0.001641
[2022.03.14-15.06.20:357][  0]LogPakFile: PakFile PrimaryIndexSize=182
[2022.03.14-15.06.20:357][  0]LogPakFile: PakFile PathHashIndexSize=101
[2022.03.14-15.06.20:357][  0]LogPakFile: PakFile FullDirectoryIndexSize=138
[2022.03.14-15.06.20:358][  0]LogShaderLibrary: Display: ShaderCodeLibraryPakFileMountedCallback: PakFile 'C:/Program Files/Epic Games/UE_4.27/FeaturePacks/TP_Flying.upack' (chunk index -1, root 'root:/') mounted
[2022.03.14-15.06.20:358][  0]LogShaderLibrary: Display: ShaderCodeLibraryPakFileMountedCallback: pending pak file info (ChunkID:-1 Root:root:/ File:C:/Program Files/Epic Games/UE_4.27/FeaturePacks/TP_Flying.upack)
[2022.03.14-15.06.20:358][  0]LogPakFile: OnPakFileMounted2Time == 0.000235
[2022.03.14-15.06.20:359][  0]LogPakFile: PakFile PrimaryIndexSize=184
[2022.03.14-15.06.20:359][  0]LogPakFile: PakFile PathHashIndexSize=101
[2022.03.14-15.06.20:359][  0]LogPakFile: PakFile FullDirectoryIndexSize=142
[2022.03.14-15.06.20:359][  0]LogShaderLibrary: Display: ShaderCodeLibraryPakFileMountedCallback: PakFile 'C:/Program Files/Epic Games/UE_4.27/FeaturePacks/TP_FlyingBP.upack' (chunk index -1, root 'root:/') mounted
[2022.03.14-15.06.20:359][  0]LogShaderLibrary: Display: ShaderCodeLibraryPakFileMountedCallback: pending pak file info (ChunkID:-1 Root:root:/ File:C:/Program Files/Epic Games/UE_4.27/FeaturePacks/TP_FlyingBP.upack)
[2022.03.14-15.06.20:360][  0]LogPakFile: OnPakFileMounted2Time == 0.000198
[2022.03.14-15.06.20:361][  0]LogPakFile: PakFile PrimaryIndexSize=188
[2022.03.14-15.06.20:361][  0]LogPakFile: PakFile PathHashIndexSize=101
[2022.03.14-15.06.20:361][  0]LogPakFile: PakFile FullDirectoryIndexSize=150
[2022.03.14-15.06.20:361][  0]LogShaderLibrary: Display: ShaderCodeLibraryPakFileMountedCallback: PakFile 'C:/Program Files/Epic Games/UE_4.27/FeaturePacks/TP_HandheldARBP.upack' (chunk index -1, root 'root:/') mounted
[2022.03.14-15.06.20:361][  0]LogShaderLibrary: Display: ShaderCodeLibraryPakFileMountedCallback: pending pak file info (ChunkID:-1 Root:root:/ File:C:/Program Files/Epic Games/UE_4.27/FeaturePacks/TP_HandheldARBP.upack)
[2022.03.14-15.06.20:361][  0]LogPakFile: OnPakFileMounted2Time == 0.000271
[2022.03.14-15.06.20:363][  0]LogPakFile: PakFile PrimaryIndexSize=182
[2022.03.14-15.06.20:363][  0]LogPakFile: PakFile PathHashIndexSize=101
[2022.03.14-15.06.20:364][  0]LogPakFile: PakFile FullDirectoryIndexSize=138
[2022.03.14-15.06.20:364][  0]LogShaderLibrary: Display: ShaderCodeLibraryPakFileMountedCallback: PakFile 'C:/Program Files/Epic Games/UE_4.27/FeaturePacks/TP_Puzzle.upack' (chunk index -1, root 'root:/') mounted
[2022.03.14-15.06.20:364][  0]LogShaderLibrary: Display: ShaderCodeLibraryPakFileMountedCallback: pending pak file info (ChunkID:-1 Root:root:/ File:C:/Program Files/Epic Games/UE_4.27/FeaturePacks/TP_Puzzle.upack)
[2022.03.14-15.06.20:364][  0]LogPakFile: OnPakFileMounted2Time == 0.000219
[2022.03.14-15.06.20:365][  0]LogPakFile: PakFile PrimaryIndexSize=184
[2022.03.14-15.06.20:365][  0]LogPakFile: PakFile PathHashIndexSize=101
[2022.03.14-15.06.20:365][  0]LogPakFile: PakFile FullDirectoryIndexSize=142
[2022.03.14-15.06.20:365][  0]LogShaderLibrary: Display: ShaderCodeLibraryPakFileMountedCallback: PakFile 'C:/Program Files/Epic Games/UE_4.27/FeaturePacks/TP_PuzzleBP.upack' (chunk index -1, root 'root:/') mounted
[2022.03.14-15.06.20:365][  0]LogShaderLibrary: Display: ShaderCodeLibraryPakFileMountedCallback: pending pak file info (ChunkID:-1 Root:root:/ File:C:/Program Files/Epic Games/UE_4.27/FeaturePacks/TP_PuzzleBP.upack)
[2022.03.14-15.06.20:366][  0]LogPakFile: OnPakFileMounted2Time == 0.000225
[2022.03.14-15.06.20:367][  0]LogPakFile: PakFile PrimaryIndexSize=183
[2022.03.14-15.06.20:367][  0]LogPakFile: PakFile PathHashIndexSize=101
[2022.03.14-15.06.20:367][  0]LogPakFile: PakFile FullDirectoryIndexSize=140
[2022.03.14-15.06.20:367][  0]LogShaderLibrary: Display: ShaderCodeLibraryPakFileMountedCallback: PakFile 'C:/Program Files/Epic Games/UE_4.27/FeaturePacks/TP_Rolling.upack' (chunk index -1, root 'root:/') mounted
[2022.03.14-15.06.20:367][  0]LogShaderLibrary: Display: ShaderCodeLibraryPakFileMountedCallback: pending pak file info (ChunkID:-1 Root:root:/ File:C:/Program Files/Epic Games/UE_4.27/FeaturePacks/TP_Rolling.upack)
[2022.03.14-15.06.20:367][  0]LogPakFile: OnPakFileMounted2Time == 0.000217
[2022.03.14-15.06.20:369][  0]LogPakFile: PakFile PrimaryIndexSize=185
[2022.03.14-15.06.20:369][  0]LogPakFile: PakFile PathHashIndexSize=101
[2022.03.14-15.06.20:369][  0]LogPakFile: PakFile FullDirectoryIndexSize=144
[2022.03.14-15.06.20:369][  0]LogShaderLibrary: Display: ShaderCodeLibraryPakFileMountedCallback: PakFile 'C:/Program Files/Epic Games/UE_4.27/FeaturePacks/TP_RollingBP.upack' (chunk index -1, root 'root:/') mounted
[2022.03.14-15.06.20:369][  0]LogShaderLibrary: Display: ShaderCodeLibraryPakFileMountedCallback: pending pak file info (ChunkID:-1 Root:root:/ File:C:/Program Files/Epic Games/UE_4.27/FeaturePacks/TP_RollingBP.upack)
[2022.03.14-15.06.20:369][  0]LogPakFile: OnPakFileMounted2Time == 0.000250
[2022.03.14-15.06.20:370][  0]LogPakFile: PakFile PrimaryIndexSize=188
[2022.03.14-15.06.20:371][  0]LogPakFile: PakFile PathHashIndexSize=101
[2022.03.14-15.06.20:371][  0]LogPakFile: PakFile FullDirectoryIndexSize=150
[2022.03.14-15.06.20:371][  0]LogShaderLibrary: Display: ShaderCodeLibraryPakFileMountedCallback: PakFile 'C:/Program Files/Epic Games/UE_4.27/FeaturePacks/TP_SideScroller.upack' (chunk index -1, root 'root:/') mounted
[2022.03.14-15.06.20:371][  0]LogShaderLibrary: Display: ShaderCodeLibraryPakFileMountedCallback: pending pak file info (ChunkID:-1 Root:root:/ File:C:/Program Files/Epic Games/UE_4.27/FeaturePacks/TP_SideScroller.upack)
[2022.03.14-15.06.20:372][  0]LogPakFile: OnPakFileMounted2Time == 0.000391
[2022.03.14-15.06.20:373][  0]LogPakFile: PakFile PrimaryIndexSize=190
[2022.03.14-15.06.20:373][  0]LogPakFile: PakFile PathHashIndexSize=101
[2022.03.14-15.06.20:373][  0]LogPakFile: PakFile FullDirectoryIndexSize=154
[2022.03.14-15.06.20:373][  0]LogShaderLibrary: Display: ShaderCodeLibraryPakFileMountedCallback: PakFile 'C:/Program Files/Epic Games/UE_4.27/FeaturePacks/TP_SideScrollerBP.upack' (chunk index -1, root 'root:/') mounted
[2022.03.14-15.06.20:373][  0]LogShaderLibrary: Display: ShaderCodeLibraryPakFileMountedCallback: pending pak file info (ChunkID:-1 Root:root:/ File:C:/Program Files/Epic Games/UE_4.27/FeaturePacks/TP_SideScrollerBP.upack)
[2022.03.14-15.06.20:374][  0]LogPakFile: OnPakFileMounted2Time == 0.000360
[2022.03.14-15.06.20:375][  0]LogPakFile: PakFile PrimaryIndexSize=187
[2022.03.14-15.06.20:375][  0]LogPakFile: PakFile PathHashIndexSize=101
[2022.03.14-15.06.20:375][  0]LogPakFile: PakFile FullDirectoryIndexSize=148
[2022.03.14-15.06.20:375][  0]LogShaderLibrary: Display: ShaderCodeLibraryPakFileMountedCallback: PakFile 'C:/Program Files/Epic Games/UE_4.27/FeaturePacks/TP_ThirdPerson.upack' (chunk index -1, root 'root:/') mounted
[2022.03.14-15.06.20:375][  0]LogShaderLibrary: Display: ShaderCodeLibraryPakFileMountedCallback: pending pak file info (ChunkID:-1 Root:root:/ File:C:/Program Files/Epic Games/UE_4.27/FeaturePacks/TP_ThirdPerson.upack)
[2022.03.14-15.06.20:376][  0]LogPakFile: OnPakFileMounted2Time == 0.000254
[2022.03.14-15.06.20:377][  0]LogPakFile: PakFile PrimaryIndexSize=189
[2022.03.14-15.06.20:377][  0]LogPakFile: PakFile PathHashIndexSize=101
[2022.03.14-15.06.20:377][  0]LogPakFile: PakFile FullDirectoryIndexSize=152
[2022.03.14-15.06.20:377][  0]LogShaderLibrary: Display: ShaderCodeLibraryPakFileMountedCallback: PakFile 'C:/Program Files/Epic Games/UE_4.27/FeaturePacks/TP_ThirdPersonBP.upack' (chunk index -1, root 'root:/') mounted
[2022.03.14-15.06.20:377][  0]LogShaderLibrary: Display: ShaderCodeLibraryPakFileMountedCallback: pending pak file info (ChunkID:-1 Root:root:/ File:C:/Program Files/Epic Games/UE_4.27/FeaturePacks/TP_ThirdPersonBP.upack)
[2022.03.14-15.06.20:378][  0]LogPakFile: OnPakFileMounted2Time == 0.000302
[2022.03.14-15.06.20:379][  0]LogPakFile: PakFile PrimaryIndexSize=183
[2022.03.14-15.06.20:379][  0]LogPakFile: PakFile PathHashIndexSize=101
[2022.03.14-15.06.20:379][  0]LogPakFile: PakFile FullDirectoryIndexSize=140
[2022.03.14-15.06.20:379][  0]LogShaderLibrary: Display: ShaderCodeLibraryPakFileMountedCallback: PakFile 'C:/Program Files/Epic Games/UE_4.27/FeaturePacks/TP_TopDown.upack' (chunk index -1, root 'root:/') mounted
[2022.03.14-15.06.20:380][  0]LogShaderLibrary: Display: ShaderCodeLibraryPakFileMountedCallback: pending pak file info (ChunkID:-1 Root:root:/ File:C:/Program Files/Epic Games/UE_4.27/FeaturePacks/TP_TopDown.upack)
[2022.03.14-15.06.20:380][  0]LogPakFile: OnPakFileMounted2Time == 0.000445
[2022.03.14-15.06.20:382][  0]LogPakFile: PakFile PrimaryIndexSize=185
[2022.03.14-15.06.20:383][  0]LogPakFile: PakFile PathHashIndexSize=101
[2022.03.14-15.06.20:383][  0]LogPakFile: PakFile FullDirectoryIndexSize=144
[2022.03.14-15.06.20:383][  0]LogShaderLibrary: Display: ShaderCodeLibraryPakFileMountedCallback: PakFile 'C:/Program Files/Epic Games/UE_4.27/FeaturePacks/TP_TopDownBP.upack' (chunk index -1, root 'root:/') mounted
[2022.03.14-15.06.20:383][  0]LogShaderLibrary: Display: ShaderCodeLibraryPakFileMountedCallback: pending pak file info (ChunkID:-1 Root:root:/ File:C:/Program Files/Epic Games/UE_4.27/FeaturePacks/TP_TopDownBP.upack)
[2022.03.14-15.06.20:383][  0]LogPakFile: OnPakFileMounted2Time == 0.000359
[2022.03.14-15.06.20:385][  0]LogPakFile: PakFile PrimaryIndexSize=185
[2022.03.14-15.06.20:385][  0]LogPakFile: PakFile PathHashIndexSize=101
[2022.03.14-15.06.20:385][  0]LogPakFile: PakFile FullDirectoryIndexSize=144
[2022.03.14-15.06.20:386][  0]LogShaderLibrary: Display: ShaderCodeLibraryPakFileMountedCallback: PakFile 'C:/Program Files/Epic Games/UE_4.27/FeaturePacks/TP_TwinStick.upack' (chunk index -1, root 'root:/') mounted
[2022.03.14-15.06.20:386][  0]LogShaderLibrary: Display: ShaderCodeLibraryPakFileMountedCallback: pending pak file info (ChunkID:-1 Root:root:/ File:C:/Program Files/Epic Games/UE_4.27/FeaturePacks/TP_TwinStick.upack)
[2022.03.14-15.06.20:386][  0]LogPakFile: OnPakFileMounted2Time == 0.000318
[2022.03.14-15.06.20:387][  0]LogPakFile: PakFile PrimaryIndexSize=187
[2022.03.14-15.06.20:387][  0]LogPakFile: PakFile PathHashIndexSize=101
[2022.03.14-15.06.20:387][  0]LogPakFile: PakFile FullDirectoryIndexSize=148
[2022.03.14-15.06.20:388][  0]LogShaderLibrary: Display: ShaderCodeLibraryPakFileMountedCallback: PakFile 'C:/Program Files/Epic Games/UE_4.27/FeaturePacks/TP_TwinStickBP.upack' (chunk index -1, root 'root:/') mounted
[2022.03.14-15.06.20:388][  0]LogShaderLibrary: Display: ShaderCodeLibraryPakFileMountedCallback: pending pak file info (ChunkID:-1 Root:root:/ File:C:/Program Files/Epic Games/UE_4.27/FeaturePacks/TP_TwinStickBP.upack)
[2022.03.14-15.06.20:388][  0]LogPakFile: OnPakFileMounted2Time == 0.000215
[2022.03.14-15.06.20:389][  0]LogPakFile: PakFile PrimaryIndexSize=183
[2022.03.14-15.06.20:389][  0]LogPakFile: PakFile PathHashIndexSize=101
[2022.03.14-15.06.20:389][  0]LogPakFile: PakFile FullDirectoryIndexSize=140
[2022.03.14-15.06.20:390][  0]LogShaderLibrary: Display: ShaderCodeLibraryPakFileMountedCallback: PakFile 'C:/Program Files/Epic Games/UE_4.27/FeaturePacks/TP_Vehicle.upack' (chunk index -1, root 'root:/') mounted
[2022.03.14-15.06.20:390][  0]LogShaderLibrary: Display: ShaderCodeLibraryPakFileMountedCallback: pending pak file info (ChunkID:-1 Root:root:/ File:C:/Program Files/Epic Games/UE_4.27/FeaturePacks/TP_Vehicle.upack)
[2022.03.14-15.06.20:390][  0]LogPakFile: OnPakFileMounted2Time == 0.000226
[2022.03.14-15.06.20:391][  0]LogPakFile: PakFile PrimaryIndexSize=186
[2022.03.14-15.06.20:391][  0]LogPakFile: PakFile PathHashIndexSize=101
[2022.03.14-15.06.20:391][  0]LogPakFile: PakFile FullDirectoryIndexSize=146
[2022.03.14-15.06.20:391][  0]LogShaderLibrary: Display: ShaderCodeLibraryPakFileMountedCallback: PakFile 'C:/Program Files/Epic Games/UE_4.27/FeaturePacks/TP_VehicleAdv.upack' (chunk index -1, root 'root:/') mounted
[2022.03.14-15.06.20:392][  0]LogShaderLibrary: Display: ShaderCodeLibraryPakFileMountedCallback: pending pak file info (ChunkID:-1 Root:root:/ File:C:/Program Files/Epic Games/UE_4.27/FeaturePacks/TP_VehicleAdv.upack)
[2022.03.14-15.06.20:392][  0]LogPakFile: OnPakFileMounted2Time == 0.000216
[2022.03.14-15.06.20:393][  0]LogPakFile: PakFile PrimaryIndexSize=188
[2022.03.14-15.06.20:393][  0]LogPakFile: PakFile PathHashIndexSize=101
[2022.03.14-15.06.20:393][  0]LogPakFile: PakFile FullDirectoryIndexSize=150
[2022.03.14-15.06.20:393][  0]LogShaderLibrary: Display: ShaderCodeLibraryPakFileMountedCallback: PakFile 'C:/Program Files/Epic Games/UE_4.27/FeaturePacks/TP_VehicleAdvBP.upack' (chunk index -1, root 'root:/') mounted
[2022.03.14-15.06.20:393][  0]LogShaderLibrary: Display: ShaderCodeLibraryPakFileMountedCallback: pending pak file info (ChunkID:-1 Root:root:/ File:C:/Program Files/Epic Games/UE_4.27/FeaturePacks/TP_VehicleAdvBP.upack)
[2022.03.14-15.06.20:394][  0]LogPakFile: OnPakFileMounted2Time == 0.000232
[2022.03.14-15.06.20:395][  0]LogPakFile: PakFile PrimaryIndexSize=185
[2022.03.14-15.06.20:395][  0]LogPakFile: PakFile PathHashIndexSize=101
[2022.03.14-15.06.20:396][  0]LogPakFile: PakFile FullDirectoryIndexSize=144
[2022.03.14-15.06.20:396][  0]LogShaderLibrary: Display: ShaderCodeLibraryPakFileMountedCallback: PakFile 'C:/Program Files/Epic Games/UE_4.27/FeaturePacks/TP_VehicleBP.upack' (chunk index -1, root 'root:/') mounted
[2022.03.14-15.06.20:396][  0]LogShaderLibrary: Display: ShaderCodeLibraryPakFileMountedCallback: pending pak file info (ChunkID:-1 Root:root:/ File:C:/Program Files/Epic Games/UE_4.27/FeaturePacks/TP_VehicleBP.upack)
[2022.03.14-15.06.20:396][  0]LogPakFile: OnPakFileMounted2Time == 0.000315
[2022.03.14-15.06.20:397][  0]LogPakFile: PakFile PrimaryIndexSize=192
[2022.03.14-15.06.20:397][  0]LogPakFile: PakFile PathHashIndexSize=101
[2022.03.14-15.06.20:398][  0]LogPakFile: PakFile FullDirectoryIndexSize=158
[2022.03.14-15.06.20:399][  0]LogShaderLibrary: Display: ShaderCodeLibraryPakFileMountedCallback: PakFile 'C:/Program Files/Epic Games/UE_4.27/FeaturePacks/TP_VirtualRealityBP.upack' (chunk index -1, root 'root:/') mounted
[2022.03.14-15.06.20:399][  0]LogShaderLibrary: Display: ShaderCodeLibraryPakFileMountedCallback: pending pak file info (ChunkID:-1 Root:root:/ File:C:/Program Files/Epic Games/UE_4.27/FeaturePacks/TP_VirtualRealityBP.upack)
[2022.03.14-15.06.20:399][  0]LogPakFile: OnPakFileMounted2Time == 0.000523
[2022.03.14-15.06.20:493][  0]LogNativeClassHierarchy: Verbose: Native class hierarchy updated for 'AddContentDialog' in 0.0005 seconds. Added 0 classes and 0 folders.
[2022.03.14-15.06.20:495][  0]LogNativeClassHierarchy: Verbose: Native class hierarchy updated for 'SceneOutliner' in 0.0005 seconds. Added 2 classes and 0 folders.
[2022.03.14-15.06.20:588][  0]LogSlate: Took 0.000234 seconds to synchronously load lazily loaded font '../../../Engine/Content/Slate/Fonts/Roboto-Regular.ttf' (155K)
[2022.03.14-15.06.20:590][  0]LogSlate: Took 0.000435 seconds to synchronously load lazily loaded font '../../../Engine/Content/Editor/Slate/Fonts/GenEiGothicPro-Regular.otf' (707K)
[2022.03.14-15.06.20:591][  0]LogSlate: Took 0.000234 seconds to synchronously load lazily loaded font '../../../Engine/Content/Editor/Slate/Fonts/FontAwesome.ttf' (139K)
[2022.03.14-15.06.20:592][  0]LogSlate: Took 0.000581 seconds to synchronously load lazily loaded font '../../../Engine/Content/Editor/Slate/Fonts/GenEiGothicPro-Bold.otf' (698K)
[2022.03.14-15.06.20:593][  0]LogSlate: Took 0.000277 seconds to synchronously load lazily loaded font '../../../Engine/Content/Slate/Fonts/Roboto-Bold.ttf' (160K)
[2022.03.14-15.06.20:734][  0]LogRenderer: Reallocating scene render targets to support 1040x580 Format 10 NumSamples 1 (Frame:1).
[2022.03.14-15.06.20:807][  0]LogSlate: Took 0.000204 seconds to synchronously load lazily loaded font '../../../Engine/Content/Slate/Fonts/Roboto-Light.ttf' (167K)
[2022.03.14-15.06.20:938][  0]LogNativeClassHierarchy: Verbose: Native class hierarchy updated for 'HierarchicalLODOutliner' in 0.0004 seconds. Added 0 classes and 0 folders.
[2022.03.14-15.06.20:938][  0]LogLoad: (Engine Initialization) Total time: 15.12 seconds
[2022.03.14-15.06.20:938][  0]LogLoad: (Engine Initialization) Total Blueprint compile time: 0.00 seconds
[2022.03.14-15.06.21:004][  0]LogAssetRegistry: Asset discovery search completed in 8.3045 seconds
[2022.03.14-15.06.21:014][  0]LogCollectionManager: Fixed up redirectors for 0 collections in 0.000005 seconds (updated 0 objects)
[2022.03.14-15.06.21:014][  0]LogContentStreaming: Texture pool size now 1000 MB
