Log file open, 03/09/22 13:33:03
LogWindows: Failed to load 'aqProf.dll' (GetLastError=126)
LogWindows: File 'aqProf.dll' does not exist
LogWindows: Failed to load 'VtuneApi.dll' (GetLastError=126)
LogWindows: File 'VtuneApi.dll' does not exist
LogWindows: Failed to load 'VtuneApi32e.dll' (GetLastError=126)
LogWindows: File 'VtuneApi32e.dll' does not exist
LogConsoleResponse: Display: Failed to find resolution value strings in scalability ini. Falling back to default.
LogConsoleResponse: Display: Failed to find resolution value strings in scalability ini. Falling back to default.
LogInit: Display: Running engine for game: DU_Project
LogPlatformFile: Not using cached read wrapper
LogTaskGraph: Started task graph with 5 named threads and 47 total threads with 3 sets of task threads.
LogStats: Stats thread started at 0.801400
LogICUInternationalization: ICU TimeZone Detection - Raw Offset: +9:00, Platform Override: ''
LogInit: Display: Loading text-based GConfig....
LogPluginManager: Mounting plugin MeshPainting
LogPluginManager: Mounting plugin XGEController
LogPluginManager: Mounting plugin Paper2D
LogPluginManager: Mounting plugin LiveLink
LogPluginManager: Mounting plugin LightPropagationVolume
LogPluginManager: Mounting plugin AISupport
LogPluginManager: Mounting plugin OodleData
LogPluginManager: Mounting plugin GameplayCameras
LogPluginManager: Mounting plugin CameraShakePreviewer
LogPluginManager: Mounting plugin OodleNetwork
LogPluginManager: Mounting plugin AnimationSharing
LogPluginManager: Mounting plugin CodeLiteSourceCodeAccess
LogPluginManager: Mounting plugin CLionSourceCodeAccess
LogPluginManager: Mounting plugin GitSourceControl
LogPluginManager: Mounting plugin NullSourceCodeAccess
LogPluginManager: Mounting plugin PerforceSourceControl
LogPluginManager: Mounting plugin PixWinPlugin
LogPluginManager: Mounting plugin PlasticSourceControl
LogPluginManager: Mounting plugin PropertyAccessNode
LogPluginManager: Mounting plugin PluginUtils
LogPluginManager: Mounting plugin KDevelopSourceCodeAccess
LogPluginManager: Mounting plugin SubversionSourceControl
LogPluginManager: Mounting plugin TextureFormatOodle
LogPluginManager: Mounting plugin UObjectPlugin
LogPluginManager: Mounting plugin VisualStudioCodeSourceCodeAccess
LogPluginManager: Mounting plugin VisualStudioSourceCodeAccess
LogPluginManager: Mounting plugin XCodeSourceCodeAccess
LogPluginManager: Mounting plugin DatasmithContent
LogPluginManager: Mounting plugin VariantManagerContent
LogPluginManager: Mounting plugin Niagara
LogPluginManager: Mounting plugin MagicLeap
LogPluginManager: Mounting plugin MagicLeapLightEstimation
LogPluginManager: Mounting plugin MagicLeapMedia
LogPluginManager: Mounting plugin MagicLeapPassableWorld
LogPluginManager: Mounting plugin MLSDK
LogPluginManager: Mounting plugin AlembicImporter
LogPluginManager: Mounting plugin AutomationUtils
LogPluginManager: Mounting plugin BackChannel
LogPluginManager: Mounting plugin ChaosCloth
LogPluginManager: Mounting plugin ChaosClothEditor
LogPluginManager: Mounting plugin ChaosEditor
LogPluginManager: Mounting plugin ChaosNiagara
LogPluginManager: Mounting plugin ChaosSolverPlugin
LogPluginManager: Mounting plugin CharacterAI
LogPluginManager: Mounting plugin GeometryCache
LogPluginManager: Mounting plugin GeometryProcessing
LogPluginManager: Mounting plugin TcpMessaging
LogPluginManager: Mounting plugin UdpMessaging
LogPluginManager: Mounting plugin MotoSynth
LogPluginManager: Mounting plugin OpenImageDenoise
LogPluginManager: Mounting plugin PlanarCut
LogPluginManager: Mounting plugin GeometryCollectionPlugin
LogPluginManager: Mounting plugin PythonScriptPlugin
LogPluginManager: Mounting plugin SkeletalReduction
LogPluginManager: Mounting plugin AndroidMedia
LogPluginManager: Mounting plugin ProxyLODPlugin
LogPluginManager: Mounting plugin ActorSequence
LogPluginManager: Mounting plugin LevelSequenceEditor
LogPluginManager: Mounting plugin AvfMedia
LogPluginManager: Mounting plugin MatineeToLevelSequence
LogPluginManager: Mounting plugin ImgMedia
LogPluginManager: Mounting plugin PlatformCrypto
LogPluginManager: Mounting plugin MediaCompositing
LogPluginManager: Mounting plugin MediaPlayerEditor
LogPluginManager: Mounting plugin WebMMedia
LogPluginManager: Mounting plugin OnlineSubsystem
LogPluginManager: Mounting plugin WmfMedia
LogPluginManager: Mounting plugin OnlineSubsystemNull
LogPluginManager: Mounting plugin OnlineSubsystemUtils
LogPluginManager: Mounting plugin TemplateSequence
LogPluginManager: Mounting plugin LauncherChunkInstaller
LogPluginManager: Mounting plugin ActorLayerUtilities
LogPluginManager: Mounting plugin AndroidDeviceProfileSelector
LogPluginManager: Mounting plugin AndroidMoviePlayer
LogPluginManager: Mounting plugin AndroidPermission
LogPluginManager: Mounting plugin AppleImageUtils
LogPluginManager: Mounting plugin AppleMoviePlayer
LogPluginManager: Mounting plugin ArchVisCharacter
LogPluginManager: Mounting plugin AssetTags
LogPluginManager: Mounting plugin AudioCapture
LogPluginManager: Mounting plugin CableComponent
LogPluginManager: Mounting plugin ChunkDownloader
LogPluginManager: Mounting plugin CustomMeshComponent
LogPluginManager: Mounting plugin EditableMesh
LogPluginManager: Mounting plugin ExampleDeviceProfileSelector
LogPluginManager: Mounting plugin GoogleCloudMessaging
LogPluginManager: Mounting plugin GooglePAD
LogPluginManager: Mounting plugin ScreenshotTools
LogPluginManager: Mounting plugin EnvironmentQueryEditor
LogPluginManager: Mounting plugin IOSDeviceProfileSelector
LogPluginManager: Mounting plugin LinuxDeviceProfileSelector
LogPluginManager: Mounting plugin RiderSourceCodeAccess
LogPluginManager: Mounting plugin LocationServicesBPLibrary
LogPluginManager: Mounting plugin MobilePatchingUtils
LogPluginManager: Mounting plugin LuminPlatformFeatures
LogPluginManager: Mounting plugin OpenXR
LogPluginManager: Mounting plugin OpenXREyeTracker
LogPluginManager: Mounting plugin OpenXRHandTracking
LogPluginManager: Mounting plugin PhysXVehicles
LogPluginManager: Mounting plugin ProceduralMeshComponent
LogPluginManager: Mounting plugin Takes
LogPluginManager: Mounting plugin PropertyAccessEditor
LogPluginManager: Mounting plugin RuntimePhysXCooking
LogPluginManager: Mounting plugin SignificanceManager
LogPluginManager: Mounting plugin SoundFields
LogPluginManager: Mounting plugin PostSplashScreen
LogPluginManager: Mounting plugin Synthesis
LogPluginManager: Mounting plugin WebMMoviePlayer
LogPluginManager: Mounting plugin WindowsMoviePlayer
LogPluginManager: Mounting plugin AssetManagerEditor
LogPluginManager: Mounting plugin CryptoKeys
LogPluginManager: Mounting plugin CurveEditorTools
LogPluginManager: Mounting plugin DataValidation
LogPluginManager: Mounting plugin FacialAnimation
LogPluginManager: Mounting plugin GameplayTagsEditor
LogPluginManager: Mounting plugin MacGraphicsSwitching
LogPluginManager: Mounting plugin GeometryMode
LogPluginManager: Mounting plugin MobileLauncherProfileWizard
LogPluginManager: Mounting plugin PluginBrowser
LogPluginManager: Mounting plugin SpeedTreeImporter
LogPluginManager: Mounting plugin MaterialAnalyzer
LogPluginManager: Mounting plugin AudioSynesthesia
LogPluginManager: Mounting plugin OnlineSubsystemGooglePlay
LogPluginManager: Mounting plugin OnlineSubsystemIOS
LogPluginManager: Mounting plugin OculusVR
LogPluginManager: Mounting plugin SteamVR
LogPluginManager: Mounting plugin ContentBrowserAssetDataSource
LogPluginManager: Mounting plugin ContentBrowserClassDataSource
LogPluginManager: Mounting plugin ContentBrowserFileDataSource
PixWinPlugin: PIX capture plugin failed to initialize! Check that the process is launched from PIX.
LogInit: Using libcurl 7.55.1-DEV
LogInit:  - built for x86_64-pc-win32
LogInit:  - supports SSL with OpenSSL/1.1.1
LogInit:  - supports HTTP deflate (compression) using libz 1.2.8
LogInit:  - other features:
LogInit:      CURL_VERSION_SSL
LogInit:      CURL_VERSION_LIBZ
LogInit:      CURL_VERSION_IPV6
LogInit:      CURL_VERSION_ASYNCHDNS
LogInit:      CURL_VERSION_LARGEFILE
LogInit:      CURL_VERSION_IDN
LogInit:  CurlRequestOptions (configurable via config and command line):
LogInit:  - bVerifyPeer = true  - Libcurl will verify peer certificate
LogInit:  - bUseHttpProxy = false  - Libcurl will NOT use HTTP proxy
LogInit:  - bDontReuseConnections = false  - Libcurl will reuse connections
LogInit:  - MaxHostConnections = 16  - Libcurl will limit the number of connections to a host
LogInit:  - LocalHostAddr = Default
LogInit:  - BufferSize = 65536
LogOnline: OSS: Creating online subsystem instance for: NULL
LogInit: WinSock: version 1.1 (2.2), MaxSocks=32767, MaxUdp=65467
LogOnline: OSS: TryLoadSubsystemAndSetDefault: Loaded subsystem for module [NULL]
LogOculusPluginWrapper: OculusPlugin initialized successfully
LogHMD: Failed initializing OVRPlugin 1.59.0
LogInit: Build: ++UE4+Release-4.27-CL-18319896
LogInit: Engine Version: 4.27.2-18319896+++UE4+Release-4.27
LogInit: Compatible Engine Version: 4.27.0-17155196+++UE4+Release-4.27
LogInit: Net CL: 17155196
LogInit: OS: Windows 10 (Release 2009) (), CPU: AMD Ryzen 9 4900HS with Radeon Graphics         , GPU: AMD Radeon(TM) Graphics
LogInit: Compiled (64-bit): Nov 30 2021 07:12:08
LogInit: Compiled with Visual C++: 19.24.28315.00
LogInit: Build Configuration: Development
LogInit: Branch Name: ++UE4+Release-4.27
LogInit: Command Line:  -skipcompile
LogInit: Base Directory: C:/Program Files/Epic Games/UE_4.27/Engine/Binaries/Win64/
LogInit: Allocator: TBB
LogInit: Installed Engine Build: 1
LogDevObjectVersion: Number of dev versions registered: 29
LogDevObjectVersion:   Dev-Blueprints (B0D832E4-1F89-4F0D-ACCF-7EB736FD4AA2): 10
LogDevObjectVersion:   Dev-Build (E1C64328-A22C-4D53-A36C-8E866417BD8C): 0
LogDevObjectVersion:   Dev-Core (375EC13C-06E4-48FB-B500-84F0262A717E): 4
LogDevObjectVersion:   Dev-Editor (E4B068ED-F494-42E9-A231-DA0B2E46BB41): 40
LogDevObjectVersion:   Dev-Framework (CFFC743F-43B0-4480-9391-14DF171D2073): 37
LogDevObjectVersion:   Dev-Mobile (B02B49B5-BB20-44E9-A304-32B752E40360): 3
LogDevObjectVersion:   Dev-Networking (A4E4105C-59A1-49B5-A7C5-40C4547EDFEE): 0
LogDevObjectVersion:   Dev-Online (39C831C9-5AE6-47DC-9A44-9C173E1C8E7C): 0
LogDevObjectVersion:   Dev-Physics (78F01B33-EBEA-4F98-B9B4-84EACCB95AA2): 14
LogDevObjectVersion:   Dev-Platform (6631380F-2D4D-43E0-8009-CF276956A95A): 0
LogDevObjectVersion:   Dev-Rendering (12F88B9F-8875-4AFC-A67C-D90C383ABD29): 45
LogDevObjectVersion:   Dev-Sequencer (7B5AE74C-D270-4C10-A958-57980B212A5A): 13
LogDevObjectVersion:   Dev-VR (D7296918-1DD6-4BDD-9DE2-64A83CC13884): 3
LogDevObjectVersion:   Dev-LoadTimes (C2A15278-BFE7-4AFE-6C17-90FF531DF755): 1
LogDevObjectVersion:   Private-Geometry (6EACA3D4-40EC-4CC1-B786-8BED09428FC5): 3
LogDevObjectVersion:   Dev-AnimPhys (29E575DD-E0A3-4627-9D10-D276232CDCEA): 17
LogDevObjectVersion:   Dev-Anim (AF43A65D-7FD3-4947-9873-3E8ED9C1BB05): 15
LogDevObjectVersion:   Dev-ReflectionCapture (6B266CEC-1EC7-4B8F-A30B-E4D90942FC07): 1
LogDevObjectVersion:   Dev-Automation (0DF73D61-A23F-47EA-B727-89E90C41499A): 1
LogDevObjectVersion:   FortniteMain (601D1886-AC64-4F84-AA16-D3DE0DEAC7D6): 47
LogDevObjectVersion:   FortniteRelease (E7086368-6B23-4C58-8439-1B7016265E91): 1
LogDevObjectVersion:   Dev-Enterprise (9DFFBCD6-494F-0158-E221-12823C92A888): 10
LogDevObjectVersion:   Dev-Niagara (F2AED0AC-9AFE-416F-8664-AA7FFA26D6FC): 1
LogDevObjectVersion:   Dev-Destruction (174F1F0B-B4C6-45A5-B13F-2EE8D0FB917D): 10
LogDevObjectVersion:   Dev-Physics-Ext (35F94A83-E258-406C-A318-09F59610247C): 41
LogDevObjectVersion:   Dev-PhysicsMaterial-Chaos (B68FC16E-8B1B-42E2-B453-215C058844FE): 1
LogDevObjectVersion:   Dev-CineCamera (B2E18506-4273-CFC2-A54E-F4BB758BBA07): 1
LogDevObjectVersion:   Dev-VirtualProduction (64F58936-FD1B-42BA-BA96-7289D5D0FA4E): 1
LogDevObjectVersion:   Dev-MediaFramework (6F0ED827-A609-4895-9C91-998D90180EA4): 2
LogInit: Presizing for max 25165824 objects, including 0 objects not considered by GC, pre-allocating 0 bytes for permanent pool.
LogConfig: Applying CVar settings from Section [/Script/Engine.StreamingSettings] File [D:/Source Codes/Game Projects/DU/DU_Project/Saved/Config/Windows/Engine.ini]
LogConfig: Setting CVar [[s.MinBulkDataSizeForAsyncLoading:131072]]
LogConfig: Setting CVar [[s.AsyncLoadingThreadEnabled:0]]
LogConfig: Setting CVar [[s.EventDrivenLoaderEnabled:1]]
LogConfig: Setting CVar [[s.WarnIfTimeLimitExceeded:0]]
LogConfig: Setting CVar [[s.TimeLimitExceededMultiplier:1.5]]
LogConfig: Setting CVar [[s.TimeLimitExceededMinTime:0.005]]
LogConfig: Setting CVar [[s.UseBackgroundLevelStreaming:1]]
LogConfig: Setting CVar [[s.PriorityAsyncLoadingExtraTime:15.0]]
LogConfig: Setting CVar [[s.LevelStreamingActorsUpdateTimeLimit:5.0]]
LogConfig: Setting CVar [[s.PriorityLevelStreamingActorsUpdateExtraTime:5.0]]
LogConfig: Setting CVar [[s.LevelStreamingComponentsRegistrationGranularity:10]]
LogConfig: Setting CVar [[s.UnregisterComponentsTimeLimit:1.0]]
LogConfig: Setting CVar [[s.LevelStreamingComponentsUnregistrationGranularity:5]]
LogConfig: Setting CVar [[s.FlushStreamingOnExit:1]]
LogInit: Object subsystem initialized
LogConfig: Setting CVar [[con.DebugEarlyDefault:1]]
LogConfig: Setting CVar [[r.setres:1280x720]]
[2022.03.09-04.33.09:276][  0]LogConfig: Setting CVar [[r.VSync:0]]
[2022.03.09-04.33.09:276][  0]LogConfig: Setting CVar [[r.RHICmdBypass:0]]
[2022.03.09-04.33.09:276][  0]LogConfig: Applying CVar settings from Section [/Script/Engine.RendererSettings] File [D:/Source Codes/Game Projects/DU/DU_Project/Saved/Config/Windows/Engine.ini]
[2022.03.09-04.33.09:276][  0]LogConfig: Setting CVar [[r.GPUCrashDebugging:0]]
[2022.03.09-04.33.09:276][  0]LogConfig: Applying CVar settings from Section [/Script/Engine.RendererOverrideSettings] File [D:/Source Codes/Game Projects/DU/DU_Project/Saved/Config/Windows/Engine.ini]
[2022.03.09-04.33.09:276][  0]LogConfig: Applying CVar settings from Section [/Script/Engine.StreamingSettings] File [D:/Source Codes/Game Projects/DU/DU_Project/Saved/Config/Windows/Engine.ini]
[2022.03.09-04.33.09:277][  0]LogConfig: Setting CVar [[s.MinBulkDataSizeForAsyncLoading:131072]]
[2022.03.09-04.33.09:277][  0]LogConfig: Setting CVar [[s.AsyncLoadingThreadEnabled:0]]
[2022.03.09-04.33.09:277][  0]LogConfig: Setting CVar [[s.EventDrivenLoaderEnabled:1]]
[2022.03.09-04.33.09:277][  0]LogConfig: Setting CVar [[s.WarnIfTimeLimitExceeded:0]]
[2022.03.09-04.33.09:277][  0]LogConfig: Setting CVar [[s.TimeLimitExceededMultiplier:1.5]]
[2022.03.09-04.33.09:277][  0]LogConfig: Setting CVar [[s.TimeLimitExceededMinTime:0.005]]
[2022.03.09-04.33.09:277][  0]LogConfig: Setting CVar [[s.UseBackgroundLevelStreaming:1]]
[2022.03.09-04.33.09:277][  0]LogConfig: Setting CVar [[s.PriorityAsyncLoadingExtraTime:15.0]]
[2022.03.09-04.33.09:277][  0]LogConfig: Setting CVar [[s.LevelStreamingActorsUpdateTimeLimit:5.0]]
[2022.03.09-04.33.09:277][  0]LogConfig: Setting CVar [[s.PriorityLevelStreamingActorsUpdateExtraTime:5.0]]
[2022.03.09-04.33.09:277][  0]LogConfig: Setting CVar [[s.LevelStreamingComponentsRegistrationGranularity:10]]
[2022.03.09-04.33.09:277][  0]LogConfig: Setting CVar [[s.UnregisterComponentsTimeLimit:1.0]]
[2022.03.09-04.33.09:277][  0]LogConfig: Setting CVar [[s.LevelStreamingComponentsUnregistrationGranularity:5]]
[2022.03.09-04.33.09:278][  0]LogConfig: Setting CVar [[s.FlushStreamingOnExit:1]]
[2022.03.09-04.33.09:278][  0]LogConfig: Applying CVar settings from Section [/Script/Engine.GarbageCollectionSettings] File [D:/Source Codes/Game Projects/DU/DU_Project/Saved/Config/Windows/Engine.ini]
[2022.03.09-04.33.09:278][  0]LogConfig: Setting CVar [[gc.MaxObjectsNotConsideredByGC:1]]
[2022.03.09-04.33.09:278][  0]LogConfig: Setting CVar [[gc.SizeOfPermanentObjectPool:0]]
[2022.03.09-04.33.09:278][  0]LogConfig: Setting CVar [[gc.FlushStreamingOnGC:0]]
[2022.03.09-04.33.09:278][  0]LogConfig: Setting CVar [[gc.NumRetriesBeforeForcingGC:10]]
[2022.03.09-04.33.09:278][  0]LogConfig: Setting CVar [[gc.AllowParallelGC:1]]
[2022.03.09-04.33.09:278][  0]LogConfig: Setting CVar [[gc.TimeBetweenPurgingPendingKillObjects:61.1]]
[2022.03.09-04.33.09:279][  0]LogConfig: Setting CVar [[gc.MaxObjectsInEditor:25165824]]
[2022.03.09-04.33.09:279][  0]LogConfig: Setting CVar [[gc.IncrementalBeginDestroyEnabled:1]]
[2022.03.09-04.33.09:279][  0]LogConfig: Setting CVar [[gc.CreateGCClusters:1]]
[2022.03.09-04.33.09:279][  0]LogConfig: Setting CVar [[gc.MinGCClusterSize:5]]
[2022.03.09-04.33.09:279][  0]LogConfig: Setting CVar [[gc.ActorClusteringEnabled:0]]
[2022.03.09-04.33.09:279][  0]LogConfig: Setting CVar [[gc.BlueprintClusteringEnabled:0]]
[2022.03.09-04.33.09:279][  0]LogConfig: Setting CVar [[gc.UseDisregardForGCOnDedicatedServers:0]]
[2022.03.09-04.33.09:279][  0]LogConfig: Setting CVar [[gc.MultithreadedDestructionEnabled:1]]
[2022.03.09-04.33.09:279][  0]LogConfig: Applying CVar settings from Section [/Script/Engine.NetworkSettings] File [D:/Source Codes/Game Projects/DU/DU_Project/Saved/Config/Windows/Engine.ini]
[2022.03.09-04.33.09:279][  0]LogConfig: Applying CVar settings from Section [/Script/UnrealEd.CookerSettings] File [D:/Source Codes/Game Projects/DU/DU_Project/Saved/Config/Windows/Engine.ini]
[2022.03.09-04.33.09:308][  0]LogConfig: Applying CVar settings from Section [ViewDistanceQuality@3] File [D:/Source Codes/Game Projects/DU/DU_Project/Saved/Config/Windows/Scalability.ini]
[2022.03.09-04.33.09:308][  0]LogConfig: Setting CVar [[r.SkeletalMeshLODBias:0]]
[2022.03.09-04.33.09:308][  0]LogConfig: Setting CVar [[r.ViewDistanceScale:1.0]]
[2022.03.09-04.33.09:308][  0]LogConfig: Applying CVar settings from Section [AntiAliasingQuality@3] File [D:/Source Codes/Game Projects/DU/DU_Project/Saved/Config/Windows/Scalability.ini]
[2022.03.09-04.33.09:308][  0]LogConfig: Setting CVar [[r.PostProcessAAQuality:4]]
[2022.03.09-04.33.09:308][  0]LogConfig: Applying CVar settings from Section [ShadowQuality@3] File [D:/Source Codes/Game Projects/DU/DU_Project/Saved/Config/Windows/Scalability.ini]
[2022.03.09-04.33.09:308][  0]LogConfig: Setting CVar [[r.LightFunctionQuality:1]]
[2022.03.09-04.33.09:308][  0]LogConfig: Setting CVar [[r.ShadowQuality:5]]
[2022.03.09-04.33.09:308][  0]LogConfig: Setting CVar [[r.Shadow.CSM.MaxCascades:10]]
[2022.03.09-04.33.09:308][  0]LogConfig: Setting CVar [[r.Shadow.MaxResolution:2048]]
[2022.03.09-04.33.09:309][  0]LogConfig: Setting CVar [[r.Shadow.MaxCSMResolution:2048]]
[2022.03.09-04.33.09:309][  0]LogConfig: Setting CVar [[r.Shadow.RadiusThreshold:0.01]]
[2022.03.09-04.33.09:309][  0]LogConfig: Setting CVar [[r.Shadow.DistanceScale:1.0]]
[2022.03.09-04.33.09:309][  0]LogConfig: Setting CVar [[r.Shadow.CSM.TransitionScale:1.0]]
[2022.03.09-04.33.09:309][  0]LogConfig: Setting CVar [[r.Shadow.PreShadowResolutionFactor:1.0]]
[2022.03.09-04.33.09:309][  0]LogConfig: Setting CVar [[r.DistanceFieldShadowing:1]]
[2022.03.09-04.33.09:309][  0]LogConfig: Setting CVar [[r.DistanceFieldAO:1]]
[2022.03.09-04.33.09:309][  0]LogConfig: Setting CVar [[r.AOQuality:2]]
[2022.03.09-04.33.09:309][  0]LogConfig: Setting CVar [[r.VolumetricFog:1]]
[2022.03.09-04.33.09:309][  0]LogConfig: Setting CVar [[r.VolumetricFog.GridPixelSize:8]]
[2022.03.09-04.33.09:309][  0]LogConfig: Setting CVar [[r.VolumetricFog.GridSizeZ:128]]
[2022.03.09-04.33.09:310][  0]LogConfig: Setting CVar [[r.VolumetricFog.HistoryMissSupersampleCount:4]]
[2022.03.09-04.33.09:310][  0]LogConfig: Setting CVar [[r.LightMaxDrawDistanceScale:1]]
[2022.03.09-04.33.09:310][  0]LogConfig: Setting CVar [[r.CapsuleShadows:1]]
[2022.03.09-04.33.09:310][  0]LogConfig: Applying CVar settings from Section [PostProcessQuality@3] File [D:/Source Codes/Game Projects/DU/DU_Project/Saved/Config/Windows/Scalability.ini]
[2022.03.09-04.33.09:310][  0]LogConfig: Setting CVar [[r.MotionBlurQuality:4]]
[2022.03.09-04.33.09:310][  0]LogConfig: Setting CVar [[r.AmbientOcclusionMipLevelFactor:0.4]]
[2022.03.09-04.33.09:310][  0]LogConfig: Setting CVar [[r.AmbientOcclusionMaxQuality:100]]
[2022.03.09-04.33.09:310][  0]LogConfig: Setting CVar [[r.AmbientOcclusionLevels:-1]]
[2022.03.09-04.33.09:310][  0]LogConfig: Setting CVar [[r.AmbientOcclusionRadiusScale:1.0]]
[2022.03.09-04.33.09:310][  0]LogConfig: Setting CVar [[r.DepthOfFieldQuality:2]]
[2022.03.09-04.33.09:310][  0]LogConfig: Setting CVar [[r.RenderTargetPoolMin:400]]
[2022.03.09-04.33.09:311][  0]LogConfig: Setting CVar [[r.LensFlareQuality:2]]
[2022.03.09-04.33.09:311][  0]LogConfig: Setting CVar [[r.SceneColorFringeQuality:1]]
[2022.03.09-04.33.09:311][  0]LogConfig: Setting CVar [[r.EyeAdaptationQuality:2]]
[2022.03.09-04.33.09:311][  0]LogConfig: Setting CVar [[r.BloomQuality:5]]
[2022.03.09-04.33.09:311][  0]LogConfig: Setting CVar [[r.FastBlurThreshold:100]]
[2022.03.09-04.33.09:311][  0]LogConfig: Setting CVar [[r.Upscale.Quality:3]]
[2022.03.09-04.33.09:311][  0]LogConfig: Setting CVar [[r.Tonemapper.GrainQuantization:1]]
[2022.03.09-04.33.09:311][  0]LogConfig: Setting CVar [[r.LightShaftQuality:1]]
[2022.03.09-04.33.09:311][  0]LogConfig: Setting CVar [[r.Filter.SizeScale:1]]
[2022.03.09-04.33.09:311][  0]LogConfig: Setting CVar [[r.Tonemapper.Quality:5]]
[2022.03.09-04.33.09:311][  0]LogConfig: Setting CVar [[r.DOF.Gather.AccumulatorQuality:1        ; higher gathering accumulator quality]]
[2022.03.09-04.33.09:312][  0]LogConfig: Setting CVar [[r.DOF.Gather.PostfilterMethod:1          ; Median3x3 postfilering method]]
[2022.03.09-04.33.09:312][  0]LogConfig: Setting CVar [[r.DOF.Gather.EnableBokehSettings:0       ; no bokeh simulation when gathering]]
[2022.03.09-04.33.09:312][  0]LogConfig: Setting CVar [[r.DOF.Gather.RingCount:4                 ; medium number of samples when gathering]]
[2022.03.09-04.33.09:312][  0]LogConfig: Setting CVar [[r.DOF.Scatter.ForegroundCompositing:1    ; additive foreground scattering]]
[2022.03.09-04.33.09:312][  0]LogConfig: Setting CVar [[r.DOF.Scatter.BackgroundCompositing:2    ; additive background scattering]]
[2022.03.09-04.33.09:312][  0]LogConfig: Setting CVar [[r.DOF.Scatter.EnableBokehSettings:1      ; bokeh simulation when scattering]]
[2022.03.09-04.33.09:312][  0]LogConfig: Setting CVar [[r.DOF.Scatter.MaxSpriteRatio:0.1         ; only a maximum of 10% of scattered bokeh]]
[2022.03.09-04.33.09:312][  0]LogConfig: Setting CVar [[r.DOF.Recombine.Quality:1                ; cheap slight out of focus]]
[2022.03.09-04.33.09:312][  0]LogConfig: Setting CVar [[r.DOF.Recombine.EnableBokehSettings:0    ; no bokeh simulation on slight out of focus]]
[2022.03.09-04.33.09:312][  0]LogConfig: Setting CVar [[r.DOF.TemporalAAQuality:1                ; more stable temporal accumulation]]
[2022.03.09-04.33.09:312][  0]LogConfig: Setting CVar [[r.DOF.Kernel.MaxForegroundRadius:0.025]]
[2022.03.09-04.33.09:313][  0]LogConfig: Setting CVar [[r.DOF.Kernel.MaxBackgroundRadius:0.025]]
[2022.03.09-04.33.09:313][  0]LogConfig: Applying CVar settings from Section [TextureQuality@3] File [D:/Source Codes/Game Projects/DU/DU_Project/Saved/Config/Windows/Scalability.ini]
[2022.03.09-04.33.09:313][  0]LogConfig: Setting CVar [[r.Streaming.MipBias:0]]
[2022.03.09-04.33.09:313][  0]LogConfig: Setting CVar [[r.Streaming.AmortizeCPUToGPUCopy:0]]
[2022.03.09-04.33.09:313][  0]LogConfig: Setting CVar [[r.Streaming.MaxNumTexturesToStreamPerFrame:0]]
[2022.03.09-04.33.09:313][  0]LogConfig: Setting CVar [[r.Streaming.Boost:1]]
[2022.03.09-04.33.09:313][  0]LogConfig: Setting CVar [[r.MaxAnisotropy:8]]
[2022.03.09-04.33.09:313][  0]LogConfig: Setting CVar [[r.VT.MaxAnisotropy:8]]
[2022.03.09-04.33.09:313][  0]LogConfig: Setting CVar [[r.Streaming.LimitPoolSizeToVRAM:0]]
[2022.03.09-04.33.09:313][  0]LogConfig: Setting CVar [[r.Streaming.PoolSize:1000]]
[2022.03.09-04.33.09:314][  0]LogConfig: Setting CVar [[r.Streaming.MaxEffectiveScreenSize:0]]
[2022.03.09-04.33.09:314][  0]LogConfig: Applying CVar settings from Section [EffectsQuality@3] File [D:/Source Codes/Game Projects/DU/DU_Project/Saved/Config/Windows/Scalability.ini]
[2022.03.09-04.33.09:314][  0]LogConfig: Setting CVar [[r.TranslucencyLightingVolumeDim:64]]
[2022.03.09-04.33.09:314][  0]LogConfig: Setting CVar [[r.RefractionQuality:2]]
[2022.03.09-04.33.09:314][  0]LogConfig: Setting CVar [[r.SSR.Quality:3]]
[2022.03.09-04.33.09:314][  0]LogConfig: Setting CVar [[r.SSR.HalfResSceneColor:0]]
[2022.03.09-04.33.09:314][  0]LogConfig: Setting CVar [[r.SceneColorFormat:4]]
[2022.03.09-04.33.09:314][  0]LogConfig: Setting CVar [[r.DetailMode:2]]
[2022.03.09-04.33.09:314][  0]LogConfig: Setting CVar [[r.TranslucencyVolumeBlur:1]]
[2022.03.09-04.33.09:314][  0]LogConfig: Setting CVar [[r.MaterialQualityLevel:1 ; High quality]]
[2022.03.09-04.33.09:314][  0]LogConfig: Setting CVar [[r.AnisotropicMaterials:1]]
[2022.03.09-04.33.09:314][  0]LogConfig: Setting CVar [[r.SSS.Scale:1]]
[2022.03.09-04.33.09:315][  0]LogConfig: Setting CVar [[r.SSS.SampleSet:2]]
[2022.03.09-04.33.09:315][  0]LogConfig: Setting CVar [[r.SSS.Quality:1]]
[2022.03.09-04.33.09:315][  0]LogConfig: Setting CVar [[r.SSS.HalfRes:0]]
[2022.03.09-04.33.09:315][  0]LogConfig: Setting CVar [[r.SSGI.Quality:3]]
[2022.03.09-04.33.09:315][  0]LogConfig: Setting CVar [[r.EmitterSpawnRateScale:1.0]]
[2022.03.09-04.33.09:315][  0]LogConfig: Setting CVar [[r.ParticleLightQuality:2]]
[2022.03.09-04.33.09:315][  0]LogConfig: Setting CVar [[r.SkyAtmosphere.AerialPerspectiveLUT.FastApplyOnOpaque:1 ; Always have FastSkyLUT 1 in this case to avoid wrong sky]]
[2022.03.09-04.33.09:315][  0]LogConfig: Setting CVar [[r.SkyAtmosphere.AerialPerspectiveLUT.SampleCountMaxPerSlice:4]]
[2022.03.09-04.33.09:315][  0]LogConfig: Setting CVar [[r.SkyAtmosphere.AerialPerspectiveLUT.DepthResolution:16.0]]
[2022.03.09-04.33.09:315][  0]LogConfig: Setting CVar [[r.SkyAtmosphere.FastSkyLUT:1]]
[2022.03.09-04.33.09:315][  0]LogConfig: Setting CVar [[r.SkyAtmosphere.FastSkyLUT.SampleCountMin:4.0]]
[2022.03.09-04.33.09:316][  0]LogConfig: Setting CVar [[r.SkyAtmosphere.FastSkyLUT.SampleCountMax:128.0]]
[2022.03.09-04.33.09:316][  0]LogConfig: Setting CVar [[r.SkyAtmosphere.SampleCountMin:4.0]]
[2022.03.09-04.33.09:316][  0]LogConfig: Setting CVar [[r.SkyAtmosphere.SampleCountMax:128.0]]
[2022.03.09-04.33.09:316][  0]LogConfig: Setting CVar [[r.SkyAtmosphere.TransmittanceLUT.UseSmallFormat:0]]
[2022.03.09-04.33.09:316][  0]LogConfig: Setting CVar [[r.SkyAtmosphere.TransmittanceLUT.SampleCount:10.0]]
[2022.03.09-04.33.09:316][  0]LogConfig: Setting CVar [[r.SkyAtmosphere.MultiScatteringLUT.SampleCount:15.0]]
[2022.03.09-04.33.09:316][  0]LogConfig: Setting CVar [[r.SkyLight.RealTimeReflectionCapture:1]]
[2022.03.09-04.33.09:316][  0]LogConfig: Applying CVar settings from Section [FoliageQuality@3] File [D:/Source Codes/Game Projects/DU/DU_Project/Saved/Config/Windows/Scalability.ini]
[2022.03.09-04.33.09:316][  0]LogConfig: Setting CVar [[foliage.DensityScale:1.0]]
[2022.03.09-04.33.09:316][  0]LogConfig: Setting CVar [[grass.DensityScale:1.0]]
[2022.03.09-04.33.09:316][  0]LogConfig: Applying CVar settings from Section [ShadingQuality@3] File [D:/Source Codes/Game Projects/DU/DU_Project/Saved/Config/Windows/Scalability.ini]
[2022.03.09-04.33.09:316][  0]LogConfig: Setting CVar [[r.HairStrands.SkyLighting.IntegrationType:2]]
[2022.03.09-04.33.09:317][  0]LogConfig: Setting CVar [[r.HairStrands.SkyAO.SampleCount:4]]
[2022.03.09-04.33.09:317][  0]LogConfig: Setting CVar [[r.HairStrands.Visibility.MSAA.SamplePerPixel:4]]
[2022.03.09-04.33.09:317][  0]LogInit: Selected Device Profile: [Windows]
[2022.03.09-04.33.09:317][  0]LogInit: Applying CVar settings loaded from the selected device profile: [Windows]
[2022.03.09-04.33.09:317][  0]LogHAL: Display: Platform has ~ 16 GB [16556589056 / 17179869184 / 16], which maps to Larger [LargestMinGB=32, LargerMinGB=12, DefaultMinGB=8, SmallerMinGB=6, SmallestMinGB=0)
[2022.03.09-04.33.09:317][  0]LogInit: Going up to parent DeviceProfile []
[2022.03.09-04.33.09:317][  0]LogConfig: Applying CVar settings from Section [ViewDistanceQuality@3] File [D:/Source Codes/Game Projects/DU/DU_Project/Saved/Config/Windows/Scalability.ini]
[2022.03.09-04.33.09:317][  0]LogConfig: Setting CVar [[r.SkeletalMeshLODBias:0]]
[2022.03.09-04.33.09:317][  0]LogConfig: Setting CVar [[r.ViewDistanceScale:1.0]]
[2022.03.09-04.33.09:317][  0]LogConfig: Applying CVar settings from Section [AntiAliasingQuality@3] File [D:/Source Codes/Game Projects/DU/DU_Project/Saved/Config/Windows/Scalability.ini]
[2022.03.09-04.33.09:318][  0]LogConfig: Setting CVar [[r.PostProcessAAQuality:4]]
[2022.03.09-04.33.09:318][  0]LogConfig: Applying CVar settings from Section [ShadowQuality@3] File [D:/Source Codes/Game Projects/DU/DU_Project/Saved/Config/Windows/Scalability.ini]
[2022.03.09-04.33.09:318][  0]LogConfig: Setting CVar [[r.LightFunctionQuality:1]]
[2022.03.09-04.33.09:318][  0]LogConfig: Setting CVar [[r.ShadowQuality:5]]
[2022.03.09-04.33.09:318][  0]LogConfig: Setting CVar [[r.Shadow.CSM.MaxCascades:10]]
[2022.03.09-04.33.09:318][  0]LogConfig: Setting CVar [[r.Shadow.MaxResolution:2048]]
[2022.03.09-04.33.09:318][  0]LogConfig: Setting CVar [[r.Shadow.MaxCSMResolution:2048]]
[2022.03.09-04.33.09:318][  0]LogConfig: Setting CVar [[r.Shadow.RadiusThreshold:0.01]]
[2022.03.09-04.33.09:318][  0]LogConfig: Setting CVar [[r.Shadow.DistanceScale:1.0]]
[2022.03.09-04.33.09:318][  0]LogConfig: Setting CVar [[r.Shadow.CSM.TransitionScale:1.0]]
[2022.03.09-04.33.09:319][  0]LogConfig: Setting CVar [[r.Shadow.PreShadowResolutionFactor:1.0]]
[2022.03.09-04.33.09:319][  0]LogConfig: Setting CVar [[r.DistanceFieldShadowing:1]]
[2022.03.09-04.33.09:319][  0]LogConfig: Setting CVar [[r.DistanceFieldAO:1]]
[2022.03.09-04.33.09:319][  0]LogConfig: Setting CVar [[r.AOQuality:2]]
[2022.03.09-04.33.09:319][  0]LogConfig: Setting CVar [[r.VolumetricFog:1]]
[2022.03.09-04.33.09:319][  0]LogConfig: Setting CVar [[r.VolumetricFog.GridPixelSize:8]]
[2022.03.09-04.33.09:319][  0]LogConfig: Setting CVar [[r.VolumetricFog.GridSizeZ:128]]
[2022.03.09-04.33.09:319][  0]LogConfig: Setting CVar [[r.VolumetricFog.HistoryMissSupersampleCount:4]]
[2022.03.09-04.33.09:319][  0]LogConfig: Setting CVar [[r.LightMaxDrawDistanceScale:1]]
[2022.03.09-04.33.09:319][  0]LogConfig: Setting CVar [[r.CapsuleShadows:1]]
[2022.03.09-04.33.09:319][  0]LogConfig: Applying CVar settings from Section [PostProcessQuality@3] File [D:/Source Codes/Game Projects/DU/DU_Project/Saved/Config/Windows/Scalability.ini]
[2022.03.09-04.33.09:319][  0]LogConfig: Setting CVar [[r.MotionBlurQuality:4]]
[2022.03.09-04.33.09:320][  0]LogConfig: Setting CVar [[r.AmbientOcclusionMipLevelFactor:0.4]]
[2022.03.09-04.33.09:320][  0]LogConfig: Setting CVar [[r.AmbientOcclusionMaxQuality:100]]
[2022.03.09-04.33.09:320][  0]LogConfig: Setting CVar [[r.AmbientOcclusionLevels:-1]]
[2022.03.09-04.33.09:320][  0]LogConfig: Setting CVar [[r.AmbientOcclusionRadiusScale:1.0]]
[2022.03.09-04.33.09:320][  0]LogConfig: Setting CVar [[r.DepthOfFieldQuality:2]]
[2022.03.09-04.33.09:320][  0]LogConfig: Setting CVar [[r.RenderTargetPoolMin:400]]
[2022.03.09-04.33.09:320][  0]LogConfig: Setting CVar [[r.LensFlareQuality:2]]
[2022.03.09-04.33.09:320][  0]LogConfig: Setting CVar [[r.SceneColorFringeQuality:1]]
[2022.03.09-04.33.09:320][  0]LogConfig: Setting CVar [[r.EyeAdaptationQuality:2]]
[2022.03.09-04.33.09:320][  0]LogConfig: Setting CVar [[r.BloomQuality:5]]
[2022.03.09-04.33.09:320][  0]LogConfig: Setting CVar [[r.FastBlurThreshold:100]]
[2022.03.09-04.33.09:320][  0]LogConfig: Setting CVar [[r.Upscale.Quality:3]]
[2022.03.09-04.33.09:321][  0]LogConfig: Setting CVar [[r.Tonemapper.GrainQuantization:1]]
[2022.03.09-04.33.09:321][  0]LogConfig: Setting CVar [[r.LightShaftQuality:1]]
[2022.03.09-04.33.09:321][  0]LogConfig: Setting CVar [[r.Filter.SizeScale:1]]
[2022.03.09-04.33.09:321][  0]LogConfig: Setting CVar [[r.Tonemapper.Quality:5]]
[2022.03.09-04.33.09:321][  0]LogConfig: Setting CVar [[r.DOF.Gather.AccumulatorQuality:1        ; higher gathering accumulator quality]]
[2022.03.09-04.33.09:321][  0]LogConfig: Setting CVar [[r.DOF.Gather.PostfilterMethod:1          ; Median3x3 postfilering method]]
[2022.03.09-04.33.09:321][  0]LogConfig: Setting CVar [[r.DOF.Gather.EnableBokehSettings:0       ; no bokeh simulation when gathering]]
[2022.03.09-04.33.09:321][  0]LogConfig: Setting CVar [[r.DOF.Gather.RingCount:4                 ; medium number of samples when gathering]]
[2022.03.09-04.33.09:321][  0]LogConfig: Setting CVar [[r.DOF.Scatter.ForegroundCompositing:1    ; additive foreground scattering]]
[2022.03.09-04.33.09:321][  0]LogConfig: Setting CVar [[r.DOF.Scatter.BackgroundCompositing:2    ; additive background scattering]]
[2022.03.09-04.33.09:321][  0]LogConfig: Setting CVar [[r.DOF.Scatter.EnableBokehSettings:1      ; bokeh simulation when scattering]]
[2022.03.09-04.33.09:322][  0]LogConfig: Setting CVar [[r.DOF.Scatter.MaxSpriteRatio:0.1         ; only a maximum of 10% of scattered bokeh]]
[2022.03.09-04.33.09:322][  0]LogConfig: Setting CVar [[r.DOF.Recombine.Quality:1                ; cheap slight out of focus]]
[2022.03.09-04.33.09:322][  0]LogConfig: Setting CVar [[r.DOF.Recombine.EnableBokehSettings:0    ; no bokeh simulation on slight out of focus]]
[2022.03.09-04.33.09:322][  0]LogConfig: Setting CVar [[r.DOF.TemporalAAQuality:1                ; more stable temporal accumulation]]
[2022.03.09-04.33.09:322][  0]LogConfig: Setting CVar [[r.DOF.Kernel.MaxForegroundRadius:0.025]]
[2022.03.09-04.33.09:322][  0]LogConfig: Setting CVar [[r.DOF.Kernel.MaxBackgroundRadius:0.025]]
[2022.03.09-04.33.09:322][  0]LogConfig: Applying CVar settings from Section [TextureQuality@3] File [D:/Source Codes/Game Projects/DU/DU_Project/Saved/Config/Windows/Scalability.ini]
[2022.03.09-04.33.09:322][  0]LogConfig: Setting CVar [[r.Streaming.MipBias:0]]
[2022.03.09-04.33.09:322][  0]LogConfig: Setting CVar [[r.Streaming.AmortizeCPUToGPUCopy:0]]
[2022.03.09-04.33.09:322][  0]LogConfig: Setting CVar [[r.Streaming.MaxNumTexturesToStreamPerFrame:0]]
[2022.03.09-04.33.09:322][  0]LogConfig: Setting CVar [[r.Streaming.Boost:1]]
[2022.03.09-04.33.09:323][  0]LogConfig: Setting CVar [[r.MaxAnisotropy:8]]
[2022.03.09-04.33.09:323][  0]LogConfig: Setting CVar [[r.VT.MaxAnisotropy:8]]
[2022.03.09-04.33.09:323][  0]LogConfig: Setting CVar [[r.Streaming.LimitPoolSizeToVRAM:0]]
[2022.03.09-04.33.09:323][  0]LogConfig: Setting CVar [[r.Streaming.PoolSize:1000]]
[2022.03.09-04.33.09:323][  0]LogConfig: Setting CVar [[r.Streaming.MaxEffectiveScreenSize:0]]
[2022.03.09-04.33.09:323][  0]LogConfig: Applying CVar settings from Section [EffectsQuality@3] File [D:/Source Codes/Game Projects/DU/DU_Project/Saved/Config/Windows/Scalability.ini]
[2022.03.09-04.33.09:323][  0]LogConfig: Setting CVar [[r.TranslucencyLightingVolumeDim:64]]
[2022.03.09-04.33.09:323][  0]LogConfig: Setting CVar [[r.RefractionQuality:2]]
[2022.03.09-04.33.09:323][  0]LogConfig: Setting CVar [[r.SSR.Quality:3]]
[2022.03.09-04.33.09:323][  0]LogConfig: Setting CVar [[r.SSR.HalfResSceneColor:0]]
[2022.03.09-04.33.09:323][  0]LogConfig: Setting CVar [[r.SceneColorFormat:4]]
[2022.03.09-04.33.09:323][  0]LogConfig: Setting CVar [[r.DetailMode:2]]
[2022.03.09-04.33.09:324][  0]LogConfig: Setting CVar [[r.TranslucencyVolumeBlur:1]]
[2022.03.09-04.33.09:324][  0]LogConfig: Setting CVar [[r.MaterialQualityLevel:1 ; High quality]]
[2022.03.09-04.33.09:324][  0]LogConfig: Setting CVar [[r.AnisotropicMaterials:1]]
[2022.03.09-04.33.09:324][  0]LogConfig: Setting CVar [[r.SSS.Scale:1]]
[2022.03.09-04.33.09:324][  0]LogConfig: Setting CVar [[r.SSS.SampleSet:2]]
[2022.03.09-04.33.09:324][  0]LogConfig: Setting CVar [[r.SSS.Quality:1]]
[2022.03.09-04.33.09:324][  0]LogConfig: Setting CVar [[r.SSS.HalfRes:0]]
[2022.03.09-04.33.09:324][  0]LogConfig: Setting CVar [[r.SSGI.Quality:3]]
[2022.03.09-04.33.09:324][  0]LogConfig: Setting CVar [[r.EmitterSpawnRateScale:1.0]]
[2022.03.09-04.33.09:324][  0]LogConfig: Setting CVar [[r.ParticleLightQuality:2]]
[2022.03.09-04.33.09:324][  0]LogConfig: Setting CVar [[r.SkyAtmosphere.AerialPerspectiveLUT.FastApplyOnOpaque:1 ; Always have FastSkyLUT 1 in this case to avoid wrong sky]]
[2022.03.09-04.33.09:325][  0]LogConfig: Setting CVar [[r.SkyAtmosphere.AerialPerspectiveLUT.SampleCountMaxPerSlice:4]]
[2022.03.09-04.33.09:325][  0]LogConfig: Setting CVar [[r.SkyAtmosphere.AerialPerspectiveLUT.DepthResolution:16.0]]
[2022.03.09-04.33.09:325][  0]LogConfig: Setting CVar [[r.SkyAtmosphere.FastSkyLUT:1]]
[2022.03.09-04.33.09:325][  0]LogConfig: Setting CVar [[r.SkyAtmosphere.FastSkyLUT.SampleCountMin:4.0]]
[2022.03.09-04.33.09:325][  0]LogConfig: Setting CVar [[r.SkyAtmosphere.FastSkyLUT.SampleCountMax:128.0]]
[2022.03.09-04.33.09:325][  0]LogConfig: Setting CVar [[r.SkyAtmosphere.SampleCountMin:4.0]]
[2022.03.09-04.33.09:325][  0]LogConfig: Setting CVar [[r.SkyAtmosphere.SampleCountMax:128.0]]
[2022.03.09-04.33.09:325][  0]LogConfig: Setting CVar [[r.SkyAtmosphere.TransmittanceLUT.UseSmallFormat:0]]
[2022.03.09-04.33.09:325][  0]LogConfig: Setting CVar [[r.SkyAtmosphere.TransmittanceLUT.SampleCount:10.0]]
[2022.03.09-04.33.09:325][  0]LogConfig: Setting CVar [[r.SkyAtmosphere.MultiScatteringLUT.SampleCount:15.0]]
[2022.03.09-04.33.09:325][  0]LogConfig: Setting CVar [[r.SkyLight.RealTimeReflectionCapture:1]]
[2022.03.09-04.33.09:326][  0]LogConfig: Applying CVar settings from Section [FoliageQuality@3] File [D:/Source Codes/Game Projects/DU/DU_Project/Saved/Config/Windows/Scalability.ini]
[2022.03.09-04.33.09:326][  0]LogConfig: Setting CVar [[foliage.DensityScale:1.0]]
[2022.03.09-04.33.09:326][  0]LogConfig: Setting CVar [[grass.DensityScale:1.0]]
[2022.03.09-04.33.09:326][  0]LogConfig: Applying CVar settings from Section [ShadingQuality@3] File [D:/Source Codes/Game Projects/DU/DU_Project/Saved/Config/Windows/Scalability.ini]
[2022.03.09-04.33.09:326][  0]LogConfig: Setting CVar [[r.HairStrands.SkyLighting.IntegrationType:2]]
[2022.03.09-04.33.09:326][  0]LogConfig: Setting CVar [[r.HairStrands.SkyAO.SampleCount:4]]
[2022.03.09-04.33.09:326][  0]LogConfig: Setting CVar [[r.HairStrands.Visibility.MSAA.SamplePerPixel:4]]
[2022.03.09-04.33.09:326][  0]LogConfig: Applying CVar settings from Section [Startup] File [../../../Engine/Config/ConsoleVariables.ini]
[2022.03.09-04.33.09:334][  0]LogConfig: Setting CVar [[net.UseAdaptiveNetUpdateFrequency:0]]
[2022.03.09-04.33.09:334][  0]LogConfig: Setting CVar [[p.chaos.AllowCreatePhysxBodies:1]]
[2022.03.09-04.33.09:334][  0]LogConfig: Setting CVar [[fx.SkipVectorVMBackendOptimizations:1]]
[2022.03.09-04.33.09:334][  0]LogConfig: Applying CVar settings from Section [ConsoleVariables] File [D:/Source Codes/Game Projects/DU/DU_Project/Saved/Config/Windows/Engine.ini]
[2022.03.09-04.33.09:335][  0]LogConfig: Applying CVar settings from Section [ConsoleVariables] File [D:/Source Codes/Game Projects/DU/DU_Project/Saved/Config/Windows/Editor.ini]
[2022.03.09-04.33.09:335][  0]LogInit: Computer: DESKTOP-KS9PT4L
[2022.03.09-04.33.09:335][  0]LogInit: User: mnei
[2022.03.09-04.33.09:335][  0]LogInit: CPU Page size=4096, Cores=8
[2022.03.09-04.33.09:335][  0]LogInit: High frequency timer resolution =10.000000 MHz
[2022.03.09-04.33.09:335][  0]LogMemory: Memory total: Physical=15.4GB (16GB approx)
[2022.03.09-04.33.09:335][  0]LogMemory: Platform Memory Stats for Windows
[2022.03.09-04.33.09:335][  0]LogMemory: Process Physical Memory: 146.19 MB used, 146.19 MB peak
[2022.03.09-04.33.09:335][  0]LogMemory: Process Virtual Memory: 128.94 MB used, 128.94 MB peak
[2022.03.09-04.33.09:336][  0]LogMemory: Physical Memory: 7743.18 MB used,  8046.42 MB free, 15789.59 MB total
[2022.03.09-04.33.09:336][  0]LogMemory: Virtual Memory: 134210992.00 MB used,  6736.82 MB free, 134217728.00 MB total
[2022.03.09-04.33.09:350][  0]LogWindows: WindowsPlatformFeatures enabled
[2022.03.09-04.33.09:940][  0]LogInit: Physics initialised using underlying interface: PhysX
[2022.03.09-04.33.09:942][  0]LogInit: Using OS detected language (ja-JP).
[2022.03.09-04.33.09:942][  0]LogInit: Using OS detected locale (ja-JP).
[2022.03.09-04.33.09:952][  0]LogTextLocalizationManager: No specific localization for 'ja-JP' exists, so the 'ja' localization will be used.
[2022.03.09-04.33.10:291][  0]LogInit: Setting process to per monitor DPI aware
[2022.03.09-04.33.10:389][  0]LogWindowsTextInputMethodSystem: Display: IME system deactivated.
[2022.03.09-04.33.10:551][  0]LogSlate: New Slate User Created.  User Index 0, Is Virtual User: 0
[2022.03.09-04.33.10:551][  0]LogSlate: Slate User Registered.  User Index 0, Is Virtual User: 0
[2022.03.09-04.33.16:251][  0]LogD3D11RHI: Loaded GFSDK_Aftermath_Lib.x64.dll
[2022.03.09-04.33.16:325][  0]LogHMD: Failed to initialize OpenVR with code 110
[2022.03.09-04.33.16:325][  0]LogD3D11RHI: D3D11 min allowed feature level: 11_0
[2022.03.09-04.33.16:325][  0]LogD3D11RHI: D3D11 max allowed feature level: 11_0
[2022.03.09-04.33.16:325][  0]LogD3D11RHI: D3D11 adapters:
[2022.03.09-04.33.16:618][  0]LogD3D11RHI:    0. 'NVIDIA GeForce RTX 2060 with Max-Q Design' (Feature Level 11_0)
[2022.03.09-04.33.16:618][  0]LogD3D11RHI:       5980/0/7894 MB DedicatedVideo/DedicatedSystem/SharedSystem, Outputs:1, VendorId:0x10de
[2022.03.09-04.33.16:751][  0]LogD3D11RHI:    1. 'AMD Radeon(TM) Graphics' (Feature Level 11_0)
[2022.03.09-04.33.16:751][  0]LogD3D11RHI:       496/0/7894 MB DedicatedVideo/DedicatedSystem/SharedSystem, Outputs:0, VendorId:0x1002
[2022.03.09-04.33.16:766][  0]LogD3D11RHI:    2. 'Microsoft Basic Render Driver' (Feature Level 11_0)
[2022.03.09-04.33.16:766][  0]LogD3D11RHI:       0/0/7894 MB DedicatedVideo/DedicatedSystem/SharedSystem, Outputs:0, VendorId:0x1414
[2022.03.09-04.33.16:766][  0]LogD3D11RHI: Chosen D3D11 Adapter:
[2022.03.09-04.33.16:766][  0]LogD3D11RHI:     Description : NVIDIA GeForce RTX 2060 with Max-Q Design
[2022.03.09-04.33.16:767][  0]LogD3D11RHI:     VendorId    : 10de
[2022.03.09-04.33.16:767][  0]LogD3D11RHI:     DeviceId    : 1f12
[2022.03.09-04.33.16:767][  0]LogD3D11RHI:     SubSysId    : 1f111043
[2022.03.09-04.33.16:767][  0]LogD3D11RHI:     Revision    : 00a1
[2022.03.09-04.33.16:767][  0]LogD3D11RHI:     DedicatedVideoMemory : 6270484480 bytes
[2022.03.09-04.33.16:767][  0]LogD3D11RHI:     DedicatedSystemMemory : 0 bytes
[2022.03.09-04.33.16:767][  0]LogD3D11RHI:     SharedSystemMemory : 8278294528 bytes
[2022.03.09-04.33.16:768][  0]LogD3D11RHI:     AdapterLuid : 0 67540
[2022.03.09-04.33.16:782][  0]LogD3D11RHI: Creating new Direct3DDevice
[2022.03.09-04.33.16:782][  0]LogD3D11RHI:     GPU DeviceId: 0x1f12 (for the marketing name, search the web for "GPU Device Id")
[2022.03.09-04.33.16:782][  0]LogWindows: EnumDisplayDevices:
[2022.03.09-04.33.16:783][  0]LogWindows:    0. 'AMD Radeon(TM) Graphics' (P:1 D:1)
[2022.03.09-04.33.16:784][  0]LogWindows:    1. 'AMD Radeon(TM) Graphics' (P:0 D:0)
[2022.03.09-04.33.16:785][  0]LogWindows:    2. 'AMD Radeon(TM) Graphics' (P:0 D:0)
[2022.03.09-04.33.16:787][  0]LogWindows:    3. 'AMD Radeon(TM) Graphics' (P:0 D:0)
[2022.03.09-04.33.16:788][  0]LogWindows:    4. 'NVIDIA GeForce RTX 2060 with Max-Q Design' (P:0 D:0)
[2022.03.09-04.33.16:789][  0]LogWindows:    5. 'NVIDIA GeForce RTX 2060 with Max-Q Design' (P:0 D:0)
[2022.03.09-04.33.16:790][  0]LogWindows:    6. 'NVIDIA GeForce RTX 2060 with Max-Q Design' (P:0 D:0)
[2022.03.09-04.33.16:791][  0]LogWindows:    7. 'NVIDIA GeForce RTX 2060 with Max-Q Design' (P:0 D:0)
[2022.03.09-04.33.16:792][  0]LogWindows: DebugString: PrimaryIsNotTheChoosenAdapter PrimaryIsNotTheChoosenAdapter PrimaryIsNotTheChoosenAdapter PrimaryIsNotTheChoosenAdapter FoundDriverCount:4 
[2022.03.09-04.33.16:792][  0]LogD3D11RHI:     Adapter Name: NVIDIA GeForce RTX 2060 with Max-Q Design
[2022.03.09-04.33.16:792][  0]LogD3D11RHI:   Driver Version: 496.49 (internal:30.0.14.9649, unified:496.49)
[2022.03.09-04.33.16:793][  0]LogD3D11RHI:      Driver Date: 10-20-2021
[2022.03.09-04.33.16:793][  0]LogRHI: Texture pool is 4186 MB (70% of 5980 MB)
[2022.03.09-04.33.16:793][  0]LogD3D11RHI: Creating D3DDevice using adapter:
[2022.03.09-04.33.16:793][  0]LogD3D11RHI:     Description : NVIDIA GeForce RTX 2060 with Max-Q Design
[2022.03.09-04.33.16:793][  0]LogD3D11RHI:     VendorId    : 10de
[2022.03.09-04.33.16:793][  0]LogD3D11RHI:     DeviceId    : 1f12
[2022.03.09-04.33.16:793][  0]LogD3D11RHI:     SubSysId    : 1f111043
[2022.03.09-04.33.16:794][  0]LogD3D11RHI:     Revision    : 00a1
[2022.03.09-04.33.16:794][  0]LogD3D11RHI:     DedicatedVideoMemory : 6270484480 bytes
[2022.03.09-04.33.16:794][  0]LogD3D11RHI:     DedicatedSystemMemory : 0 bytes
[2022.03.09-04.33.16:794][  0]LogD3D11RHI:     SharedSystemMemory : 8278294528 bytes
[2022.03.09-04.33.16:794][  0]LogD3D11RHI:     AdapterLuid : 0 67540
[2022.03.09-04.33.16:958][  0]LogD3D11RHI: RHI has support for 64 bit atomics
[2022.03.09-04.33.16:959][  0]LogD3D11RHI: Async texture creation enabled
[2022.03.09-04.33.16:959][  0]LogD3D11RHI: Array index from any shader is supported
[2022.03.09-04.33.17:002][  0]LogD3D11RHI: GPU Timing Frequency: 1000.000000 (Debug: 2 2)
[2022.03.09-04.33.17:195][  0]LogRHI: GeForceNow SDK initialized: 1
[2022.03.09-04.33.17:952][  0]LogTargetPlatformManager: Display: Loaded TargetPlatform 'AllDesktop'
[2022.03.09-04.33.18:043][  0]LogTargetPlatformManager: Display: Loaded TargetPlatform 'Android'
[2022.03.09-04.33.18:043][  0]LogTargetPlatformManager: Display: Loaded TargetPlatform 'Android_ASTC'
[2022.03.09-04.33.18:043][  0]LogTargetPlatformManager: Display: Loaded TargetPlatform 'Android_DXT'
[2022.03.09-04.33.18:043][  0]LogTargetPlatformManager: Display: Loaded TargetPlatform 'Android_ETC2'
[2022.03.09-04.33.18:043][  0]LogTargetPlatformManager: Display: Loaded TargetPlatform 'AndroidClient'
[2022.03.09-04.33.18:043][  0]LogTargetPlatformManager: Display: Loaded TargetPlatform 'Android_ASTCClient'
[2022.03.09-04.33.18:044][  0]LogTargetPlatformManager: Display: Loaded TargetPlatform 'Android_DXTClient'
[2022.03.09-04.33.18:044][  0]LogTargetPlatformManager: Display: Loaded TargetPlatform 'Android_ETC2Client'
[2022.03.09-04.33.18:044][  0]LogTargetPlatformManager: Display: Loaded TargetPlatform 'Android_Multi'
[2022.03.09-04.33.18:044][  0]LogTargetPlatformManager: Display: Loaded TargetPlatform 'Android_MultiClient'
[2022.03.09-04.33.18:208][  0]LogTargetPlatformManager: Display: Loaded TargetPlatform 'IOSClient'
[2022.03.09-04.33.18:208][  0]LogTargetPlatformManager: Display: Loaded TargetPlatform 'IOS'
[2022.03.09-04.33.18:291][  0]LogTargetPlatformManager: Display: Loaded TargetPlatform 'Linux'
[2022.03.09-04.33.18:347][  0]LogTargetPlatformManager: Display: Loaded TargetPlatform 'LinuxNoEditor'
[2022.03.09-04.33.18:395][  0]LogTargetPlatformManager: Display: Loaded TargetPlatform 'LinuxClient'
[2022.03.09-04.33.18:443][  0]LogTargetPlatformManager: Display: Loaded TargetPlatform 'LinuxServer'
[2022.03.09-04.33.18:509][  0]LogTargetPlatformManager: Display: Loaded TargetPlatform 'LinuxAArch64NoEditor'
[2022.03.09-04.33.18:564][  0]LogTargetPlatformManager: Display: Loaded TargetPlatform 'LinuxAArch64Client'
[2022.03.09-04.33.18:611][  0]LogTargetPlatformManager: Display: Loaded TargetPlatform 'LinuxAArch64Server'
[2022.03.09-04.33.18:711][  0]LogTargetPlatformManager: Display: Loaded TargetPlatform 'Lumin'
[2022.03.09-04.33.18:712][  0]LogTargetPlatformManager: Display: Loaded TargetPlatform 'LuminClient'
[2022.03.09-04.33.18:793][  0]LogTargetPlatformManager: Display: Loaded TargetPlatform 'MacNoEditor'
[2022.03.09-04.33.18:850][  0]LogTargetPlatformManager: Display: Loaded TargetPlatform 'Mac'
[2022.03.09-04.33.18:896][  0]LogTargetPlatformManager: Display: Loaded TargetPlatform 'MacClient'
[2022.03.09-04.33.18:951][  0]LogTargetPlatformManager: Display: Loaded TargetPlatform 'MacServer'
[2022.03.09-04.33.19:026][  0]LogTargetPlatformManager: Display: Loaded TargetPlatform 'TVOSClient'
[2022.03.09-04.33.19:026][  0]LogTargetPlatformManager: Display: Loaded TargetPlatform 'TVOS'
[2022.03.09-04.33.19:092][  0]LogTargetPlatformManager: Display: Loaded TargetPlatform 'WindowsNoEditor'
[2022.03.09-04.33.19:145][  0]LogTargetPlatformManager: Display: Loaded TargetPlatform 'Windows'
[2022.03.09-04.33.19:200][  0]LogTargetPlatformManager: Display: Loaded TargetPlatform 'WindowsClient'
[2022.03.09-04.33.19:251][  0]LogTargetPlatformManager: Display: Loaded TargetPlatform 'WindowsServer'
[2022.03.09-04.33.19:251][  0]LogTargetPlatformManager: Display: Building Assets For Windows
[2022.03.09-04.33.19:431][  0]LogAudioDebug: Display: Lib vorbis DLL was dynamically loaded.
[2022.03.09-04.33.19:928][  0]LogTextureFormatOodle: Display: Oodle Texture 2.9.0 init RDO Off
[2022.03.09-04.33.20:556][  0]LogRendererCore: Ray tracing is disabled. Reason: r.RayTracing=0.
[2022.03.09-04.33.20:556][  0]LogShaderCompilers: Guid format shader working directory is 2 characters bigger than the processId version (D:/Source Codes/Game Projects/DU/DU_Project/Intermediate/Shaders/WorkingDirectory/20468/).
[2022.03.09-04.33.20:557][  0]LogShaderCompilers: Cleaned the shader compiler working directory 'C:/Users/mne_i/AppData/Local/Temp/UnrealShaderWorkingDir/5EF4D75447270C96F6438AA0322CEEAD/'.
[2022.03.09-04.33.20:557][  0]LogXGEController: Cannot use XGE Controller as Incredibuild is not installed on this machine.
[2022.03.09-04.33.20:558][  0]LogShaderCompilers: Cannot use XGE Shader Compiler as Incredibuild is not installed on this machine.
[2022.03.09-04.33.20:558][  0]LogShaderCompilers: Display: Using Local Shader Compiler.
[2022.03.09-04.33.27:106][  0]LogDerivedDataCache: Display: Max Cache Size: 512 MB
[2022.03.09-04.33.27:194][  0]LogDerivedDataCache: Loaded boot cache 0.09s 94MB C:/Users/mne_i/AppData/Local/UnrealEngine/4.27/DerivedDataCache/Boot.ddc.
[2022.03.09-04.33.27:195][  0]LogDerivedDataCache: Display: Loaded Boot cache: C:/Users/mne_i/AppData/Local/UnrealEngine/4.27/DerivedDataCache/Boot.ddc
[2022.03.09-04.33.27:195][  0]LogDerivedDataCache: FDerivedDataBackendGraph:  Pak pak cache file D:/Source Codes/Game Projects/DU/DU_Project/DerivedDataCache/DDC.ddp not found, will not use a pak cache.
[2022.03.09-04.33.27:195][  0]LogDerivedDataCache: Unable to find inner node Pak for hierarchical cache Hierarchy.
[2022.03.09-04.33.27:195][  0]LogDerivedDataCache: FDerivedDataBackendGraph:  CompressedPak pak cache file D:/Source Codes/Game Projects/DU/DU_Project/DerivedDataCache/Compressed.ddp not found, will not use a pak cache.
[2022.03.09-04.33.27:195][  0]LogDerivedDataCache: Unable to find inner node CompressedPak for hierarchical cache Hierarchy.
[2022.03.09-04.33.27:260][  0]LogDerivedDataCache: Display: Pak cache opened for reading ../../../Engine/DerivedDataCache/Compressed.ddp.
[2022.03.09-04.33.27:260][  0]LogDerivedDataCache: FDerivedDataBackendGraph:  EnterprisePak pak cache file ../../../Enterprise/DerivedDataCache/Compressed.ddp not found, will not use a pak cache.
[2022.03.09-04.33.27:261][  0]LogDerivedDataCache: Unable to find inner node EnterprisePak for hierarchical cache Hierarchy.
[2022.03.09-04.33.27:387][  0]LogDerivedDataCache: Speed tests for C:/Users/mne_i/AppData/Local/UnrealEngine/Common/DerivedDataCache took 0.13 seconds
[2022.03.09-04.33.27:388][  0]LogDerivedDataCache: Display: Performance to C:/Users/mne_i/AppData/Local/UnrealEngine/Common/DerivedDataCache: Latency=0.13ms. RandomReadSpeed=9.53MBs, RandomWriteSpeed=33.97MBs. Assigned SpeedClass 'Local'
[2022.03.09-04.33.27:407][  0]LogDerivedDataCache: Using Local data cache path C:/Users/mne_i/AppData/Local/UnrealEngine/Common/DerivedDataCache: Writable
[2022.03.09-04.33.27:407][  0]LogDerivedDataCache: Shared data cache path not found in *engine.ini, will not use an Shared cache.
[2022.03.09-04.33.27:408][  0]LogDerivedDataCache: Unable to find inner node Shared for hierarchical cache Hierarchy.
[2022.03.09-04.33.27:561][  0]LogSlate: Using FreeType 2.10.0
[2022.03.09-04.33.27:589][  0]LogSlate: SlateFontServices - WITH_FREETYPE: 1, WITH_HARFBUZZ: 1
[2022.03.09-04.33.27:691][  0]LogAssetRegistry: FAssetRegistry took 0.0111 seconds to start up
[2022.03.09-04.33.28:318][  0]LogInit: Selected Device Profile: [Windows]
[2022.03.09-04.33.28:318][  0]LogInit: Active device profile: [000001D42751CD00][000001D424A164C0 49] Windows
[2022.03.09-04.33.28:318][  0]LogInit: Profiles: [000001D42751CD00][000001D424A164C0 49] Windows, [000001D4274DA300][000001D424B14600 49] WindowsNoEditor, [000001D42751DC00][000001D42543A740 49] WindowsServer, [000001D4274DB100][000001D4257448C0 49] WindowsClient, [000001D42751E900][000001D42574CA40 49] IOS, [000001D4274D9A00][000001D42575ABC0 49] iPadAir, [000001D42751FE00][000001D42575ED40 49] iPadAir2, [000001D427485000][000001D425767000 49] IPadPro, [000001D427485100][000001D425763040 49] iPadAir3, [000001D4274D8C00][000001D42576B1C0 49] iPadAir4, [000001D427485D00][000001D42507D340 49] iPadMini2, [000001D4274DB300][000001D4250814C0 49] iPadMini3, [000001D427487800][000001D425085640 49] iPadMini4, [000001D4274D9000][000001D424FC77C0 49] iPadMini5, [000001D4274BCA00][000001D425017A80 49] iPhone6, [000001D4274BCB00][000001D424FDFAC0 49] iPodTouch6, [000001D42751ED00][000001D42502A200 49] iPhone7, [000001D42751EE00][000001D425026240 49] iPodTouch7, [000001D427486300][000001D409EFA3C0 49] iPhone5S, [000001D42751D000][000001D409EFE540 49] iPhone6Plus, [000001D4274BC100][000001D425740680 49] iPhone6S, [000001D427484300][000001D4250EE7C0 49] iPhone6SPlus, [000001D4274BE900][000001D4250F2900 49] iPhone7Plus, [000001D427486100][000001D4250FAA80 49] iPhoneSE, [000001D4274BE700][000001D409F06C00 49] iPhone8, [000001D427484700][000001D409F28D80 49] iPhone8Plus, [000001D4274BF200][000001D42550EF00 49] iPhoneX, [000001D42751D500][000001D425513080 49] iPhoneXS, [000001D4274BEC00][000001D4250EB200 49] iPhoneXSMax, [000001D42751DA00][000001D409F03380 49] iPhoneXR, [000001D4274BC600][000001D425517500 49] iPhone11, [000001D42751EA00][000001D425023680 49] iPhone11Pro, [000001D4274BDB00][000001D42551B800 49] iPhone11ProMax, [000001D42751CF00][000001D42551F980 49] iPhoneSE2, [000001D4274BFB00][000001D425523B00 49] iPhone12Mini, [000001D42751E300][000001D425526100 49] iPhone12, [000001D4274BCC00][000001D42552A280 49] iPhone12Pro, [000001D42751FF00][000001D42552E400 49] iPhone12ProMax, [000001D4274BD600][000001D425532580 49] iPadPro105, [000001D42751C900][000001D4250B0700 49] iPadPro129, [000001D4274BFE00][000001D4250F6840 49] iPadPro97, [000001D42751F700][000001D4250B4980 49] iPadPro2_129, [000001D4274BED00][000001D4250B8AC0 49] iPad5, [000001D42751E100][000001D4250C0C40 49] iPad6, [000001D4274BD200][000001D4250C4DC0 49] iPad7, [000001D42751D100][000001D4250C8F40 49] iPad8, [000001D4274BC400][000001D4250CD0C0 49] iPadPro11, [000001D42751C700][000001D4250D1240 49] iPadPro2_11, [000001D4274BD700][000001D4250D53C0 49] iPadPro3_129, [000001D42751F800][000001D4250D9540 49] iPadPro4_129, [000001D4274BF300][000001D4250DD6C0 49] AppleTV, [000001D42751E600][000001D4250E1840 49] AppleTV4K, [000001D4274BEB00][000001D4250E59C0 49] TVOS, [000001D42751CA00][000001D425041B40 49] Mac, [000001D4274BD400][000001D425044140 49] MacClient, [000001D42751DD00][000001D4250482C0 49] MacNoEditor, [000001D4274BF600][000001D42504C440 49] MacServer, [000001D42751D200][000001D4250505C0 49] Linux, [000001D4274BDD00][000001D425054740 49] LinuxAArch64, [000001D42751EB00][000001D4250588C0 49] LinuxNoEditor, [000001D4274BE400][000001D4250BCA00 49] LinuxAArch64NoEditor, [000001D42751C600][000001D42505CB40 49] LinuxClient, [000001D4274BF800][000001D425060C80 49] LinuxAArch64Client, [000001D42751E700][000001D425064DC0 49] LinuxServer, [000001D4274BEA00][000001D42506CF40 49] LinuxAArch64Server, [000001D42751F400][000001D4250710C0 49] Android, [000001D4274BF400][000001D425075240 49] Android_Low, [000001D42751D600][000001D4250793C0 49] Android_Mid, [000001D4274BF900][000001D4231AB540 49] Android_High, [000001D42751FD00][000001D4231AF6C0 49] Android_Default, [000001D4274BE600][000001D4231B3840 49] Android_Adreno4xx, [000001D42751CE00][000001D4231B79C0 49] Android_Adreno5xx_Low, [000001D4274BD000][000001D4231BBB40 49] Android_Adreno5xx, [000001D42751D300][000001D4231BE140 49] Android_Adreno6xx, [000001D4274D8500][000001D4231C22C0 49] Android_Adreno6xx_Vulkan, [000001D427486000][000001D4231C6440 49] Android_Mali_T6xx, [000001D4274D8600][000001D4231CA5C0 49] Android_Mali_T7xx, [000001D427484100][000001D4231CE740 49] Android_Mali_T8xx, [000001D4274D8100][000001D4231D28C0 49] Android_Mali_G71, [000001D427487300][000001D4231D6A40 49] Android_Mali_G72, [000001D4274D9500][000001D425068B80 49] Android_Mali_G72_Vulkan, [000001D427485700][000001D4231DACC0 49] Android_Mali_G76, [000001D4274DB800][000001D4231DEE00 49] Android_Mali_G76_Vulkan, [000001D427486900][000001D4231E2F40 49] Android_Mali_G77, [000001D4274DBC00][000001D4231EB0C0 49] Android_Mali_G77_Vulkan, [000001D427485500][000001D4231EF240 49] Android_Mali_G78, [000001D4274DA200][000001D4231F33C0 49] Android_Mali_G78_Vulkan, [000001D427484400][000001D4231F7540 49] Android_Mali_G710, [000001D4274D8300][000001D422DA36C0 49] Android_Mali_G710_Vulkan, [000001D427484200][000001D422DA7840 49] Android_Vulkan_SM5, [000001D4274D8700][000001D422DAB9C0 49] Android_PowerVR_G6xxx, [000001D427486400][000001D422DAFB40 49] Android_PowerVR_GT7xxx, [000001D4274DA800][000001D422DB2140 49] Android_PowerVR_GE8xxx, [000001D427485400][000001D422DB62C0 49] Android_PowerVR_GM9xxx, [000001D4274D8200][000001D422DBA440 49] Android_PowerVR_GM9xxx_Vulkan, [000001D427486600][000001D422DBE5C0 49] Android_TegraK1, [000001D4274DBA00][000001D422DC2740 49] Android_Unknown_Vulkan, [000001D427487B00][000001D422DC68C0 49] Lumin, [000001D4274DBF00][000001D422DCAA40 49] Lumin_Desktop, [000001D427484B00][000001D422DCEBC0 49] HoloLens, 
[2022.03.09-04.33.29:389][  0]LogMeshReduction: Using QuadricMeshReduction for automatic static mesh reduction
[2022.03.09-04.33.29:390][  0]LogMeshReduction: Using SimplygonMeshReduction for automatic skeletal mesh reduction
[2022.03.09-04.33.29:390][  0]LogMeshReduction: Using ProxyLODMeshReduction for automatic mesh merging
[2022.03.09-04.33.29:390][  0]LogMeshReduction: No distributed automatic mesh merging module available
[2022.03.09-04.33.29:390][  0]LogMeshMerging: No distributed automatic mesh merging module available
[2022.03.09-04.33.29:533][  0]LogNetVersion: DU_Project 1.0.0, NetCL: 17155196, EngineNetVer: 17, GameNetVer: 0 (Checksum: 1046638791)
[2022.03.09-04.33.31:985][  0]LogTexture: Default maximum texture size for cubemaps generated from long-lat sources has been changed from 512 to unlimited. In order to preserve old behaiour for '/Engine/MapTemplates/Sky/DaylightAmbientCubemap.DaylightAmbientCubemap', its maximum texture size has been explicitly set to 512.
[2022.03.09-04.33.32:245][  0]LogHMD: PokeAHoleMaterial loaded successfully
[2022.03.09-04.33.32:258][  0]LogUObjectArray: 17178 objects as part of root set at end of initial load.
[2022.03.09-04.33.32:258][  0]LogUObjectAllocator: 4302048 out of 0 bytes used by permanent object pool.
[2022.03.09-04.33.32:258][  0]LogUObjectArray: CloseDisregardForGC: 0/0 objects in disregard for GC pool
[2022.03.09-04.33.34:403][  0]LogNiagaraDebuggerClient: Niagara Debugger Client Initialized | Session: C689EB1444CFC73B9E879B8AE5854414 | Instance: 94FDF375493AAE8459469F88214800F3 (DESKTOP-KS9PT4L-20468).
[2022.03.09-04.33.35:650][  0]LogTcpMessaging: Initializing TcpMessaging bridge
[2022.03.09-04.33.35:717][  0]LogUdpMessaging: Initializing bridge on interface 0.0.0.0:0 to multicast group 230.0.0.1:6666.
[2022.03.09-04.33.35:850][  0]LogPython: Using Python 3.7.7
[2022.03.09-04.33.41:436][  0]SourceControl: ソースコントロールは無効です
[2022.03.09-04.33.41:437][  0]SourceControl: ソースコントロールは無効です
[2022.03.09-04.33.41:475][  0]SourceControl: ソースコントロールは無効です
[2022.03.09-04.33.41:512][  0]SourceControl: ソースコントロールは無効です
[2022.03.09-04.33.41:568][  0]SourceControl: ソースコントロールは無効です
[2022.03.09-04.33.41:623][  0]LogUProjectInfo: Found projects:
[2022.03.09-04.33.42:800][  0]LogOpenImageDenoise: OIDN starting up
[2022.03.09-04.33.43:103][  0]LogAndroidPermission: UAndroidPermissionCallbackProxy::GetInstance
[2022.03.09-04.33.43:276][  0]LogAudioCaptureCore: Display: No Audio Capture implementations found. Audio input will be silent.
[2022.03.09-04.33.43:276][  0]LogAudioCaptureCore: Display: No Audio Capture implementations found. Audio input will be silent.
[2022.03.09-04.33.44:707][  0]LogOcInput: OculusInput pre-init called
[2022.03.09-04.33.45:526][  0]LogCollectionManager: Loaded 0 collections in 0.004777 seconds
[2022.03.09-04.33.45:857][  0]LogFileCache: Scanning file cache for directory 'D:/Source Codes/Game Projects/DU/DU_Project/Saved/Collections/' took 0.00s
[2022.03.09-04.33.45:858][  0]LogFileCache: Scanning file cache for directory 'D:/Source Codes/Game Projects/DU/DU_Project/Content/Developers/mnei/Collections/' took 0.01s
[2022.03.09-04.33.45:858][  0]LogFileCache: Scanning file cache for directory 'D:/Source Codes/Game Projects/DU/DU_Project/Content/Collections/' took 0.01s
[2022.03.09-04.33.45:978][  0]LogEngine: Initializing Engine...
[2022.03.09-04.33.46:082][  0]LogHMD: Failed to enumerate extensions. Please check that you have a valid OpenXR runtime installed.
[2022.03.09-04.33.46:083][  0]LogHMD: Failed to initialize OpenVR with code 110
[2022.03.09-04.33.46:084][  0]LogMagicLeap: Warning: VR disabled because ZI is not enabled.  To enable, in the editor, Edit -> Project Settings -> Plugins -> Magic Leap Plugin -> Enable Zero Iteration
[2022.03.09-04.33.46:087][  0]LogStats: UGameplayTagsManager::InitializeManager -  0.000 s
[2022.03.09-04.33.46:760][  0]LogInit: Initializing FReadOnlyCVARCache
[2022.03.09-04.33.46:822][  0]LogAIModule: Creating AISystem for world Untitled
[2022.03.09-04.33.46:823][  0]LogAudio: Display: Initializing Audio Device Manager...
[2022.03.09-04.33.46:868][  0]LogAudio: Display: Loading Default Audio Settings Objects...
[2022.03.09-04.33.46:878][  0]LogAudio: Display: No default SoundConcurrencyObject specified (or failed to load).
[2022.03.09-04.33.46:879][  0]LogAudio: Display: Audio Device Manager Initialized
[2022.03.09-04.33.46:879][  0]LogAudio: Display: Creating Audio Device:                 Id: 1, Scope: Shared, Realtime: True
[2022.03.09-04.33.46:879][  0]LogAudioMixer: Display: Audio Mixer Platform Settings:
[2022.03.09-04.33.46:879][  0]LogAudioMixer: Display: 	Sample Rate:						  48000
[2022.03.09-04.33.46:879][  0]LogAudioMixer: Display: 	Callback Buffer Frame Size Requested: 1024
[2022.03.09-04.33.46:880][  0]LogAudioMixer: Display: 	Callback Buffer Frame Size To Use:	  1024
[2022.03.09-04.33.46:880][  0]LogAudioMixer: Display: 	Number of buffers to queue:			  2
[2022.03.09-04.33.46:880][  0]LogAudioMixer: Display: 	Max Channels (voices):				  32
[2022.03.09-04.33.46:880][  0]LogAudioMixer: Display: 	Number of Async Source Workers:		  0
[2022.03.09-04.33.46:880][  0]LogAudio: Display: AudioDevice MaxSources: 32
[2022.03.09-04.33.46:881][  0]LogAudio: Display: Audio Spatialization Plugin: None (built-in).
[2022.03.09-04.33.46:881][  0]LogAudio: Display: Audio Reverb Plugin: None (built-in).
[2022.03.09-04.33.46:881][  0]LogAudio: Display: Audio Occlusion Plugin: None (built-in).
[2022.03.09-04.33.46:882][  0]LogAudioMixer: Display: Initializing audio mixer.
[2022.03.09-04.33.46:995][  0]LogAudioMixer: Display: 0: FrontLeft
[2022.03.09-04.33.46:995][  0]LogAudioMixer: Display: 1: FrontRight
[2022.03.09-04.33.47:271][  0]LogAudioMixer: Display: Using Audio Device スピーカー (Realtek(R) Audio)
[2022.03.09-04.33.47:272][  0]LogAudioMixer: Display: Initializing Sound Submixes...
[2022.03.09-04.33.47:318][  0]LogAudioMixer: Display: Creating Master Submix 'MasterSubmixDefault'
[2022.03.09-04.33.47:318][  0]LogAudioMixer: Display: Creating Master Submix 'MasterReverbSubmixDefault'
[2022.03.09-04.33.47:320][  0]LogAudioMixer: Display: Creating Master Submix 'MasterEQSubmixDefault'
[2022.03.09-04.33.47:321][  0]LogAudioMixer: FMixerPlatformXAudio2::StartAudioStream() called
[2022.03.09-04.33.47:321][  0]LogAudioMixer: Display: Output buffers initialized: Frames=1024, Channels=2, Samples=2048
[2022.03.09-04.33.47:325][  0]LogAudioMixer: Display: Starting AudioMixerPlatformInterface::RunInternal()
[2022.03.09-04.33.47:326][  0]LogAudioMixer: Display: FMixerPlatformXAudio2::SubmitBuffer() called for the first time
[2022.03.09-04.33.47:326][  0]LogInit: FAudioDevice initialized.
[2022.03.09-04.33.47:326][  0]LogAudio: Display: Audio Device (ID: 1) registered with world 'Untitled'.
[2022.03.09-04.33.47:327][  0]LogNetVersion: Set ProjectVersion to 1.0.0.0. Version Checksum will be recalculated on next use.
[2022.03.09-04.33.47:443][  0]LogDerivedDataCache: Saved boot cache 0.12s 94MB C:/Users/mne_i/AppData/Local/UnrealEngine/4.27/DerivedDataCache/Boot.ddc.
[2022.03.09-04.33.47:447][  0]LogInit: Texture streaming: Enabled
[2022.03.09-04.33.47:596][  0]LogAnalytics: Display: [UEEditor.Rocket.Release] APIServer = https://datarouter.ol.epicgames.com/. AppVersion = 4.27.2-18319896+++UE4+Release-4.27
[2022.03.09-04.33.47:641][  0]LogEngineSessionManager: EngineSessionManager initialized
[2022.03.09-04.33.47:642][  0]LogEditorSessionSummary: Verbose: Initializing EditorSessionSummaryWriter for editor session tracking
[2022.03.09-04.33.47:648][  0]LogEditorSessionSummary: EditorSessionSummaryWriter initialized
[2022.03.09-04.33.47:797][  0]LogInit: Transaction tracking system initialized
[2022.03.09-04.33.48:129][  0]BlueprintLog: New page: エディタの読み込み
[2022.03.09-04.33.48:903][  0]LocalizationService: ローカライズのサービスが無効になりました
[2022.03.09-04.33.49:257][  0]TimingProfiler: Initialize
[2022.03.09-04.33.49:258][  0]TimingProfiler: OnSessionChanged
[2022.03.09-04.33.49:258][  0]LoadingProfiler: Initialize
[2022.03.09-04.33.49:258][  0]LoadingProfiler: OnSessionChanged
[2022.03.09-04.33.49:258][  0]NetworkingProfiler: Initialize
[2022.03.09-04.33.49:259][  0]NetworkingProfiler: OnSessionChanged
[2022.03.09-04.33.49:259][  0]MemoryProfiler: Initialize
[2022.03.09-04.33.49:259][  0]MemoryProfiler: OnSessionChanged
[2022.03.09-04.33.50:680][  0]LogCook: Display: CookSettings for Memory: MemoryMaxUsedVirtual 0MiB, MemoryMaxUsedPhysical 16384MiB, MemoryMinFreeVirtual 0MiB, MemoryMinFreePhysical 1024MiB
[2022.03.09-04.33.50:681][  0]LogFileCache: Scanning file cache for directory 'D:/Source Codes/Game Projects/DU/DU_Project/Content/' took 0.01s
[2022.03.09-04.33.50:681][  0]LogCook: Display: Mobile HDR setting 1
[2022.03.09-04.33.53:246][  0]LogInit: Display: Engine is initialized. Leaving FEngineLoop::Init()
[2022.03.09-04.33.53:254][  0]SourceControl: ソースコントロールは無効です
[2022.03.09-04.33.53:254][  0]LogUnrealEdMisc: Loading editor; pre map load, took 52.155
[2022.03.09-04.33.53:255][  0]Cmd: MAP LOAD FILE="../../../Engine/Content/Maps/Templates/Template_Default.umap" TEMPLATE=1 SHOWPROGRESS=1 FEATURELEVEL=3
[2022.03.09-04.33.53:263][  0]LightingResults: New page: ライティングのビルド
[2022.03.09-04.33.53:266][  0]LogWorld: UWorld::CleanupWorld for Untitled, bSessionEnded=true, bCleanupResources=true
[2022.03.09-04.33.53:266][  0]LogSlate: InvalidateAllWidgets triggered.  All widgets were invalidated
[2022.03.09-04.33.53:267][  0]MapCheck: New page: マップをチェック
[2022.03.09-04.33.53:267][  0]LightingResults: New page: <何も選択されていません>
[2022.03.09-04.33.53:274][  0]LogAudio: Display: Audio Device unregistered from world 'None'.
[2022.03.09-04.33.53:282][  0]LogUObjectHash: Compacting FUObjectHashTables data took   2.20ms
[2022.03.09-04.33.53:506][  0]LogTexture: Display: テクスチャをビルドしています:DeprecatedTextureEB9CBE3C423008B5E8E130901E171C89 (BGRA8、128X128)
[2022.03.09-04.33.53:520][  0]LogAudio: Display: Audio Device (ID: 1) registered with world 'Untitled_1'.
[2022.03.09-04.33.53:522][  0]LogAIModule: Creating AISystem for world Untitled_1
[2022.03.09-04.33.53:538][  0]LogEditorServer: Finished looking for orphan Actors (0.000 secs)
[2022.03.09-04.33.53:550][  0]LogUObjectHash: Compacting FUObjectHashTables data took   1.78ms
[2022.03.09-04.33.53:551][  0]Cmd: MAP CHECKDEP NOCLEARLOG
[2022.03.09-04.33.53:551][  0]MapCheck: マップチェックが完了: 0 エラー、 0 警告、完了に 0.163ミリ秒かかりました。
[2022.03.09-04.33.53:551][  0]LogFileHelpers: Loading map 'Template_Default' took 0.297
[2022.03.09-04.33.53:554][  0]LogUnrealEdMisc: Total Editor Startup Time, took 52.456
[2022.03.09-04.33.53:726][  0]LogSlate: Updating window title bar state: overlay mode, drag disabled, window buttons hidden, title bar hidden
[2022.03.09-04.33.53:737][  0]LogSlate: Updating window title bar state: overlay mode, drag disabled, window buttons hidden, title bar hidden
[2022.03.09-04.33.53:748][  0]LogSlate: Updating window title bar state: overlay mode, drag disabled, window buttons hidden, title bar hidden
[2022.03.09-04.33.53:759][  0]LogSlate: Updating window title bar state: overlay mode, drag disabled, window buttons hidden, title bar hidden
[2022.03.09-04.33.53:799][  0]LogNativeClassHierarchy: Verbose: Native class hierarchy populated in 0.0228 seconds. Added 3823 classes and 930 folders.
[2022.03.09-04.33.53:804][  0]LogNativeClassHierarchy: Verbose: Native class hierarchy updated for 'WidgetCarousel' in 0.0005 seconds. Added 0 classes and 0 folders.
[2022.03.09-04.33.53:818][  0]LogPakFile: PakFile PrimaryIndexSize=187
[2022.03.09-04.33.53:818][  0]LogPakFile: PakFile PathHashIndexSize=101
[2022.03.09-04.33.53:818][  0]LogPakFile: PakFile FullDirectoryIndexSize=148
[2022.03.09-04.33.53:818][  0]LogShaderLibrary: Display: ShaderCodeLibraryPakFileMountedCallback: PakFile 'C:/Program Files/Epic Games/UE_4.27/FeaturePacks/FP_FirstPerson.upack' (chunk index -1, root 'root:/') mounted
[2022.03.09-04.33.53:818][  0]LogShaderLibrary: Display: ShaderCodeLibraryPakFileMountedCallback: pending pak file info (ChunkID:-1 Root:root:/ File:C:/Program Files/Epic Games/UE_4.27/FeaturePacks/FP_FirstPerson.upack)
[2022.03.09-04.33.53:818][  0]LogPakFile: OnPakFileMounted2Time == 0.000311
[2022.03.09-04.33.53:830][  0]LogPakFile: PakFile PrimaryIndexSize=189
[2022.03.09-04.33.53:830][  0]LogPakFile: PakFile PathHashIndexSize=101
[2022.03.09-04.33.53:830][  0]LogPakFile: PakFile FullDirectoryIndexSize=152
[2022.03.09-04.33.53:830][  0]LogShaderLibrary: Display: ShaderCodeLibraryPakFileMountedCallback: PakFile 'C:/Program Files/Epic Games/UE_4.27/FeaturePacks/FP_FirstPersonBP.upack' (chunk index -1, root 'root:/') mounted
[2022.03.09-04.33.53:831][  0]LogShaderLibrary: Display: ShaderCodeLibraryPakFileMountedCallback: pending pak file info (ChunkID:-1 Root:root:/ File:C:/Program Files/Epic Games/UE_4.27/FeaturePacks/FP_FirstPersonBP.upack)
[2022.03.09-04.33.53:831][  0]LogPakFile: OnPakFileMounted2Time == 0.000354
[2022.03.09-04.33.53:838][  0]LogPakFile: PakFile PrimaryIndexSize=191
[2022.03.09-04.33.53:839][  0]LogPakFile: PakFile PathHashIndexSize=101
[2022.03.09-04.33.53:839][  0]LogPakFile: PakFile FullDirectoryIndexSize=160
[2022.03.09-04.33.53:839][  0]LogShaderLibrary: Display: ShaderCodeLibraryPakFileMountedCallback: PakFile 'C:/Program Files/Epic Games/UE_4.27/FeaturePacks/MobileStarterContent.upack' (chunk index -1, root 'root:/') mounted
[2022.03.09-04.33.53:839][  0]LogShaderLibrary: Display: ShaderCodeLibraryPakFileMountedCallback: pending pak file info (ChunkID:-1 Root:root:/ File:C:/Program Files/Epic Games/UE_4.27/FeaturePacks/MobileStarterContent.upack)
[2022.03.09-04.33.53:839][  0]LogPakFile: OnPakFileMounted2Time == 0.000323
[2022.03.09-04.33.53:847][  0]LogPakFile: PakFile PrimaryIndexSize=185
[2022.03.09-04.33.53:847][  0]LogPakFile: PakFile PathHashIndexSize=101
[2022.03.09-04.33.53:847][  0]LogPakFile: PakFile FullDirectoryIndexSize=148
[2022.03.09-04.33.53:847][  0]LogShaderLibrary: Display: ShaderCodeLibraryPakFileMountedCallback: PakFile 'C:/Program Files/Epic Games/UE_4.27/FeaturePacks/StarterContent.upack' (chunk index -1, root 'root:/') mounted
[2022.03.09-04.33.53:848][  0]LogShaderLibrary: Display: ShaderCodeLibraryPakFileMountedCallback: pending pak file info (ChunkID:-1 Root:root:/ File:C:/Program Files/Epic Games/UE_4.27/FeaturePacks/StarterContent.upack)
[2022.03.09-04.33.53:848][  0]LogPakFile: OnPakFileMounted2Time == 0.000262
[2022.03.09-04.33.53:855][  0]LogPakFile: PakFile PrimaryIndexSize=190
[2022.03.09-04.33.53:856][  0]LogPakFile: PakFile PathHashIndexSize=101
[2022.03.09-04.33.53:856][  0]LogPakFile: PakFile FullDirectoryIndexSize=154
[2022.03.09-04.33.53:856][  0]LogShaderLibrary: Display: ShaderCodeLibraryPakFileMountedCallback: PakFile 'C:/Program Files/Epic Games/UE_4.27/FeaturePacks/TP_2DSideScroller.upack' (chunk index -1, root 'root:/') mounted
[2022.03.09-04.33.53:856][  0]LogShaderLibrary: Display: ShaderCodeLibraryPakFileMountedCallback: pending pak file info (ChunkID:-1 Root:root:/ File:C:/Program Files/Epic Games/UE_4.27/FeaturePacks/TP_2DSideScroller.upack)
[2022.03.09-04.33.53:856][  0]LogPakFile: OnPakFileMounted2Time == 0.000265
[2022.03.09-04.33.53:864][  0]LogPakFile: PakFile PrimaryIndexSize=192
[2022.03.09-04.33.53:865][  0]LogPakFile: PakFile PathHashIndexSize=101
[2022.03.09-04.33.53:865][  0]LogPakFile: PakFile FullDirectoryIndexSize=158
[2022.03.09-04.33.53:865][  0]LogShaderLibrary: Display: ShaderCodeLibraryPakFileMountedCallback: PakFile 'C:/Program Files/Epic Games/UE_4.27/FeaturePacks/TP_2DSideScrollerBP.upack' (chunk index -1, root 'root:/') mounted
[2022.03.09-04.33.53:865][  0]LogShaderLibrary: Display: ShaderCodeLibraryPakFileMountedCallback: pending pak file info (ChunkID:-1 Root:root:/ File:C:/Program Files/Epic Games/UE_4.27/FeaturePacks/TP_2DSideScrollerBP.upack)
[2022.03.09-04.33.53:865][  0]LogPakFile: OnPakFileMounted2Time == 0.000230
[2022.03.09-04.33.53:872][  0]LogPakFile: PakFile PrimaryIndexSize=182
[2022.03.09-04.33.53:873][  0]LogPakFile: PakFile PathHashIndexSize=101
[2022.03.09-04.33.53:873][  0]LogPakFile: PakFile FullDirectoryIndexSize=138
[2022.03.09-04.33.53:873][  0]LogShaderLibrary: Display: ShaderCodeLibraryPakFileMountedCallback: PakFile 'C:/Program Files/Epic Games/UE_4.27/FeaturePacks/TP_Flying.upack' (chunk index -1, root 'root:/') mounted
[2022.03.09-04.33.53:873][  0]LogShaderLibrary: Display: ShaderCodeLibraryPakFileMountedCallback: pending pak file info (ChunkID:-1 Root:root:/ File:C:/Program Files/Epic Games/UE_4.27/FeaturePacks/TP_Flying.upack)
[2022.03.09-04.33.53:873][  0]LogPakFile: OnPakFileMounted2Time == 0.000322
[2022.03.09-04.33.53:882][  0]LogPakFile: PakFile PrimaryIndexSize=184
[2022.03.09-04.33.53:882][  0]LogPakFile: PakFile PathHashIndexSize=101
[2022.03.09-04.33.53:882][  0]LogPakFile: PakFile FullDirectoryIndexSize=142
[2022.03.09-04.33.53:883][  0]LogShaderLibrary: Display: ShaderCodeLibraryPakFileMountedCallback: PakFile 'C:/Program Files/Epic Games/UE_4.27/FeaturePacks/TP_FlyingBP.upack' (chunk index -1, root 'root:/') mounted
[2022.03.09-04.33.53:883][  0]LogShaderLibrary: Display: ShaderCodeLibraryPakFileMountedCallback: pending pak file info (ChunkID:-1 Root:root:/ File:C:/Program Files/Epic Games/UE_4.27/FeaturePacks/TP_FlyingBP.upack)
[2022.03.09-04.33.53:883][  0]LogPakFile: OnPakFileMounted2Time == 0.000292
[2022.03.09-04.33.53:892][  0]LogPakFile: PakFile PrimaryIndexSize=188
[2022.03.09-04.33.53:892][  0]LogPakFile: PakFile PathHashIndexSize=101
[2022.03.09-04.33.53:892][  0]LogPakFile: PakFile FullDirectoryIndexSize=150
[2022.03.09-04.33.53:892][  0]LogShaderLibrary: Display: ShaderCodeLibraryPakFileMountedCallback: PakFile 'C:/Program Files/Epic Games/UE_4.27/FeaturePacks/TP_HandheldARBP.upack' (chunk index -1, root 'root:/') mounted
[2022.03.09-04.33.53:892][  0]LogShaderLibrary: Display: ShaderCodeLibraryPakFileMountedCallback: pending pak file info (ChunkID:-1 Root:root:/ File:C:/Program Files/Epic Games/UE_4.27/FeaturePacks/TP_HandheldARBP.upack)
[2022.03.09-04.33.53:892][  0]LogPakFile: OnPakFileMounted2Time == 0.000318
[2022.03.09-04.33.53:901][  0]LogPakFile: PakFile PrimaryIndexSize=182
[2022.03.09-04.33.53:901][  0]LogPakFile: PakFile PathHashIndexSize=101
[2022.03.09-04.33.53:901][  0]LogPakFile: PakFile FullDirectoryIndexSize=138
[2022.03.09-04.33.53:901][  0]LogShaderLibrary: Display: ShaderCodeLibraryPakFileMountedCallback: PakFile 'C:/Program Files/Epic Games/UE_4.27/FeaturePacks/TP_Puzzle.upack' (chunk index -1, root 'root:/') mounted
[2022.03.09-04.33.53:901][  0]LogShaderLibrary: Display: ShaderCodeLibraryPakFileMountedCallback: pending pak file info (ChunkID:-1 Root:root:/ File:C:/Program Files/Epic Games/UE_4.27/FeaturePacks/TP_Puzzle.upack)
[2022.03.09-04.33.53:901][  0]LogPakFile: OnPakFileMounted2Time == 0.000319
[2022.03.09-04.33.53:910][  0]LogPakFile: PakFile PrimaryIndexSize=184
[2022.03.09-04.33.53:910][  0]LogPakFile: PakFile PathHashIndexSize=101
[2022.03.09-04.33.53:910][  0]LogPakFile: PakFile FullDirectoryIndexSize=142
[2022.03.09-04.33.53:911][  0]LogShaderLibrary: Display: ShaderCodeLibraryPakFileMountedCallback: PakFile 'C:/Program Files/Epic Games/UE_4.27/FeaturePacks/TP_PuzzleBP.upack' (chunk index -1, root 'root:/') mounted
[2022.03.09-04.33.53:911][  0]LogShaderLibrary: Display: ShaderCodeLibraryPakFileMountedCallback: pending pak file info (ChunkID:-1 Root:root:/ File:C:/Program Files/Epic Games/UE_4.27/FeaturePacks/TP_PuzzleBP.upack)
[2022.03.09-04.33.53:911][  0]LogPakFile: OnPakFileMounted2Time == 0.000462
[2022.03.09-04.33.53:919][  0]LogPakFile: PakFile PrimaryIndexSize=183
[2022.03.09-04.33.53:920][  0]LogPakFile: PakFile PathHashIndexSize=101
[2022.03.09-04.33.53:920][  0]LogPakFile: PakFile FullDirectoryIndexSize=140
[2022.03.09-04.33.53:920][  0]LogShaderLibrary: Display: ShaderCodeLibraryPakFileMountedCallback: PakFile 'C:/Program Files/Epic Games/UE_4.27/FeaturePacks/TP_Rolling.upack' (chunk index -1, root 'root:/') mounted
[2022.03.09-04.33.53:920][  0]LogShaderLibrary: Display: ShaderCodeLibraryPakFileMountedCallback: pending pak file info (ChunkID:-1 Root:root:/ File:C:/Program Files/Epic Games/UE_4.27/FeaturePacks/TP_Rolling.upack)
[2022.03.09-04.33.53:921][  0]LogPakFile: OnPakFileMounted2Time == 0.000466
[2022.03.09-04.33.53:928][  0]LogPakFile: PakFile PrimaryIndexSize=185
[2022.03.09-04.33.53:928][  0]LogPakFile: PakFile PathHashIndexSize=101
[2022.03.09-04.33.53:928][  0]LogPakFile: PakFile FullDirectoryIndexSize=144
[2022.03.09-04.33.53:929][  0]LogShaderLibrary: Display: ShaderCodeLibraryPakFileMountedCallback: PakFile 'C:/Program Files/Epic Games/UE_4.27/FeaturePacks/TP_RollingBP.upack' (chunk index -1, root 'root:/') mounted
[2022.03.09-04.33.53:929][  0]LogShaderLibrary: Display: ShaderCodeLibraryPakFileMountedCallback: pending pak file info (ChunkID:-1 Root:root:/ File:C:/Program Files/Epic Games/UE_4.27/FeaturePacks/TP_RollingBP.upack)
[2022.03.09-04.33.53:929][  0]LogPakFile: OnPakFileMounted2Time == 0.000250
[2022.03.09-04.33.53:936][  0]LogPakFile: PakFile PrimaryIndexSize=188
[2022.03.09-04.33.53:936][  0]LogPakFile: PakFile PathHashIndexSize=101
[2022.03.09-04.33.53:936][  0]LogPakFile: PakFile FullDirectoryIndexSize=150
[2022.03.09-04.33.53:936][  0]LogShaderLibrary: Display: ShaderCodeLibraryPakFileMountedCallback: PakFile 'C:/Program Files/Epic Games/UE_4.27/FeaturePacks/TP_SideScroller.upack' (chunk index -1, root 'root:/') mounted
[2022.03.09-04.33.53:937][  0]LogShaderLibrary: Display: ShaderCodeLibraryPakFileMountedCallback: pending pak file info (ChunkID:-1 Root:root:/ File:C:/Program Files/Epic Games/UE_4.27/FeaturePacks/TP_SideScroller.upack)
[2022.03.09-04.33.53:937][  0]LogPakFile: OnPakFileMounted2Time == 0.000221
[2022.03.09-04.33.53:944][  0]LogPakFile: PakFile PrimaryIndexSize=190
[2022.03.09-04.33.53:945][  0]LogPakFile: PakFile PathHashIndexSize=101
[2022.03.09-04.33.53:945][  0]LogPakFile: PakFile FullDirectoryIndexSize=154
[2022.03.09-04.33.53:945][  0]LogShaderLibrary: Display: ShaderCodeLibraryPakFileMountedCallback: PakFile 'C:/Program Files/Epic Games/UE_4.27/FeaturePacks/TP_SideScrollerBP.upack' (chunk index -1, root 'root:/') mounted
[2022.03.09-04.33.53:945][  0]LogShaderLibrary: Display: ShaderCodeLibraryPakFileMountedCallback: pending pak file info (ChunkID:-1 Root:root:/ File:C:/Program Files/Epic Games/UE_4.27/FeaturePacks/TP_SideScrollerBP.upack)
[2022.03.09-04.33.53:945][  0]LogPakFile: OnPakFileMounted2Time == 0.000250
[2022.03.09-04.33.53:953][  0]LogPakFile: PakFile PrimaryIndexSize=187
[2022.03.09-04.33.53:953][  0]LogPakFile: PakFile PathHashIndexSize=101
[2022.03.09-04.33.53:953][  0]LogPakFile: PakFile FullDirectoryIndexSize=148
[2022.03.09-04.33.53:953][  0]LogShaderLibrary: Display: ShaderCodeLibraryPakFileMountedCallback: PakFile 'C:/Program Files/Epic Games/UE_4.27/FeaturePacks/TP_ThirdPerson.upack' (chunk index -1, root 'root:/') mounted
[2022.03.09-04.33.53:953][  0]LogShaderLibrary: Display: ShaderCodeLibraryPakFileMountedCallback: pending pak file info (ChunkID:-1 Root:root:/ File:C:/Program Files/Epic Games/UE_4.27/FeaturePacks/TP_ThirdPerson.upack)
[2022.03.09-04.33.53:953][  0]LogPakFile: OnPakFileMounted2Time == 0.000271
[2022.03.09-04.33.53:962][  0]LogPakFile: PakFile PrimaryIndexSize=189
[2022.03.09-04.33.53:962][  0]LogPakFile: PakFile PathHashIndexSize=101
[2022.03.09-04.33.53:962][  0]LogPakFile: PakFile FullDirectoryIndexSize=152
[2022.03.09-04.33.53:962][  0]LogShaderLibrary: Display: ShaderCodeLibraryPakFileMountedCallback: PakFile 'C:/Program Files/Epic Games/UE_4.27/FeaturePacks/TP_ThirdPersonBP.upack' (chunk index -1, root 'root:/') mounted
[2022.03.09-04.33.53:962][  0]LogShaderLibrary: Display: ShaderCodeLibraryPakFileMountedCallback: pending pak file info (ChunkID:-1 Root:root:/ File:C:/Program Files/Epic Games/UE_4.27/FeaturePacks/TP_ThirdPersonBP.upack)
[2022.03.09-04.33.53:962][  0]LogPakFile: OnPakFileMounted2Time == 0.000261
[2022.03.09-04.33.53:970][  0]LogPakFile: PakFile PrimaryIndexSize=183
[2022.03.09-04.33.53:970][  0]LogPakFile: PakFile PathHashIndexSize=101
[2022.03.09-04.33.53:970][  0]LogPakFile: PakFile FullDirectoryIndexSize=140
[2022.03.09-04.33.53:971][  0]LogShaderLibrary: Display: ShaderCodeLibraryPakFileMountedCallback: PakFile 'C:/Program Files/Epic Games/UE_4.27/FeaturePacks/TP_TopDown.upack' (chunk index -1, root 'root:/') mounted
[2022.03.09-04.33.53:971][  0]LogShaderLibrary: Display: ShaderCodeLibraryPakFileMountedCallback: pending pak file info (ChunkID:-1 Root:root:/ File:C:/Program Files/Epic Games/UE_4.27/FeaturePacks/TP_TopDown.upack)
[2022.03.09-04.33.53:971][  0]LogPakFile: OnPakFileMounted2Time == 0.000294
[2022.03.09-04.33.53:978][  0]LogPakFile: PakFile PrimaryIndexSize=185
[2022.03.09-04.33.53:979][  0]LogPakFile: PakFile PathHashIndexSize=101
[2022.03.09-04.33.53:979][  0]LogPakFile: PakFile FullDirectoryIndexSize=144
[2022.03.09-04.33.53:979][  0]LogShaderLibrary: Display: ShaderCodeLibraryPakFileMountedCallback: PakFile 'C:/Program Files/Epic Games/UE_4.27/FeaturePacks/TP_TopDownBP.upack' (chunk index -1, root 'root:/') mounted
[2022.03.09-04.33.53:979][  0]LogShaderLibrary: Display: ShaderCodeLibraryPakFileMountedCallback: pending pak file info (ChunkID:-1 Root:root:/ File:C:/Program Files/Epic Games/UE_4.27/FeaturePacks/TP_TopDownBP.upack)
[2022.03.09-04.33.53:979][  0]LogPakFile: OnPakFileMounted2Time == 0.000264
[2022.03.09-04.33.53:993][  0]LogPakFile: PakFile PrimaryIndexSize=185
[2022.03.09-04.33.53:993][  0]LogPakFile: PakFile PathHashIndexSize=101
[2022.03.09-04.33.53:993][  0]LogPakFile: PakFile FullDirectoryIndexSize=144
[2022.03.09-04.33.53:993][  0]LogShaderLibrary: Display: ShaderCodeLibraryPakFileMountedCallback: PakFile 'C:/Program Files/Epic Games/UE_4.27/FeaturePacks/TP_TwinStick.upack' (chunk index -1, root 'root:/') mounted
[2022.03.09-04.33.53:993][  0]LogShaderLibrary: Display: ShaderCodeLibraryPakFileMountedCallback: pending pak file info (ChunkID:-1 Root:root:/ File:C:/Program Files/Epic Games/UE_4.27/FeaturePacks/TP_TwinStick.upack)
[2022.03.09-04.33.53:994][  0]LogPakFile: OnPakFileMounted2Time == 0.000296
[2022.03.09-04.33.54:004][  0]LogPakFile: PakFile PrimaryIndexSize=187
[2022.03.09-04.33.54:004][  0]LogPakFile: PakFile PathHashIndexSize=101
[2022.03.09-04.33.54:005][  0]LogPakFile: PakFile FullDirectoryIndexSize=148
[2022.03.09-04.33.54:005][  0]LogShaderLibrary: Display: ShaderCodeLibraryPakFileMountedCallback: PakFile 'C:/Program Files/Epic Games/UE_4.27/FeaturePacks/TP_TwinStickBP.upack' (chunk index -1, root 'root:/') mounted
[2022.03.09-04.33.54:005][  0]LogShaderLibrary: Display: ShaderCodeLibraryPakFileMountedCallback: pending pak file info (ChunkID:-1 Root:root:/ File:C:/Program Files/Epic Games/UE_4.27/FeaturePacks/TP_TwinStickBP.upack)
[2022.03.09-04.33.54:005][  0]LogPakFile: OnPakFileMounted2Time == 0.000323
[2022.03.09-04.33.54:015][  0]LogPakFile: PakFile PrimaryIndexSize=183
[2022.03.09-04.33.54:015][  0]LogPakFile: PakFile PathHashIndexSize=101
[2022.03.09-04.33.54:015][  0]LogPakFile: PakFile FullDirectoryIndexSize=140
[2022.03.09-04.33.54:015][  0]LogShaderLibrary: Display: ShaderCodeLibraryPakFileMountedCallback: PakFile 'C:/Program Files/Epic Games/UE_4.27/FeaturePacks/TP_Vehicle.upack' (chunk index -1, root 'root:/') mounted
[2022.03.09-04.33.54:015][  0]LogShaderLibrary: Display: ShaderCodeLibraryPakFileMountedCallback: pending pak file info (ChunkID:-1 Root:root:/ File:C:/Program Files/Epic Games/UE_4.27/FeaturePacks/TP_Vehicle.upack)
[2022.03.09-04.33.54:015][  0]LogPakFile: OnPakFileMounted2Time == 0.000255
[2022.03.09-04.33.54:024][  0]LogPakFile: PakFile PrimaryIndexSize=186
[2022.03.09-04.33.54:024][  0]LogPakFile: PakFile PathHashIndexSize=101
[2022.03.09-04.33.54:024][  0]LogPakFile: PakFile FullDirectoryIndexSize=146
[2022.03.09-04.33.54:024][  0]LogShaderLibrary: Display: ShaderCodeLibraryPakFileMountedCallback: PakFile 'C:/Program Files/Epic Games/UE_4.27/FeaturePacks/TP_VehicleAdv.upack' (chunk index -1, root 'root:/') mounted
[2022.03.09-04.33.54:024][  0]LogShaderLibrary: Display: ShaderCodeLibraryPakFileMountedCallback: pending pak file info (ChunkID:-1 Root:root:/ File:C:/Program Files/Epic Games/UE_4.27/FeaturePacks/TP_VehicleAdv.upack)
[2022.03.09-04.33.54:024][  0]LogPakFile: OnPakFileMounted2Time == 0.000139
[2022.03.09-04.33.54:029][  0]LogPakFile: PakFile PrimaryIndexSize=188
[2022.03.09-04.33.54:029][  0]LogPakFile: PakFile PathHashIndexSize=101
[2022.03.09-04.33.54:029][  0]LogPakFile: PakFile FullDirectoryIndexSize=150
[2022.03.09-04.33.54:029][  0]LogShaderLibrary: Display: ShaderCodeLibraryPakFileMountedCallback: PakFile 'C:/Program Files/Epic Games/UE_4.27/FeaturePacks/TP_VehicleAdvBP.upack' (chunk index -1, root 'root:/') mounted
[2022.03.09-04.33.54:030][  0]LogShaderLibrary: Display: ShaderCodeLibraryPakFileMountedCallback: pending pak file info (ChunkID:-1 Root:root:/ File:C:/Program Files/Epic Games/UE_4.27/FeaturePacks/TP_VehicleAdvBP.upack)
[2022.03.09-04.33.54:030][  0]LogPakFile: OnPakFileMounted2Time == 0.000287
[2022.03.09-04.33.54:035][  0]LogPakFile: PakFile PrimaryIndexSize=185
[2022.03.09-04.33.54:035][  0]LogPakFile: PakFile PathHashIndexSize=101
[2022.03.09-04.33.54:036][  0]LogPakFile: PakFile FullDirectoryIndexSize=144
[2022.03.09-04.33.54:036][  0]LogShaderLibrary: Display: ShaderCodeLibraryPakFileMountedCallback: PakFile 'C:/Program Files/Epic Games/UE_4.27/FeaturePacks/TP_VehicleBP.upack' (chunk index -1, root 'root:/') mounted
[2022.03.09-04.33.54:036][  0]LogShaderLibrary: Display: ShaderCodeLibraryPakFileMountedCallback: pending pak file info (ChunkID:-1 Root:root:/ File:C:/Program Files/Epic Games/UE_4.27/FeaturePacks/TP_VehicleBP.upack)
[2022.03.09-04.33.54:036][  0]LogPakFile: OnPakFileMounted2Time == 0.000281
[2022.03.09-04.33.54:045][  0]LogPakFile: PakFile PrimaryIndexSize=192
[2022.03.09-04.33.54:045][  0]LogPakFile: PakFile PathHashIndexSize=101
[2022.03.09-04.33.54:045][  0]LogPakFile: PakFile FullDirectoryIndexSize=158
[2022.03.09-04.33.54:045][  0]LogShaderLibrary: Display: ShaderCodeLibraryPakFileMountedCallback: PakFile 'C:/Program Files/Epic Games/UE_4.27/FeaturePacks/TP_VirtualRealityBP.upack' (chunk index -1, root 'root:/') mounted
[2022.03.09-04.33.54:045][  0]LogShaderLibrary: Display: ShaderCodeLibraryPakFileMountedCallback: pending pak file info (ChunkID:-1 Root:root:/ File:C:/Program Files/Epic Games/UE_4.27/FeaturePacks/TP_VirtualRealityBP.upack)
[2022.03.09-04.33.54:046][  0]LogPakFile: OnPakFileMounted2Time == 0.000393
[2022.03.09-04.33.54:328][  0]LogNativeClassHierarchy: Verbose: Native class hierarchy updated for 'AddContentDialog' in 0.0005 seconds. Added 0 classes and 0 folders.
[2022.03.09-04.33.54:330][  0]LogNativeClassHierarchy: Verbose: Native class hierarchy updated for 'SceneOutliner' in 0.0005 seconds. Added 2 classes and 0 folders.
[2022.03.09-04.33.54:466][  0]LogSlate: Took 0.011368 seconds to synchronously load lazily loaded font '../../../Engine/Content/Slate/Fonts/Roboto-Regular.ttf' (155K)
[2022.03.09-04.33.54:479][  0]LogSlate: Took 0.011039 seconds to synchronously load lazily loaded font '../../../Engine/Content/Editor/Slate/Fonts/GenEiGothicPro-Regular.otf' (707K)
[2022.03.09-04.33.54:493][  0]LogSlate: Took 0.012936 seconds to synchronously load lazily loaded font '../../../Engine/Content/Editor/Slate/Fonts/FontAwesome.ttf' (139K)
[2022.03.09-04.33.54:506][  0]LogSlate: Took 0.011307 seconds to synchronously load lazily loaded font '../../../Engine/Content/Editor/Slate/Fonts/GenEiGothicPro-Bold.otf' (698K)
[2022.03.09-04.33.54:516][  0]LogSlate: Took 0.010459 seconds to synchronously load lazily loaded font '../../../Engine/Content/Slate/Fonts/Roboto-Bold.ttf' (160K)
[2022.03.09-04.33.54:918][  0]LogRenderer: Reallocating scene render targets to support 1040x580 Format 10 NumSamples 1 (Frame:1).
[2022.03.09-04.33.55:261][  0]LogNativeClassHierarchy: Verbose: Native class hierarchy updated for 'HierarchicalLODOutliner' in 0.0007 seconds. Added 0 classes and 0 folders.
[2022.03.09-04.33.55:262][  0]LogLoad: (Engine Initialization) Total time: 54.16 seconds
[2022.03.09-04.33.55:262][  0]LogLoad: (Engine Initialization) Total Blueprint compile time: 0.00 seconds
[2022.03.09-04.33.55:343][  0]LogContentStreaming: Texture pool size now 1000 MB
[2022.03.09-04.33.55:486][  1]LogAssetRegistry: Asset discovery search completed in 27.8018 seconds
[2022.03.09-04.33.55:542][  1]LogCollectionManager: Fixed up redirectors for 0 collections in 0.000005 seconds (updated 0 objects)
[2022.03.09-04.36.08:570][977]LogAudioMixer: Warning: Changing default audio render device to new device: {0.0.0.00000000}.{7e610130-db3a-4474-8633-d7bbe9deb168}.
[2022.03.09-04.36.08:570][977]LogAudioMixer: Resetting audio stream to device id 
[2022.03.09-04.36.08:625][977]LogAudioMixer: Display: 0: FrontLeft
[2022.03.09-04.36.08:625][977]LogAudioMixer: Display: 1: FrontRight
[2022.03.09-04.49.26:425][582]LogWindowsTextInputMethodSystem: Display: IME system activated using TSF (Microsoft IME).
[2022.03.09-04.49.26:607][584]LogSlate: Took 0.011461 seconds to synchronously load lazily loaded font '../../../Engine/Content/Slate/Fonts/Roboto-Light.ttf' (167K)
[2022.03.09-04.49.31:828][712]LogSlate: Took 0.000315 seconds to synchronously load lazily loaded font '../../../Engine/Content/Slate/Fonts/Roboto-Light.ttf' (167K)
[2022.03.09-04.49.31:903][712]LogEditorClassViewer: Warning: Class /Engine/Tutorial/InWorldBlueprintEditing/TutorialAssets/IWBE_Blutility.IWBE_Blutility_C has parent /Script/Blutility.PlacedEditorUtilityBase, but this parent is not found. The Class will not be shown in ClassViewer.
[2022.03.09-04.49.31:918][712]LogSlate: Took 0.011183 seconds to synchronously load lazily loaded font '../../../Engine/Content/Editor/Slate/Fonts/GenEiGothicPro-Light.otf' (713K)
[2022.03.09-04.49.32:076][712]LogSlate: Took 0.015649 seconds to synchronously load lazily loaded font '../../../Engine/Content/Editor/Slate/Fonts/GenEiGothicPro-SemiBold.otf' (703K)
[2022.03.09-04.49.32:087][712]LogSlate: Took 0.010024 seconds to synchronously load lazily loaded font '../../../Engine/Content/Slate/Fonts/Roboto-BoldCondensed.ttf' (158K)
[2022.03.09-04.49.32:821][727]LogSlate: Took 0.017502 seconds to synchronously load lazily loaded font '../../../Engine/Content/Editor/Slate/Fonts/GenEiGothicPro-Heavy.otf' (704K)
[2022.03.09-04.49.32:837][727]LogSlate: Took 0.015661 seconds to synchronously load lazily loaded font '../../../Engine/Content/Slate/Fonts/DroidSansFallback.ttf' (3848K)
[2022.03.09-04.49.51:872][ 96]Running C:/Program Files/Epic Games/UE_4.27/Engine/Binaries/DotNET/UnrealBuildTool.exe  -projectfiles -project="D:/Source Codes/Game Projects/DU/DU_Project/DU_Project.uproject" -game -rocket -progress
[2022.03.09-04.49.52:685][ 96]Discovering modules, targets and source code for project...
[2022.03.09-04.49.59:845][ 96]Binding IntelliSense data...
[2022.03.09-04.50.19:033][ 96]Binding IntelliSense data... 50%
[2022.03.09-04.50.19:035][ 96]Binding IntelliSense data... 100%
[2022.03.09-04.50.19:035][ 96]Writing project files...
[2022.03.09-04.50.29:235][ 96]Writing project files... 67%
[2022.03.09-04.50.29:235][ 96]Writing project files... 100%
[2022.03.09-04.50.29:428][ 96]Candidate modules for hot reload:
[2022.03.09-04.50.29:428][ 96]  DU_Project
[2022.03.09-04.50.29:428][ 96]Launching UnrealBuildTool... [C:/Program Files/Epic Games/UE_4.27/Engine/Binaries/DotNET/UnrealBuildTool.exe  -ModuleWithSuffix=DU_Project,0245 DU_ProjectEditor Win64 Development -Project="D:/Source Codes/Game Projects/DU/DU_Project/DU_Project.uproject" "D:/Source Codes/Game Projects/DU/DU_Project/DU_Project.uproject"  -IgnoreJunk]
[2022.03.09-04.51.01:590][ 96]CompilerResultsLog: New page: コンパイル - 2022/03/09 22:51:01
[2022.03.09-04.51.01:591][ 96]CompilerResultsLog: Creating makefile for DU_ProjectEditor (no existing makefile)
[2022.03.09-04.51.01:591][ 96]CompilerResultsLog: Parsing headers for DU_ProjectEditor
[2022.03.09-04.51.01:591][ 96]CompilerResultsLog:   Running UnrealHeaderTool "D:\Source Codes\Game Projects\DU\DU_Project\DU_Project.uproject" "D:\Source Codes\Game Projects\DU\DU_Project\Intermediate\Build\Win64\DU_ProjectEditor\Development\DU_ProjectEditor.uhtmanifest" -LogCmds="loginit warning, logexit warning, logdatabase error" -Unattended -WarningsAsErrors -abslog="C:\Users\mne_i\AppData\Local\UnrealBuildTool\Log_UHT.txt" -installed
[2022.03.09-04.51.01:591][ 96]CompilerResultsLog: LogInit: Display: Loading text-based GConfig....
[2022.03.09-04.51.01:592][ 96]CompilerResultsLog: Reflection code generated for DU_ProjectEditor in 23.4739677 seconds
[2022.03.09-04.51.01:592][ 96]CompilerResultsLog: Building DU_ProjectEditor...
[2022.03.09-04.51.01:592][ 96]CompilerResultsLog: Using Visual Studio 2022 14.30.30705 toolchain (C:\Program Files\Microsoft Visual Studio\2022\Community\VC\Tools\MSVC\14.30.30705) and Windows 10.0.19041.0 SDK (C:\Program Files (x86)\Windows Kits\10).
[2022.03.09-04.51.01:592][ 96]CompilerResultsLog: Building 9 actions with 16 processes...
[2022.03.09-04.51.01:592][ 96]CompilerResultsLog:   [1/9] DUPlayer.cpp
[2022.03.09-04.51.01:593][ 96]CompilerResultsLog:   D:\Source Codes\Game Projects\DU\DU_Project\Source\DU_Project\Player\DUPlayer.cpp(4): fatal error C1083: include ?t?@?C?????J???܂????B'Player/DUPlayer.h':No such file or directory
[2022.03.09-04.51.01:593][ 96]CompilerResultsLog:   [2/9] DU_Project.cpp
[2022.03.09-04.51.01:593][ 96]CompilerResultsLog:   [3/9] DU_Project.init.gen.cpp
[2022.03.09-04.51.01:593][ 96]CompilerResultsLog:   [4/9] DU_ProjectGameModeBase.cpp
[2022.03.09-04.51.01:593][ 96]CompilerResultsLog:   [5/9] DU_ProjectGameModeBase.gen.cpp
[2022.03.09-04.51.01:594][ 96]CompilerResultsLog:   [6/9] DUPlayer.gen.cpp
[2022.03.09-04.51.01:594][ 96]LogMainFrame: MainFrame: Module compiling took 32.213 seconds
[2022.03.09-04.51.01:625][ 96]Warning: HotReload failed, recompile failed
[2022.03.09-04.51.01:625][ 96]Warning: RebindPackages failed because compilation failed.
